Started by user [8mha:AAAAlx+LCAAAAAAAAP9b85aBtbiIQTGjNKU4P08vOT+vOD8nVc83PyU1x6OyILUoJzMv2y+/JJUBAhiZGBgqihhk0NSjKDWzXb3RdlLBUSYGJk8GtpzUvPSSDB8G5tKinBIGIZ+sxLJE/ZzEvHT94JKizLx0a6BxUmjGOUNodHsLgAyWEgZu/dLi1CL9xJTczDwAZ3pnlMAAAAA=[0mjeff
Building in workspace /var/lib/jenkins/workspace/searchengine
 > git rev-parse --is-inside-work-tree # timeout=10
Fetching changes from the remote Git repository
 > git config remote.origin.url https://github.com/jeffwmair/searchengine.git # timeout=10
Fetching upstream changes from https://github.com/jeffwmair/searchengine.git
 > git --version # timeout=10
 > git -c core.askpass=true fetch --tags --progress https://github.com/jeffwmair/searchengine.git +refs/heads/*:refs/remotes/origin/*
 > git rev-parse refs/remotes/origin/master^{commit} # timeout=10
 > git rev-parse refs/remotes/origin/origin/master^{commit} # timeout=10
Checking out Revision b006d7a998aa061e596701466bf8b0bcf94e0044 (refs/remotes/origin/master)
 > git config core.sparsecheckout # timeout=10
 > git checkout -f b006d7a998aa061e596701466bf8b0bcf94e0044
 > git rev-list b006d7a998aa061e596701466bf8b0bcf94e0044 # timeout=10
[searchengine] $ mvn compile test integration-test
[INFO] Scanning for projects...
[INFO]                                                                         
[INFO] ------------------------------------------------------------------------
[INFO] Building SearchEngine 1.0
[INFO] ------------------------------------------------------------------------
[INFO] 
[8mha:AAAAYB+LCAAAAAAAAP9b85aBtbiIQSmjNKU4P0+vJLE4u1gvPjexLDVPzxdEGvvmZ+X75ZekLlOVfvTjc8FPJgaGiiIGKaiG5Py84vycVD1nCA1SyAABjCCFBQCV27OjYAAAAA==[0m[INFO] --- maven-resources-plugin:2.6:resources (default-resources) @ SearchEngine ---
[INFO] Using 'UTF-8' encoding to copy filtered resources.
[INFO] Copying 2 resources
[INFO] 
[8mha:AAAAYB+LCAAAAAAAAP9b85aBtbiIQSmjNKU4P0+vJLE4u1gvPjexLDVPzxdEGvvmZ+X75ZekLlOVfvTjc8FPJgaGiiIGKaiG5Py84vycVD1nCA1SyAABjCCFBQCV27OjYAAAAA==[0m[INFO] --- maven-compiler-plugin:2.1:compile (default-compile) @ SearchEngine ---
[INFO] Nothing to compile - all classes are up to date
[INFO] 
[8mha:AAAAYB+LCAAAAAAAAP9b85aBtbiIQSmjNKU4P0+vJLE4u1gvPjexLDVPzxdEGvvmZ+X75ZekLlOVfvTjc8FPJgaGiiIGKaiG5Py84vycVD1nCA1SyAABjCCFBQCV27OjYAAAAA==[0m[INFO] --- maven-resources-plugin:2.6:resources (default-resources) @ SearchEngine ---
[INFO] Using 'UTF-8' encoding to copy filtered resources.
[INFO] Copying 2 resources
[INFO] 
[8mha:AAAAYB+LCAAAAAAAAP9b85aBtbiIQSmjNKU4P0+vJLE4u1gvPjexLDVPzxdEGvvmZ+X75ZekLlOVfvTjc8FPJgaGiiIGKaiG5Py84vycVD1nCA1SyAABjCCFBQCV27OjYAAAAA==[0m[INFO] --- maven-compiler-plugin:2.1:compile (default-compile) @ SearchEngine ---
[INFO] Nothing to compile - all classes are up to date
[INFO] 
[8mha:AAAAYB+LCAAAAAAAAP9b85aBtbiIQSmjNKU4P0+vJLE4u1gvPjexLDVPzxdEGvvmZ+X75ZekLlOVfvTjc8FPJgaGiiIGKaiG5Py84vycVD1nCA1SyAABjCCFBQCV27OjYAAAAA==[0m[INFO] --- maven-resources-plugin:2.6:testResources (default-testResources) @ SearchEngine ---
[INFO] Using 'UTF-8' encoding to copy filtered resources.
[INFO] skip non existing resourceDirectory /var/lib/jenkins/workspace/searchengine/src/test/resources
[INFO] 
[8mha:AAAAYB+LCAAAAAAAAP9b85aBtbiIQSmjNKU4P0+vJLE4u1gvPjexLDVPzxdEGvvmZ+X75ZekLlOVfvTjc8FPJgaGiiIGKaiG5Py84vycVD1nCA1SyAABjCCFBQCV27OjYAAAAA==[0m[INFO] --- maven-compiler-plugin:2.1:testCompile (default-testCompile) @ SearchEngine ---
[INFO] Nothing to compile - all classes are up to date
[INFO] 
[8mha:AAAAYB+LCAAAAAAAAP9b85aBtbiIQSmjNKU4P0+vJLE4u1gvPjexLDVPzxdEGvvmZ+X75ZekLlOVfvTjc8FPJgaGiiIGKaiG5Py84vycVD1nCA1SyAABjCCFBQCV27OjYAAAAA==[0m[INFO] --- maven-surefire-plugin:2.9:test (default-test) @ SearchEngine ---
[INFO] Tests are skipped.
[INFO] 
[8mha:AAAAYB+LCAAAAAAAAP9b85aBtbiIQSmjNKU4P0+vJLE4u1gvPjexLDVPzxdEGvvmZ+X75ZekLlOVfvTjc8FPJgaGiiIGKaiG5Py84vycVD1nCA1SyAABjCCFBQCV27OjYAAAAA==[0m[INFO] --- maven-surefire-plugin:2.9:test (run-unit-test) @ SearchEngine ---
[INFO] Surefire report directory: /var/lib/jenkins/workspace/searchengine/target/surefire-reports

-------------------------------------------------------
 T E S T S
-------------------------------------------------------
Running com.jwm.ir.index.crawler.UrlUtilsTest
Tests run: 10, Failures: 0, Errors: 0, Skipped: 0, Time elapsed: 0.324 sec
Running com.jwm.ir.index.crawler.UrlFeedTest
2016-08-28 03:41:10,320 DEBUG [com.jwm.ir.index.crawler.UrlFeed] - (main) Fetching urls from the db.  Putting onto the queue.
2016-08-28 03:41:10,328 DEBUG [com.jwm.ir.index.crawler.UrlFeed] - (main) Fetched 2 urls from the db.  Putting onto the queue.
Tests run: 1, Failures: 0, Errors: 0, Skipped: 0, Time elapsed: 0.245 sec
Running com.jwm.ir.index.crawler.ResourceFetcherTest
Tests run: 1, Failures: 0, Errors: 0, Skipped: 0, Time elapsed: 0.002 sec
Running com.jwm.ir.index.service.ServiceImplTest
2016-08-28 03:41:10,533 DEBUG [com.jwm.ir.index.service.ServiceImpl] - (main) Beginning to add url for crawling:www.google.com/a; parentUrlwww.google.com/b
2016-08-28 03:41:10,535 WARN [com.jwm.ir.index.service.ServiceImpl] - (main) Page with url 'www.google.com/a' already exists in the database, so not adding
2016-08-28 03:41:10,542 DEBUG [com.jwm.ir.index.service.ServiceImpl] - (main) Beginning to add url for crawling:www.google.com/a; parentUrlwww.google.com/b
2016-08-28 03:41:10,543 DEBUG [com.jwm.ir.index.service.ServiceImpl] - (main) Domain does not exist, so creating:google.com
2016-08-28 03:41:10,544 DEBUG [com.jwm.ir.index.service.ServiceImpl] - (main) Completed to add url for crawling:www.google.com/a
2016-08-28 03:41:10,564 DEBUG [com.jwm.ir.index.service.ServiceImpl] - (main) Beginning to add url for crawling:www.google.com/a; parentUrlwww.google.com/b
2016-08-28 03:41:10,565 DEBUG [com.jwm.ir.index.service.ServiceImpl] - (main) Domain exists:google.com
2016-08-28 03:41:10,572 DEBUG [com.jwm.ir.index.service.ServiceImpl] - (main) Completed to add url for crawling:www.google.com/a
Tests run: 4, Failures: 0, Errors: 0, Skipped: 0, Time elapsed: 0.242 sec
Running com.jwm.ir.index.StemmerWrapperTest
Tests run: 5, Failures: 0, Errors: 0, Skipped: 0, Time elapsed: 0.011 sec
Running com.jwm.ir.index.robotverifier.UrlVerifierMessageReceiverTest
Tests run: 1, Failures: 0, Errors: 0, Skipped: 0, Time elapsed: 0.02 sec
Running com.jwm.ir.index.robotverifier.RobotUserAgentImplCacheTest
Tests run: 2, Failures: 0, Errors: 0, Skipped: 0, Time elapsed: 0.006 sec
Running com.jwm.ir.index.robotverifier.RobotDisallowsTest
Tests run: 2, Failures: 0, Errors: 0, Skipped: 0, Time elapsed: 0.007 sec
Running com.jwm.ir.index.robotverifier.UrlVerifierTest
2016-08-28 03:41:10,674 INFO [com.jwm.ir.index.robotverifier.UrlVerifier] - (main) Url cannot be indexed because its robots.txt restricts it.  Url:http://foobar.com/searchengine_test/page1.html
Tests run: 2, Failures: 0, Errors: 0, Skipped: 0, Time elapsed: 0.021 sec
Running com.jwm.ir.index.robotverifier.RobotTxtParserTest
Tests run: 5, Failures: 0, Errors: 0, Skipped: 0, Time elapsed: 0.014 sec
Running com.jwm.ir.persistence.DomainTest
Tests run: 1, Failures: 0, Errors: 0, Skipped: 0, Time elapsed: 0.006 sec
Running com.jwm.ir.persistence.PageTest
Tests run: 4, Failures: 0, Errors: 0, Skipped: 0, Time elapsed: 0.007 sec
Running com.jwm.ir.search.FastCosineScoreCalculatorTest
Tests run: 2, Failures: 0, Errors: 0, Skipped: 0, Time elapsed: 0.014 sec
Running com.jwm.ir.search.QueryHelperTest
Tests run: 2, Failures: 0, Errors: 0, Skipped: 0, Time elapsed: 0.003 sec
Running com.jwm.ir.search.document.DocumentImplTest
Tests run: 3, Failures: 0, Errors: 0, Skipped: 0, Time elapsed: 0.007 sec
Running thirdparty.jung.PageRankTest
a = 0.049999999999999996
b = 0.475
c = 0.475
1000 = 0.049999999999999996
1001 = 0.475
1002 = 0.475
Tests run: 2, Failures: 0, Errors: 0, Skipped: 0, Time elapsed: 0.057 sec

Results :

Tests run: 47, Failures: 0, Errors: 0, Skipped: 0

[INFO] 
[8mha:AAAAYB+LCAAAAAAAAP9b85aBtbiIQSmjNKU4P0+vJLE4u1gvPjexLDVPzxdEGvvmZ+X75ZekLlOVfvTjc8FPJgaGiiIGKaiG5Py84vycVD1nCA1SyAABjCCFBQCV27OjYAAAAA==[0m[INFO] --- maven-resources-plugin:2.6:resources (default-resources) @ SearchEngine ---
[INFO] Using 'UTF-8' encoding to copy filtered resources.
[INFO] Copying 2 resources
[INFO] 
[8mha:AAAAYB+LCAAAAAAAAP9b85aBtbiIQSmjNKU4P0+vJLE4u1gvPjexLDVPzxdEGvvmZ+X75ZekLlOVfvTjc8FPJgaGiiIGKaiG5Py84vycVD1nCA1SyAABjCCFBQCV27OjYAAAAA==[0m[INFO] --- maven-compiler-plugin:2.1:compile (default-compile) @ SearchEngine ---
[INFO] Nothing to compile - all classes are up to date
[INFO] 
[8mha:AAAAYB+LCAAAAAAAAP9b85aBtbiIQSmjNKU4P0+vJLE4u1gvPjexLDVPzxdEGvvmZ+X75ZekLlOVfvTjc8FPJgaGiiIGKaiG5Py84vycVD1nCA1SyAABjCCFBQCV27OjYAAAAA==[0m[INFO] --- maven-resources-plugin:2.6:testResources (default-testResources) @ SearchEngine ---
[INFO] Using 'UTF-8' encoding to copy filtered resources.
[INFO] skip non existing resourceDirectory /var/lib/jenkins/workspace/searchengine/src/test/resources
[INFO] 
[8mha:AAAAYB+LCAAAAAAAAP9b85aBtbiIQSmjNKU4P0+vJLE4u1gvPjexLDVPzxdEGvvmZ+X75ZekLlOVfvTjc8FPJgaGiiIGKaiG5Py84vycVD1nCA1SyAABjCCFBQCV27OjYAAAAA==[0m[INFO] --- maven-compiler-plugin:2.1:testCompile (default-testCompile) @ SearchEngine ---
[INFO] Nothing to compile - all classes are up to date
[INFO] 
[8mha:AAAAYB+LCAAAAAAAAP9b85aBtbiIQSmjNKU4P0+vJLE4u1gvPjexLDVPzxdEGvvmZ+X75ZekLlOVfvTjc8FPJgaGiiIGKaiG5Py84vycVD1nCA1SyAABjCCFBQCV27OjYAAAAA==[0m[INFO] --- maven-surefire-plugin:2.9:test (default-test) @ SearchEngine ---
[INFO] Tests are skipped.
[INFO] 
[8mha:AAAAYB+LCAAAAAAAAP9b85aBtbiIQSmjNKU4P0+vJLE4u1gvPjexLDVPzxdEGvvmZ+X75ZekLlOVfvTjc8FPJgaGiiIGKaiG5Py84vycVD1nCA1SyAABjCCFBQCV27OjYAAAAA==[0m[INFO] --- maven-surefire-plugin:2.9:test (run-unit-test) @ SearchEngine ---
[INFO] Skipping execution of surefire because it has already been run for this configuration
[INFO] 
[8mha:AAAAYB+LCAAAAAAAAP9b85aBtbiIQSmjNKU4P0+vJLE4u1gvPjexLDVPzxdEGvvmZ+X75ZekLlOVfvTjc8FPJgaGiiIGKaiG5Py84vycVD1nCA1SyAABjCCFBQCV27OjYAAAAA==[0m[INFO] --- maven-jar-plugin:2.4:jar (default-jar) @ SearchEngine ---
[INFO] 
[8mha:AAAAYB+LCAAAAAAAAP9b85aBtbiIQSmjNKU4P0+vJLE4u1gvPjexLDVPzxdEGvvmZ+X75ZekLlOVfvTjc8FPJgaGiiIGKaiG5Py84vycVD1nCA1SyAABjCCFBQCV27OjYAAAAA==[0m[INFO] --- maven-dependency-plugin:2.5.1:copy-dependencies (copy-dependencies) @ SearchEngine ---
[INFO] collections-generic-4.01.jar already exists in destination.
[INFO] spring-web-4.3.2.RELEASE.jar already exists in destination.
[INFO] mchange-commons-java-0.2.3.4.jar already exists in destination.
[INFO] aopalliance-1.0.jar already exists in destination.
[INFO] mockito-all-1.9.5.jar already exists in destination.
[INFO] hibernate-jpa-2.1-api-1.0.0.Final.jar already exists in destination.
[INFO] jandex-1.1.0.Final.jar already exists in destination.
[INFO] mysql-connector-java-5.1.6.jar already exists in destination.
[INFO] xml-apis-1.0.b2.jar already exists in destination.
[INFO] spring-context-4.3.2.RELEASE.jar already exists in destination.
[INFO] jboss-logging-3.1.3.GA.jar already exists in destination.
[INFO] quick-json-1.0.4.jar already exists in destination.
[INFO] antlr-2.7.7.jar already exists in destination.
[INFO] jung-algorithms-2.0.1.jar already exists in destination.
[INFO] javassist-3.18.1-GA.jar already exists in destination.
[INFO] spring-webmvc-4.3.2.RELEASE.jar already exists in destination.
[INFO] hibernate-commons-annotations-4.0.5.Final.jar already exists in destination.
[INFO] jsoup-1.8.1.jar already exists in destination.
[INFO] spring-beans-4.3.2.RELEASE.jar already exists in destination.
[INFO] colt-1.2.0.jar already exists in destination.
[INFO] log4j-1.2.14.jar already exists in destination.
[INFO] stax2-api-3.1.4.jar already exists in destination.
[INFO] jboss-logging-annotations-1.2.0.Beta1.jar already exists in destination.
[INFO] woodstox-core-asl-4.4.1.jar already exists in destination.
[INFO] jung-graph-impl-2.0.1.jar already exists in destination.
[INFO] stax-api-1.0-2.jar already exists in destination.
[INFO] commons-logging-1.1.3.jar already exists in destination.
[INFO] servlet-api-2.5.jar already exists in destination.
[INFO] jboss-transaction-api_1.2_spec-1.0.0.Final.jar already exists in destination.
[INFO] jung-api-2.0.1.jar already exists in destination.
[INFO] concurrent-1.3.4.jar already exists in destination.
[INFO] spring-expression-4.3.2.RELEASE.jar already exists in destination.
[INFO] c3p0-0.9.2.1.jar already exists in destination.
[INFO] spring-core-4.3.2.RELEASE.jar already exists in destination.
[INFO] c3p0-0.9.1.2.jar already exists in destination.
[INFO] dom4j-1.6.1.jar already exists in destination.
[INFO] spring-aop-4.3.2.RELEASE.jar already exists in destination.
[INFO] hibernate-core-4.3.10.Final.jar already exists in destination.
[INFO] hibernate-c3p0-4.3.10.Final.jar already exists in destination.
[INFO] 
[8mha:AAAAYB+LCAAAAAAAAP9b85aBtbiIQSmjNKU4P0+vJLE4u1gvPjexLDVPzxdEGvvmZ+X75ZekLlOVfvTjc8FPJgaGiiIGKaiG5Py84vycVD1nCA1SyAABjCCFBQCV27OjYAAAAA==[0m[INFO] --- maven-surefire-plugin:2.9:test (run-integration-test) @ SearchEngine ---
[INFO] Surefire report directory: /var/lib/jenkins/workspace/searchengine/target/surefire-reports

-------------------------------------------------------
 T E S T S
-------------------------------------------------------

-------------------------------------------------------
 T E S T S
-------------------------------------------------------
Running integration.ServiceImpl_get_unverified_pages_IntegrationTest
2016-08-28 03:41:16,034 ERROR [org.hibernate.tool.hbm2ddl.SchemaExport] - (main) HHH000389: Unsuccessful: alter table pagelinks drop foreign key FK_hvrcvlgxvthkbp737jd8t9mm1
2016-08-28 03:41:16,036 ERROR [org.hibernate.tool.hbm2ddl.SchemaExport] - (main) Table 'searchengine_test.pagelinks' doesn't exist
2016-08-28 03:41:16,037 ERROR [org.hibernate.tool.hbm2ddl.SchemaExport] - (main) HHH000389: Unsuccessful: alter table pagelinks drop foreign key FK_762k1vulh7bgsk8cx8cq20qyu
2016-08-28 03:41:16,038 ERROR [org.hibernate.tool.hbm2ddl.SchemaExport] - (main) Table 'searchengine_test.pagelinks' doesn't exist
2016-08-28 03:41:16,041 ERROR [org.hibernate.tool.hbm2ddl.SchemaExport] - (main) HHH000389: Unsuccessful: alter table pages drop foreign key FK_71j3h4rg7x8apdh7nw9wsla2p
2016-08-28 03:41:16,042 ERROR [org.hibernate.tool.hbm2ddl.SchemaExport] - (main) Table 'searchengine_test.pages' doesn't exist
2016-08-28 03:41:16,043 ERROR [org.hibernate.tool.hbm2ddl.SchemaExport] - (main) HHH000389: Unsuccessful: alter table pagesubmissions drop foreign key FK_ceaxmtkfu4jrpxrh5blsg4ni8
2016-08-28 03:41:16,043 ERROR [org.hibernate.tool.hbm2ddl.SchemaExport] - (main) Table 'searchengine_test.pagesubmissions' doesn't exist
2016-08-28 03:41:16,045 ERROR [org.hibernate.tool.hbm2ddl.SchemaExport] - (main) HHH000389: Unsuccessful: alter table pageterms drop foreign key FK_7249552vcc3bmrvrh8qqcygns
2016-08-28 03:41:16,045 ERROR [org.hibernate.tool.hbm2ddl.SchemaExport] - (main) Table 'searchengine_test.pageterms' doesn't exist
2016-08-28 03:41:16,046 ERROR [org.hibernate.tool.hbm2ddl.SchemaExport] - (main) HHH000389: Unsuccessful: alter table pageterms drop foreign key FK_hwws2pmr644nonw3tf508w5b1
2016-08-28 03:41:16,047 ERROR [org.hibernate.tool.hbm2ddl.SchemaExport] - (main) Table 'searchengine_test.pageterms' doesn't exist
2016-08-28 03:41:16,049 ERROR [org.hibernate.tool.hbm2ddl.SchemaExport] - (main) HHH000389: Unsuccessful: alter table terms_pageterms drop foreign key FK_iepdn8jsyhua1cy0ume2jrfbm
2016-08-28 03:41:16,049 ERROR [org.hibernate.tool.hbm2ddl.SchemaExport] - (main) Table 'searchengine_test.terms_pageterms' doesn't exist
2016-08-28 03:41:16,050 ERROR [org.hibernate.tool.hbm2ddl.SchemaExport] - (main) HHH000389: Unsuccessful: alter table terms_pageterms drop foreign key FK_poqh6a8gyhrlirem4gq77krg5
2016-08-28 03:41:16,051 ERROR [org.hibernate.tool.hbm2ddl.SchemaExport] - (main) Table 'searchengine_test.terms_pageterms' doesn't exist
Tests run: 1, Failures: 0, Errors: 0, Skipped: 0, Time elapsed: 3.972 sec
Running integration.DomainRepositoryImpl_get_domain_exists_IntegrationTest
Tests run: 1, Failures: 0, Errors: 0, Skipped: 0, Time elapsed: 4.718 sec
Running integration.PageTermDao_terms_already_exist_IntegrationTest
Tests run: 1, Failures: 0, Errors: 0, Skipped: 0, Time elapsed: 4.495 sec
Running integration.ServiceImpl_AddUrlForCrawling_IntegrationTest
2016-08-28 03:41:31,837 DEBUG [com.jwm.ir.index.service.ServiceImpl] - (main) Beginning to add url for crawling:www.google.com/b; parentUrlwww.google.com/a
2016-08-28 03:41:31,987 DEBUG [com.jwm.ir.index.service.ServiceImpl] - (main) Domain exists:google.com
2016-08-28 03:41:32,072 DEBUG [com.jwm.ir.index.service.ServiceImpl] - (main) Completed to add url for crawling:www.google.com/b
Tests run: 1, Failures: 0, Errors: 0, Skipped: 0, Time elapsed: 4.731 sec
Running integration.ServiceImpl_set_urls_verified_IntegrationTest
2016-08-28 03:41:37,113 DEBUG [com.jwm.ir.index.service.ServiceImpl] - (main) setting page as verified:Page{id=1, domain=Domain{id=1, domain='google.com', status=0, crawlerId=1, totalCrawls=0, locked=0, lastCrawl=null}, title='null', description='null', url='google.com/a', verified=1, failCount=0, pageRank=null, lastCrawl=null}
Tests run: 1, Failures: 0, Errors: 0, Skipped: 0, Time elapsed: 4.597 sec
Running integration.PageTerm_UniquePageTerm_IntegrationTest
2016-08-28 03:41:41,413 WARN [org.hibernate.engine.jdbc.spi.SqlExceptionHelper] - (main) SQL Error: 1062, SQLState: 23000
2016-08-28 03:41:41,415 ERROR [org.hibernate.engine.jdbc.spi.SqlExceptionHelper] - (main) Duplicate entry '1-1' for key 'UK_l177h3lxd7fj9jl1o1etxyyoc'
Tests run: 1, Failures: 0, Errors: 0, Skipped: 0, Time elapsed: 3.854 sec
Running integration.ExtensionDao_get_all_extensions_IntegrationTest
Tests run: 1, Failures: 0, Errors: 0, Skipped: 0, Time elapsed: 4.211 sec
Running integration.ServiceImpl_add_crawl_result_IntegrationTest
Tests run: 1, Failures: 0, Errors: 0, Skipped: 0, Time elapsed: 4.03 sec
Running integration.DomainRepositoryImpl_get_domain_not_exists_throws_IntegrationTest
Tests run: 1, Failures: 0, Errors: 0, Skipped: 0, Time elapsed: 3.623 sec
Running integration.ServiceImpl_add_url_for_crawling_domain_already_exists_should_not_add_again_IntegrationTest
2016-08-28 03:41:58,682 DEBUG [com.jwm.ir.index.service.ServiceImpl] - (main) Beginning to add url for crawling:www.google.com/b; parentUrlwww.google.com/a
2016-08-28 03:41:58,806 DEBUG [com.jwm.ir.index.service.ServiceImpl] - (main) Domain exists:google.com
2016-08-28 03:41:58,863 DEBUG [com.jwm.ir.index.service.ServiceImpl] - (main) Completed to add url for crawling:www.google.com/b
Tests run: 1, Failures: 0, Errors: 0, Skipped: 0, Time elapsed: 4.253 sec
Running integration.UrlFeedIntegrationTest
2016-08-28 03:42:03,002 DEBUG [com.jwm.ir.index.crawler.UrlFeed] - (main) Fetching urls from the db.  Putting onto the queue.
2016-08-28 03:42:03,003 WARN [com.jwm.ir.index.service.ServiceImpl] - (main) Todo: implement 'polite crawling' by preventing hitting the same domain in quick succession
2016-08-28 03:42:03,058 DEBUG [com.jwm.ir.index.service.ServiceImpl] - (main) Popped Urls:[http://localhost/searchengine_test/page1.html, http://localhost/searchengine_test/page2.html], size:2
2016-08-28 03:42:03,059 DEBUG [com.jwm.ir.index.crawler.UrlFeed] - (main) Fetched 2 urls from the db.  Putting onto the queue.
Tests run: 1, Failures: 0, Errors: 0, Skipped: 0, Time elapsed: 3.929 sec
Running integration.ServiceImpl_update_indexed_page_count_summaries_with_existing_summary_record_IntegrationTest
Tests run: 1, Failures: 0, Errors: 0, Skipped: 0, Time elapsed: 4.137 sec
Running integration.PageTermDaoImpl_create_IntegrationTest
2016-08-28 03:42:11,708 INFO [com.jwm.ir.persistence.dao.PageTermDaoImpl] - (main) pagetermDaoImpl.create pageId:'1', termValue:'hello', termFrequency:'1'
Tests run: 1, Failures: 0, Errors: 0, Skipped: 0, Time elapsed: 3.865 sec
Running integration.ResourceFetcherIntegrationTest
java.net.ConnectException: Connection refused
	at java.net.PlainSocketImpl.socketConnect(Native Method)
	at java.net.AbstractPlainSocketImpl.doConnect(AbstractPlainSocketImpl.java:350)
	at java.net.AbstractPlainSocketImpl.connectToAddress(AbstractPlainSocketImpl.java:206)
	at java.net.AbstractPlainSocketImpl.connect(AbstractPlainSocketImpl.java:188)
	at java.net.SocksSocketImpl.connect(SocksSocketImpl.java:392)
	at java.net.Socket.connect(Socket.java:589)
	at java.net.Socket.connect(Socket.java:538)
	at sun.net.NetworkClient.doConnect(NetworkClient.java:180)
	at sun.net.www.http.HttpClient.openServer(HttpClient.java:432)
	at sun.net.www.http.HttpClient.openServer(HttpClient.java:527)
	at sun.net.www.http.HttpClient.<init>(HttpClient.java:211)
	at sun.net.www.http.HttpClient.New(HttpClient.java:308)
	at sun.net.www.http.HttpClient.New(HttpClient.java:326)
	at sun.net.www.protocol.http.HttpURLConnection.getNewHttpClient(HttpURLConnection.java:1169)
	at sun.net.www.protocol.http.HttpURLConnection.plainConnect0(HttpURLConnection.java:1105)
	at sun.net.www.protocol.http.HttpURLConnection.plainConnect(HttpURLConnection.java:999)
	at sun.net.www.protocol.http.HttpURLConnection.connect(HttpURLConnection.java:933)
	at sun.net.www.protocol.http.HttpURLConnection.getInputStream0(HttpURLConnection.java:1513)
	at sun.net.www.protocol.http.HttpURLConnection.getInputStream(HttpURLConnection.java:1441)
	at java.net.URL.openStream(URL.java:1045)
	at com.jwm.ir.index.crawler.ResourceFetcher.getWebResource(ResourceFetcher.java:46)
	at integration.ResourceFetcherIntegrationTest.fetchLocalPageSynchronouslyTest(ResourceFetcherIntegrationTest.java:17)
	at sun.reflect.NativeMethodAccessorImpl.invoke0(Native Method)
	at sun.reflect.NativeMethodAccessorImpl.invoke(NativeMethodAccessorImpl.java:62)
	at sun.reflect.DelegatingMethodAccessorImpl.invoke(DelegatingMethodAccessorImpl.java:43)
	at java.lang.reflect.Method.invoke(Method.java:498)
	at org.junit.runners.model.FrameworkMethod$1.runReflectiveCall(FrameworkMethod.java:47)
	at org.junit.internal.runners.model.ReflectiveCallable.run(ReflectiveCallable.java:12)
	at org.junit.runners.model.FrameworkMethod.invokeExplosively(FrameworkMethod.java:44)
	at org.junit.internal.runners.statements.InvokeMethod.evaluate(InvokeMethod.java:17)
	at org.junit.runners.ParentRunner.runLeaf(ParentRunner.java:271)
	at org.junit.runners.BlockJUnit4ClassRunner.runChild(BlockJUnit4ClassRunner.java:70)
	at org.junit.runners.BlockJUnit4ClassRunner.runChild(BlockJUnit4ClassRunner.java:50)
	at org.junit.runners.ParentRunner$3.run(ParentRunner.java:238)
	at org.junit.runners.ParentRunner$1.schedule(ParentRunner.java:63)
	at org.junit.runners.ParentRunner.runChildren(ParentRunner.java:236)
	at org.junit.runners.ParentRunner.access$000(ParentRunner.java:53)
	at org.junit.runners.ParentRunner$2.evaluate(ParentRunner.java:229)
	at org.junit.runners.ParentRunner.run(ParentRunner.java:309)
	at org.apache.maven.surefire.junit4.JUnit4TestSet.execute(JUnit4TestSet.java:53)
	at org.apache.maven.surefire.junit4.JUnit4Provider.executeTestSet(JUnit4Provider.java:123)
	at org.apache.maven.surefire.junit4.JUnit4Provider.invoke(JUnit4Provider.java:104)
	at sun.reflect.NativeMethodAccessorImpl.invoke0(Native Method)
	at sun.reflect.NativeMethodAccessorImpl.invoke(NativeMethodAccessorImpl.java:62)
	at sun.reflect.DelegatingMethodAccessorImpl.invoke(DelegatingMethodAccessorImpl.java:43)
	at java.lang.reflect.Method.invoke(Method.java:498)
	at org.apache.maven.surefire.util.ReflectionUtils.invokeMethodWithArray(ReflectionUtils.java:164)
	at org.apache.maven.surefire.booter.ProviderFactory$ProviderProxy.invoke(ProviderFactory.java:110)
	at org.apache.maven.surefire.booter.SurefireStarter.invokeProvider(SurefireStarter.java:172)
	at org.apache.maven.surefire.booter.SurefireStarter.runSuitesInProcessWhenForked(SurefireStarter.java:78)
	at org.apache.maven.surefire.booter.ForkedBooter.main(ForkedBooter.java:70)
Tests run: 1, Failures: 1, Errors: 0, Skipped: 0, Time elapsed: 0.209 sec <<< FAILURE!
Running integration.TermDao_Fetch_Terms_IntegrationTest
Tests run: 1, Failures: 0, Errors: 0, Skipped: 0, Time elapsed: 3.69 sec
Running integration.ServiceImpl_AddDocumentTerm_IntegrationTest
2016-08-28 03:42:20,595 INFO [com.jwm.ir.persistence.dao.PageTermDaoImpl] - (main) pagetermDaoImpl.create pageId:'1', termValue:'hello', termFrequency:'1'
Tests run: 1, Failures: 0, Errors: 0, Skipped: 0, Time elapsed: 4.124 sec

Results :

Failed tests:   fetchLocalPageSynchronouslyTest(integration.ResourceFetcherIntegrationTest): content was:

Tests run: 16, Failures: 1, Errors: 0, Skipped: 0

[INFO] ------------------------------------------------------------------------
[INFO] BUILD FAILURE
[INFO] ------------------------------------------------------------------------
[INFO] Total time: 01:14 min
[INFO] Finished at: 2016-08-28T03:42:20+00:00
[INFO] Final Memory: 11M/28M
[INFO] ------------------------------------------------------------------------
[8mha:AAAAYB+LCAAAAAAAAP9b85aBtbiIQSmjNKU4P0+vJLE4u1gvPjexLDVPzxdEuhYV5Rf55ZekOlc7RKnPKH7IxMBQUcQgBdWQnJ9XnJ+TqucMoUEKGSCAEaSwAACsNFCqYAAAAA==[0m[ERROR] Failed to execute goal org.apache.maven.plugins:maven-surefire-plugin:2.9:test (run-integration-test) on project SearchEngine: There are test failures.
[8mha:AAAAYB+LCAAAAAAAAP9b85aBtbiIQSmjNKU4P0+vJLE4u1gvPjexLDVPzxdEuhYV5Rf55ZekOlc7RKnPKH7IxMBQUcQgBdWQnJ9XnJ+TqucMoUEKGSCAEaSwAACsNFCqYAAAAA==[0m[ERROR] 
[8mha:AAAAYB+LCAAAAAAAAP9b85aBtbiIQSmjNKU4P0+vJLE4u1gvPjexLDVPzxdEuhYV5Rf55ZekOlc7RKnPKH7IxMBQUcQgBdWQnJ9XnJ+TqucMoUEKGSCAEaSwAACsNFCqYAAAAA==[0m[ERROR] Please refer to /var/lib/jenkins/workspace/searchengine/target/surefire-reports for the individual test results.
[8mha:AAAAYB+LCAAAAAAAAP9b85aBtbiIQSmjNKU4P0+vJLE4u1gvPjexLDVPzxdEuhYV5Rf55ZekOlc7RKnPKH7IxMBQUcQgBdWQnJ9XnJ+TqucMoUEKGSCAEaSwAACsNFCqYAAAAA==[0m[ERROR] -> [Help 1]
[8mha:AAAAYB+LCAAAAAAAAP9b85aBtbiIQSmjNKU4P0+vJLE4u1gvPjexLDVPzxdEuhYV5Rf55ZekOlc7RKnPKH7IxMBQUcQgBdWQnJ9XnJ+TqucMoUEKGSCAEaSwAACsNFCqYAAAAA==[0m[ERROR] 
[8mha:AAAAYB+LCAAAAAAAAP9b85aBtbiIQSmjNKU4P0+vJLE4u1gvPjexLDVPzxdEuhYV5Rf55ZekOlc7RKnPKH7IxMBQUcQgBdWQnJ9XnJ+TqucMoUEKGSCAEaSwAACsNFCqYAAAAA==[0m[ERROR] To see the full stack trace of the errors, re-run Maven with the -e switch.
[8mha:AAAAYB+LCAAAAAAAAP9b85aBtbiIQSmjNKU4P0+vJLE4u1gvPjexLDVPzxdEuhYV5Rf55ZekOlc7RKnPKH7IxMBQUcQgBdWQnJ9XnJ+TqucMoUEKGSCAEaSwAACsNFCqYAAAAA==[0m[ERROR] Re-run Maven using the -X switch to enable full debug logging.
[8mha:AAAAYB+LCAAAAAAAAP9b85aBtbiIQSmjNKU4P0+vJLE4u1gvPjexLDVPzxdEuhYV5Rf55ZekOlc7RKnPKH7IxMBQUcQgBdWQnJ9XnJ+TqucMoUEKGSCAEaSwAACsNFCqYAAAAA==[0m[ERROR] 
[8mha:AAAAYB+LCAAAAAAAAP9b85aBtbiIQSmjNKU4P0+vJLE4u1gvPjexLDVPzxdEuhYV5Rf55ZekOlc7RKnPKH7IxMBQUcQgBdWQnJ9XnJ+TqucMoUEKGSCAEaSwAACsNFCqYAAAAA==[0m[ERROR] For more information about the errors and possible solutions, please read the following articles:
[8mha:AAAAYB+LCAAAAAAAAP9b85aBtbiIQSmjNKU4P0+vJLE4u1gvPjexLDVPzxdEuhYV5Rf55ZekOlc7RKnPKH7IxMBQUcQgBdWQnJ9XnJ+TqucMoUEKGSCAEaSwAACsNFCqYAAAAA==[0m[ERROR] [Help 1] http://cwiki.apache.org/confluence/display/MAVEN/MojoFailureException
Build step 'Invoke top-level Maven targets' marked build as failure
Finished: FAILURE
