Started by user [8mha:AAAAlx+LCAAAAAAAAP9b85aBtbiIQTGjNKU4P08vOT+vOD8nVc83PyU1x6OyILUoJzMv2y+/JJUBAhiZGBgqihhk0NSjKDWzXb3RdlLBUSYGJk8GtpzUvPSSDB8G5tKinBIGIZ+sxLJE/ZzEvHT94JKizLx0a6BxUmjGOUNodHsLgAyWEgZu/dLi1CL9xJTczDwAZ3pnlMAAAAA=[0mjeff
Building in workspace /var/lib/jenkins/workspace/searchengine
 > git rev-parse --is-inside-work-tree # timeout=10
Fetching changes from the remote Git repository
 > git config remote.origin.url https://github.com/jeffwmair/searchengine.git # timeout=10
Fetching upstream changes from https://github.com/jeffwmair/searchengine.git
 > git --version # timeout=10
 > git -c core.askpass=true fetch --tags --progress https://github.com/jeffwmair/searchengine.git +refs/heads/*:refs/remotes/origin/*
 > git rev-parse refs/remotes/origin/master^{commit} # timeout=10
 > git rev-parse refs/remotes/origin/origin/master^{commit} # timeout=10
Checking out Revision b006d7a998aa061e596701466bf8b0bcf94e0044 (refs/remotes/origin/master)
 > git config core.sparsecheckout # timeout=10
 > git checkout -f b006d7a998aa061e596701466bf8b0bcf94e0044
 > git rev-list b006d7a998aa061e596701466bf8b0bcf94e0044 # timeout=10
[searchengine] $ mvn compile test integration-test
[INFO] Scanning for projects...
[INFO]                                                                         
[INFO] ------------------------------------------------------------------------
[INFO] Building SearchEngine 1.0
[INFO] ------------------------------------------------------------------------
Downloading: https://repo.maven.apache.org/maven2/org/apache/maven/plugins/maven-jar-plugin/2.4/maven-jar-plugin-2.4.pom
3/6 KB   5/6 KB   6/6 KB            Downloaded: https://repo.maven.apache.org/maven2/org/apache/maven/plugins/maven-jar-plugin/2.4/maven-jar-plugin-2.4.pom (6 KB at 6.6 KB/sec)
Downloading: https://repo.maven.apache.org/maven2/org/apache/maven/plugins/maven-plugins/22/maven-plugins-22.pom
3/13 KB   5/13 KB   8/13 KB   11/13 KB   13/13 KB              Downloaded: https://repo.maven.apache.org/maven2/org/apache/maven/plugins/maven-plugins/22/maven-plugins-22.pom (13 KB at 223.4 KB/sec)
Downloading: https://repo.maven.apache.org/maven2/org/apache/maven/plugins/maven-jar-plugin/2.4/maven-jar-plugin-2.4.jar
3/34 KB    5/34 KB   8/34 KB   11/34 KB   13/34 KB   16/34 KB   19/34 KB   21/34 KB   24/34 KB   27/34 KB   29/34 KB   32/34 KB   34/34 KB              Downloaded: https://repo.maven.apache.org/maven2/org/apache/maven/plugins/maven-jar-plugin/2.4/maven-jar-plugin-2.4.jar (34 KB at 461.5 KB/sec)
Downloading: https://repo.maven.apache.org/maven2/org/apache/maven/plugins/maven-dependency-plugin/2.5.1/maven-dependency-plugin-2.5.1.pom
3/11 KB    5/11 KB   8/11 KB   11/11 KB   11/11 KB              Downloaded: https://repo.maven.apache.org/maven2/org/apache/maven/plugins/maven-dependency-plugin/2.5.1/maven-dependency-plugin-2.5.1.pom (11 KB at 227.6 KB/sec)
Downloading: https://repo.maven.apache.org/maven2/org/apache/maven/plugins/maven-dependency-plugin/2.5.1/maven-dependency-plugin-2.5.1.jar
3/135 KB   5/135 KB   8/135 KB   11/135 KB   13/135 KB   16/135 KB   19/135 KB   21/135 KB   24/135 KB   27/135 KB   29/135 KB   32/135 KB   36/135 KB   40/135 KB   44/135 KB   48/135 KB   52/135 KB   56/135 KB   60/135 KB   64/135 KB   68/135 KB   72/135 KB   76/135 KB   80/135 KB   84/135 KB   88/135 KB   92/135 KB   96/135 KB   100/135 KB   104/135 KB   108/135 KB   112/135 KB   116/135 KB   120/135 KB   124/135 KB   128/135 KB   132/135 KB   135/135 KB                Downloaded: https://repo.maven.apache.org/maven2/org/apache/maven/plugins/maven-dependency-plugin/2.5.1/maven-dependency-plugin-2.5.1.jar (135 KB at 1685.9 KB/sec)
[INFO] 
[8mha:AAAAYB+LCAAAAAAAAP9b85aBtbiIQSmjNKU4P0+vJLE4u1gvPjexLDVPzxdEGvvmZ+X75ZekLlOVfvTjc8FPJgaGiiIGKaiG5Py84vycVD1nCA1SyAABjCCFBQCV27OjYAAAAA==[0m[INFO] --- maven-resources-plugin:2.6:resources (default-resources) @ SearchEngine ---
[INFO] Using 'UTF-8' encoding to copy filtered resources.
[INFO] Copying 2 resources
[INFO] 
[8mha:AAAAYB+LCAAAAAAAAP9b85aBtbiIQSmjNKU4P0+vJLE4u1gvPjexLDVPzxdEGvvmZ+X75ZekLlOVfvTjc8FPJgaGiiIGKaiG5Py84vycVD1nCA1SyAABjCCFBQCV27OjYAAAAA==[0m[INFO] --- maven-compiler-plugin:2.1:compile (default-compile) @ SearchEngine ---
[INFO] Nothing to compile - all classes are up to date
[INFO] 
[8mha:AAAAYB+LCAAAAAAAAP9b85aBtbiIQSmjNKU4P0+vJLE4u1gvPjexLDVPzxdEGvvmZ+X75ZekLlOVfvTjc8FPJgaGiiIGKaiG5Py84vycVD1nCA1SyAABjCCFBQCV27OjYAAAAA==[0m[INFO] --- maven-resources-plugin:2.6:resources (default-resources) @ SearchEngine ---
[INFO] Using 'UTF-8' encoding to copy filtered resources.
[INFO] Copying 2 resources
[INFO] 
[8mha:AAAAYB+LCAAAAAAAAP9b85aBtbiIQSmjNKU4P0+vJLE4u1gvPjexLDVPzxdEGvvmZ+X75ZekLlOVfvTjc8FPJgaGiiIGKaiG5Py84vycVD1nCA1SyAABjCCFBQCV27OjYAAAAA==[0m[INFO] --- maven-compiler-plugin:2.1:compile (default-compile) @ SearchEngine ---
[INFO] Nothing to compile - all classes are up to date
[INFO] 
[8mha:AAAAYB+LCAAAAAAAAP9b85aBtbiIQSmjNKU4P0+vJLE4u1gvPjexLDVPzxdEGvvmZ+X75ZekLlOVfvTjc8FPJgaGiiIGKaiG5Py84vycVD1nCA1SyAABjCCFBQCV27OjYAAAAA==[0m[INFO] --- maven-resources-plugin:2.6:testResources (default-testResources) @ SearchEngine ---
[INFO] Using 'UTF-8' encoding to copy filtered resources.
[INFO] skip non existing resourceDirectory /var/lib/jenkins/workspace/searchengine/src/test/resources
[INFO] 
[8mha:AAAAYB+LCAAAAAAAAP9b85aBtbiIQSmjNKU4P0+vJLE4u1gvPjexLDVPzxdEGvvmZ+X75ZekLlOVfvTjc8FPJgaGiiIGKaiG5Py84vycVD1nCA1SyAABjCCFBQCV27OjYAAAAA==[0m[INFO] --- maven-compiler-plugin:2.1:testCompile (default-testCompile) @ SearchEngine ---
[INFO] Nothing to compile - all classes are up to date
[INFO] 
[8mha:AAAAYB+LCAAAAAAAAP9b85aBtbiIQSmjNKU4P0+vJLE4u1gvPjexLDVPzxdEGvvmZ+X75ZekLlOVfvTjc8FPJgaGiiIGKaiG5Py84vycVD1nCA1SyAABjCCFBQCV27OjYAAAAA==[0m[INFO] --- maven-surefire-plugin:2.9:test (default-test) @ SearchEngine ---
[INFO] Tests are skipped.
[INFO] 
[8mha:AAAAYB+LCAAAAAAAAP9b85aBtbiIQSmjNKU4P0+vJLE4u1gvPjexLDVPzxdEGvvmZ+X75ZekLlOVfvTjc8FPJgaGiiIGKaiG5Py84vycVD1nCA1SyAABjCCFBQCV27OjYAAAAA==[0m[INFO] --- maven-surefire-plugin:2.9:test (run-unit-test) @ SearchEngine ---
[INFO] Surefire report directory: /var/lib/jenkins/workspace/searchengine/target/surefire-reports

-------------------------------------------------------
 T E S T S
-------------------------------------------------------
Running com.jwm.ir.index.crawler.UrlUtilsTest
Tests run: 10, Failures: 0, Errors: 0, Skipped: 0, Time elapsed: 0.284 sec
Running com.jwm.ir.index.crawler.UrlFeedTest
2016-08-28 03:37:15,173 DEBUG [com.jwm.ir.index.crawler.UrlFeed] - (main) Fetching urls from the db.  Putting onto the queue.
2016-08-28 03:37:15,178 DEBUG [com.jwm.ir.index.crawler.UrlFeed] - (main) Fetched 2 urls from the db.  Putting onto the queue.
Tests run: 1, Failures: 0, Errors: 0, Skipped: 0, Time elapsed: 0.261 sec
Running com.jwm.ir.index.crawler.ResourceFetcherTest
Tests run: 1, Failures: 0, Errors: 0, Skipped: 0, Time elapsed: 0.005 sec
Running com.jwm.ir.index.service.ServiceImplTest
2016-08-28 03:37:15,411 DEBUG [com.jwm.ir.index.service.ServiceImpl] - (main) Beginning to add url for crawling:www.google.com/a; parentUrlwww.google.com/b
2016-08-28 03:37:15,414 WARN [com.jwm.ir.index.service.ServiceImpl] - (main) Page with url 'www.google.com/a' already exists in the database, so not adding
2016-08-28 03:37:15,421 DEBUG [com.jwm.ir.index.service.ServiceImpl] - (main) Beginning to add url for crawling:www.google.com/a; parentUrlwww.google.com/b
2016-08-28 03:37:15,422 DEBUG [com.jwm.ir.index.service.ServiceImpl] - (main) Domain does not exist, so creating:google.com
2016-08-28 03:37:15,423 DEBUG [com.jwm.ir.index.service.ServiceImpl] - (main) Completed to add url for crawling:www.google.com/a
2016-08-28 03:37:15,449 DEBUG [com.jwm.ir.index.service.ServiceImpl] - (main) Beginning to add url for crawling:www.google.com/a; parentUrlwww.google.com/b
2016-08-28 03:37:15,452 DEBUG [com.jwm.ir.index.service.ServiceImpl] - (main) Domain exists:google.com
2016-08-28 03:37:15,452 DEBUG [com.jwm.ir.index.service.ServiceImpl] - (main) Completed to add url for crawling:www.google.com/a
Tests run: 4, Failures: 0, Errors: 0, Skipped: 0, Time elapsed: 0.266 sec
Running com.jwm.ir.index.StemmerWrapperTest
Tests run: 5, Failures: 0, Errors: 0, Skipped: 0, Time elapsed: 0.007 sec
Running com.jwm.ir.index.robotverifier.UrlVerifierMessageReceiverTest
Tests run: 1, Failures: 0, Errors: 0, Skipped: 0, Time elapsed: 0.02 sec
Running com.jwm.ir.index.robotverifier.RobotUserAgentImplCacheTest
Tests run: 2, Failures: 0, Errors: 0, Skipped: 0, Time elapsed: 0.014 sec
Running com.jwm.ir.index.robotverifier.RobotDisallowsTest
Tests run: 2, Failures: 0, Errors: 0, Skipped: 0, Time elapsed: 0.004 sec
Running com.jwm.ir.index.robotverifier.UrlVerifierTest
2016-08-28 03:37:15,554 INFO [com.jwm.ir.index.robotverifier.UrlVerifier] - (main) Url cannot be indexed because its robots.txt restricts it.  Url:http://foobar.com/searchengine_test/page1.html
Tests run: 2, Failures: 0, Errors: 0, Skipped: 0, Time elapsed: 0.025 sec
Running com.jwm.ir.index.robotverifier.RobotTxtParserTest
Tests run: 5, Failures: 0, Errors: 0, Skipped: 0, Time elapsed: 0.016 sec
Running com.jwm.ir.persistence.DomainTest
Tests run: 1, Failures: 0, Errors: 0, Skipped: 0, Time elapsed: 0.003 sec
Running com.jwm.ir.persistence.PageTest
Tests run: 4, Failures: 0, Errors: 0, Skipped: 0, Time elapsed: 0.008 sec
Running com.jwm.ir.search.FastCosineScoreCalculatorTest
Tests run: 2, Failures: 0, Errors: 0, Skipped: 0, Time elapsed: 0.014 sec
Running com.jwm.ir.search.QueryHelperTest
Tests run: 2, Failures: 0, Errors: 0, Skipped: 0, Time elapsed: 0.002 sec
Running com.jwm.ir.search.document.DocumentImplTest
Tests run: 3, Failures: 0, Errors: 0, Skipped: 0, Time elapsed: 0.012 sec
Running thirdparty.jung.PageRankTest
a = 0.049999999999999996
b = 0.475
c = 0.475
1000 = 0.049999999999999996
1001 = 0.475
1002 = 0.475
Tests run: 2, Failures: 0, Errors: 0, Skipped: 0, Time elapsed: 0.058 sec

Results :

Tests run: 47, Failures: 0, Errors: 0, Skipped: 0

[INFO] 
[8mha:AAAAYB+LCAAAAAAAAP9b85aBtbiIQSmjNKU4P0+vJLE4u1gvPjexLDVPzxdEGvvmZ+X75ZekLlOVfvTjc8FPJgaGiiIGKaiG5Py84vycVD1nCA1SyAABjCCFBQCV27OjYAAAAA==[0m[INFO] --- maven-resources-plugin:2.6:resources (default-resources) @ SearchEngine ---
[INFO] Using 'UTF-8' encoding to copy filtered resources.
[INFO] Copying 2 resources
[INFO] 
[8mha:AAAAYB+LCAAAAAAAAP9b85aBtbiIQSmjNKU4P0+vJLE4u1gvPjexLDVPzxdEGvvmZ+X75ZekLlOVfvTjc8FPJgaGiiIGKaiG5Py84vycVD1nCA1SyAABjCCFBQCV27OjYAAAAA==[0m[INFO] --- maven-compiler-plugin:2.1:compile (default-compile) @ SearchEngine ---
[INFO] Nothing to compile - all classes are up to date
[INFO] 
[8mha:AAAAYB+LCAAAAAAAAP9b85aBtbiIQSmjNKU4P0+vJLE4u1gvPjexLDVPzxdEGvvmZ+X75ZekLlOVfvTjc8FPJgaGiiIGKaiG5Py84vycVD1nCA1SyAABjCCFBQCV27OjYAAAAA==[0m[INFO] --- maven-resources-plugin:2.6:testResources (default-testResources) @ SearchEngine ---
[INFO] Using 'UTF-8' encoding to copy filtered resources.
[INFO] skip non existing resourceDirectory /var/lib/jenkins/workspace/searchengine/src/test/resources
[INFO] 
[8mha:AAAAYB+LCAAAAAAAAP9b85aBtbiIQSmjNKU4P0+vJLE4u1gvPjexLDVPzxdEGvvmZ+X75ZekLlOVfvTjc8FPJgaGiiIGKaiG5Py84vycVD1nCA1SyAABjCCFBQCV27OjYAAAAA==[0m[INFO] --- maven-compiler-plugin:2.1:testCompile (default-testCompile) @ SearchEngine ---
[INFO] Nothing to compile - all classes are up to date
[INFO] 
[8mha:AAAAYB+LCAAAAAAAAP9b85aBtbiIQSmjNKU4P0+vJLE4u1gvPjexLDVPzxdEGvvmZ+X75ZekLlOVfvTjc8FPJgaGiiIGKaiG5Py84vycVD1nCA1SyAABjCCFBQCV27OjYAAAAA==[0m[INFO] --- maven-surefire-plugin:2.9:test (default-test) @ SearchEngine ---
[INFO] Tests are skipped.
[INFO] 
[8mha:AAAAYB+LCAAAAAAAAP9b85aBtbiIQSmjNKU4P0+vJLE4u1gvPjexLDVPzxdEGvvmZ+X75ZekLlOVfvTjc8FPJgaGiiIGKaiG5Py84vycVD1nCA1SyAABjCCFBQCV27OjYAAAAA==[0m[INFO] --- maven-surefire-plugin:2.9:test (run-unit-test) @ SearchEngine ---
[INFO] Skipping execution of surefire because it has already been run for this configuration
[INFO] 
[8mha:AAAAYB+LCAAAAAAAAP9b85aBtbiIQSmjNKU4P0+vJLE4u1gvPjexLDVPzxdEGvvmZ+X75ZekLlOVfvTjc8FPJgaGiiIGKaiG5Py84vycVD1nCA1SyAABjCCFBQCV27OjYAAAAA==[0m[INFO] --- maven-jar-plugin:2.4:jar (default-jar) @ SearchEngine ---
Downloading: https://repo.maven.apache.org/maven2/org/apache/maven/maven-archiver/2.5/maven-archiver-2.5.pom
3/5 KB       5/5 KB            Downloaded: https://repo.maven.apache.org/maven2/org/apache/maven/maven-archiver/2.5/maven-archiver-2.5.pom (5 KB at 100.7 KB/sec)
Downloading: https://repo.maven.apache.org/maven2/org/codehaus/plexus/plexus-archiver/2.1/plexus-archiver-2.1.pom
3/3 KB   3/3 KB            Downloaded: https://repo.maven.apache.org/maven2/org/codehaus/plexus/plexus-archiver/2.1/plexus-archiver-2.1.pom (3 KB at 74.1 KB/sec)
Downloading: https://repo.maven.apache.org/maven2/org/sonatype/spice/spice-parent/17/spice-parent-17.pom
3/7 KB   5/7 KB   7/7 KB            Downloaded: https://repo.maven.apache.org/maven2/org/sonatype/spice/spice-parent/17/spice-parent-17.pom (7 KB at 140.4 KB/sec)
Downloading: https://repo.maven.apache.org/maven2/org/sonatype/forge/forge-parent/10/forge-parent-10.pom
3/14 KB   5/14 KB   8/14 KB   11/14 KB   13/14 KB   14/14 KB              Downloaded: https://repo.maven.apache.org/maven2/org/sonatype/forge/forge-parent/10/forge-parent-10.pom (14 KB at 281.7 KB/sec)
Downloading: https://repo.maven.apache.org/maven2/org/codehaus/plexus/plexus-utils/3.0/plexus-utils-3.0.pom
3/4 KB     4/4 KB            Downloaded: https://repo.maven.apache.org/maven2/org/codehaus/plexus/plexus-utils/3.0/plexus-utils-3.0.pom (4 KB at 90.3 KB/sec)
Downloading: https://repo.maven.apache.org/maven2/org/codehaus/plexus/plexus-io/2.0.2/plexus-io-2.0.2.pom
2/2 KB            Downloaded: https://repo.maven.apache.org/maven2/org/codehaus/plexus/plexus-io/2.0.2/plexus-io-2.0.2.pom (2 KB at 42.3 KB/sec)
Downloading: https://repo.maven.apache.org/maven2/org/codehaus/plexus/plexus-components/1.1.19/plexus-components-1.1.19.pom
3/3 KB   3/3 KB            Downloaded: https://repo.maven.apache.org/maven2/org/codehaus/plexus/plexus-components/1.1.19/plexus-components-1.1.19.pom (3 KB at 57.3 KB/sec)
Downloading: https://repo.maven.apache.org/maven2/org/codehaus/plexus/plexus/3.0.1/plexus-3.0.1.pom
3/19 KB   5/19 KB   8/19 KB   11/19 KB   13/19 KB   16/19 KB   19/19 KB   19/19 KB              Downloaded: https://repo.maven.apache.org/maven2/org/codehaus/plexus/plexus/3.0.1/plexus-3.0.1.pom (19 KB at 356.4 KB/sec)
Downloading: https://repo.maven.apache.org/maven2/org/codehaus/plexus/plexus-interpolation/1.15/plexus-interpolation-1.15.pom
1018/1018 B                 Downloaded: https://repo.maven.apache.org/maven2/org/codehaus/plexus/plexus-interpolation/1.15/plexus-interpolation-1.15.pom (1018 B at 20.7 KB/sec)
Downloading: https://repo.maven.apache.org/maven2/commons-lang/commons-lang/2.1/commons-lang-2.1.pom
3/10 KB       5/10 KB   8/10 KB   10/10 KB              Downloaded: https://repo.maven.apache.org/maven2/commons-lang/commons-lang/2.1/commons-lang-2.1.pom (10 KB at 193.9 KB/sec)
Downloading: https://repo.maven.apache.org/maven2/org/apache/maven/maven-archiver/2.5/maven-archiver-2.5.jar
Downloading: https://repo.maven.apache.org/maven2/org/codehaus/plexus/plexus-interpolation/1.15/plexus-interpolation-1.15.jar
Downloading: https://repo.maven.apache.org/maven2/org/codehaus/plexus/plexus-archiver/2.1/plexus-archiver-2.1.jar
Downloading: https://repo.maven.apache.org/maven2/org/codehaus/plexus/plexus-io/2.0.2/plexus-io-2.0.2.jar
Downloading: https://repo.maven.apache.org/maven2/commons-lang/commons-lang/2.1/commons-lang-2.1.jar
3/22 KB    5/22 KB   8/22 KB   11/22 KB   13/22 KB   16/22 KB   19/22 KB   21/22 KB   22/22 KB              Downloaded: https://repo.maven.apache.org/maven2/org/apache/maven/maven-archiver/2.5/maven-archiver-2.5.jar (22 KB at 213.0 KB/sec)
Downloading: https://repo.maven.apache.org/maven2/org/codehaus/plexus/plexus-utils/3.0/plexus-utils-3.0.jar
3/60 KB    5/60 KB   8/60 KB   11/60 KB   13/60 KB   13/60 KB   3/57 KB   3/203 KB   13/60 KB   3/221 KB   5/57 KB   3/203 KB   13/60 KB   3/181 KB   3/221 KB   8/57 KB   3/203 KB   13/60 KB   3/181 KB   3/221 KB   11/57 KB   3/203 KB   13/60 KB   3/221 KB   3/57 KB   3/203 KB   13/60 KB   3/181 KB   5/221 KB   11/57 KB   3/203 KB   13/60 KB   3/181 KB   8/221 KB   11/57 KB   3/203 KB   13/60 KB   3/181 KB   11/221 KB   11/57 KB   3/203 KB   13/60 KB   3/181 KB   13/221 KB   11/57 KB   3/203 KB   13/60 KB   3/181 KB   16/221 KB   11/57 KB   3/203 KB   13/60 KB   3/181 KB   19/221 KB   11/57 KB   3/203 KB   13/60 KB   3/181 KB   21/221 KB   11/57 KB   3/203 KB   13/60 KB   3/181 KB   24/221 KB   11/57 KB   3/203 KB   13/60 KB   3/181 KB   27/221 KB   11/57 KB   3/203 KB   13/60 KB   3/181 KB   29/221 KB   11/57 KB   3/203 KB   13/60 KB   3/181 KB   32/221 KB   11/57 KB   3/203 KB   13/60 KB   3/181 KB   36/221 KB   11/57 KB   3/203 KB   13/60 KB   3/181 KB   40/221 KB   11/57 KB   3/203 KB   13/60 KB   3/181 KB   44/221 KB   11/57 KB   3/203 KB   13/60 KB   3/181 KB   48/221 KB   11/57 KB   3/203 KB   16/60 KB   3/181 KB   48/221 KB   11/57 KB   3/203 KB   19/60 KB   3/181 KB   48/221 KB   11/57 KB   3/203 KB   21/60 KB   3/181 KB   48/221 KB   11/57 KB   3/203 KB   24/60 KB   3/181 KB   48/221 KB   11/57 KB   3/203 KB   27/60 KB   3/181 KB   48/221 KB   11/57 KB   3/203 KB   29/60 KB   3/181 KB   48/221 KB   11/57 KB   3/203 KB   32/60 KB   3/181 KB   48/221 KB   11/57 KB   3/203 KB   13/60 KB   3/57 KB   5/203 KB   32/60 KB   3/181 KB   48/221 KB   11/57 KB   8/203 KB   32/60 KB   3/181 KB   48/221 KB   11/57 KB   11/203 KB   32/60 KB   3/181 KB   48/221 KB   11/57 KB   13/203 KB   32/60 KB   3/181 KB   48/221 KB   11/57 KB   3/203 KB   13/60 KB   3/181 KB   3/221 KB   5/57 KB   13/203 KB   32/60 KB   5/181 KB   48/221 KB   11/57 KB   13/203 KB   32/60 KB   8/181 KB   48/221 KB   11/57 KB   13/203 KB   32/60 KB   11/181 KB   48/221 KB   11/57 KB   13/203 KB   32/60 KB   13/181 KB   48/221 KB   13/57 KB   13/203 KB   32/60 KB   11/181 KB   48/221 KB   13/57 KB   13/203 KB   32/60 KB   13/181 KB   48/221 KB   16/57 KB   13/203 KB   32/60 KB   13/181 KB   48/221 KB   19/57 KB   16/203 KB   32/60 KB   13/181 KB   48/221 KB   21/57 KB   16/203 KB   32/60 KB   16/181 KB   48/221 KB   24/57 KB   16/203 KB   32/60 KB   13/181 KB   48/221 KB   19/57 KB   19/203 KB   32/60 KB   16/181 KB   48/221 KB   24/57 KB   21/203 KB   32/60 KB   16/181 KB   48/221 KB   24/57 KB   24/203 KB   32/60 KB   16/181 KB   48/221 KB   24/57 KB   27/203 KB   32/60 KB   16/181 KB   48/221 KB   24/57 KB   16/203 KB   32/60 KB   16/181 KB   48/221 KB   21/57 KB   27/203 KB   36/60 KB   19/181 KB   48/221 KB   27/57 KB   27/203 KB   36/60 KB   21/181 KB   48/221 KB   27/57 KB   27/203 KB   36/60 KB   24/181 KB   48/221 KB   27/57 KB   27/203 KB   36/60 KB   16/181 KB   48/221 KB   27/57 KB   27/203 KB   40/60 KB   24/181 KB   48/221 KB   27/57 KB   27/203 KB   44/60 KB   24/181 KB   48/221 KB   27/57 KB   27/203 KB   48/60 KB   24/181 KB   48/221 KB   27/57 KB   27/203 KB   52/60 KB   24/181 KB   48/221 KB   27/57 KB   27/203 KB   56/60 KB   24/181 KB   48/221 KB   27/57 KB   27/203 KB   60/60 KB   24/181 KB   48/221 KB   27/57 KB   27/203 KB   60/60 KB   27/181 KB   48/221 KB   27/57 KB   27/203 KB   60/60 KB   29/181 KB   48/221 KB   27/57 KB   29/203 KB   60/60 KB   32/181 KB   48/221 KB   27/57 KB   27/203 KB   32/60 KB   16/181 KB   48/221 KB   27/57 KB   29/203 KB   60/60 KB   32/181 KB   48/221 KB   29/57 KB   29/203 KB   60/60 KB   32/181 KB   48/221 KB   32/57 KB   29/203 KB   60/60 KB   29/181 KB   48/221 KB   27/57 KB   32/203 KB   60/60 KB   32/181 KB   48/221 KB   32/57 KB   36/203 KB   60/60 KB   32/181 KB   48/221 KB   32/57 KB   36/203 KB   60/60 KB   36/181 KB   52/221 KB   36/57 KB   36/203 KB   60/60 KB   40/181 KB   52/221 KB   36/57 KB   36/203 KB   60/60 KB   44/181 KB   52/221 KB   36/57 KB   36/203 KB   60/60 KB   48/181 KB   52/221 KB   36/57 KB   36/203 KB   60/60 KB   52/181 KB   52/221 KB   36/57 KB   36/203 KB   60/60 KB   32/181 KB   52/221 KB   36/57 KB   40/203 KB   60/60 KB   52/181 KB   56/221 KB   36/57 KB   40/203 KB   60/60 KB   52/181 KB   60/221 KB   36/57 KB   40/203 KB   60/60 KB   52/181 KB   64/221 KB   36/57 KB   40/203 KB   60/60 KB   52/181 KB   68/221 KB   36/57 KB   36/203 KB   60/60 KB   32/181 KB   48/221 KB   36/57 KB   40/203 KB   60/60 KB   56/181 KB   68/221 KB   40/57 KB   40/203 KB   60/60 KB   56/181 KB   68/221 KB   44/57 KB   40/203 KB   60/60 KB   56/181 KB   68/221 KB   48/57 KB   40/203 KB   60/60 KB   56/181 KB   68/221 KB   52/57 KB   40/203 KB   60/60 KB   56/181 KB   68/221 KB   56/57 KB   40/203 KB   60/60 KB   56/181 KB   68/221 KB   57/57 KB   40/203 KB   60/60 KB   56/181 KB   68/221 KB   36/57 KB   40/203 KB   60/60 KB   60/181 KB   72/221 KB   57/57 KB   40/203 KB   60/60 KB   64/181 KB   72/221 KB   57/57 KB   40/203 KB   60/60 KB   68/181 KB   72/221 KB   57/57 KB   40/203 KB   60/60 KB   52/181 KB   52/221 KB   36/57 KB   44/203 KB   60/60 KB   68/181 KB   72/221 KB   57/57 KB   48/203 KB   60/60 KB   68/181 KB   72/221 KB   57/57 KB                                                             Downloaded: https://repo.maven.apache.org/maven2/org/codehaus/plexus/plexus-interpolation/1.15/plexus-interpolation-1.15.jar (60 KB at 386.0 KB/sec)
40/203 KB   60/60 KB   56/181 KB   72/221 KB   57/57 KB   48/203 KB   68/181 KB   76/221 KB   57/57 KB              48/203 KB   68/181 KB   80/221 KB   57/57 KB   48/203 KB   68/181 KB   84/221 KB   57/57 KB   52/203 KB   72/181 KB   88/221 KB   57/57 KB   52/203 KB   72/181 KB   92/221 KB   57/57 KB   52/203 KB   72/181 KB   96/221 KB   57/57 KB   52/203 KB   72/181 KB   100/221 KB   57/57 KB   52/203 KB   72/181 KB   84/221 KB   57/57 KB   52/203 KB   76/181 KB   100/221 KB   57/57 KB   52/203 KB   80/181 KB   100/221 KB              52/203 KB   84/181 KB   100/221 KB   52/203 KB   68/181 KB   84/221 KB   57/57 KB   56/203 KB   84/181 KB   100/221 KB   60/203 KB   84/181 KB   100/221 KB   64/203 KB   84/181 KB   100/221 KB   68/203 KB   84/181 KB   100/221 KB   72/203 KB   84/181 KB   100/221 KB                                                   Downloaded: https://repo.maven.apache.org/maven2/org/codehaus/plexus/plexus-io/2.0.2/plexus-io-2.0.2.jar (57 KB at 349.1 KB/sec)
76/203 KB   84/181 KB   100/221 KB   80/203 KB   84/181 KB   100/221 KB   84/203 KB   88/181 KB   100/221 KB   88/203 KB   88/181 KB   104/221 KB   92/203 KB   88/181 KB   104/221 KB   96/203 KB   88/181 KB   104/221 KB   100/203 KB   88/181 KB   104/221 KB   80/203 KB   88/181 KB   100/221 KB   100/203 KB   92/181 KB   104/221 KB   100/203 KB   96/181 KB   104/221 KB   100/203 KB   100/181 KB   104/221 KB   100/203 KB   104/181 KB   104/221 KB   100/203 KB   108/181 KB   104/221 KB   100/203 KB   112/181 KB   104/221 KB   84/203 KB   88/181 KB   104/221 KB   100/203 KB   112/181 KB   108/221 KB   100/203 KB   112/181 KB   112/221 KB   100/203 KB   112/181 KB   116/221 KB   100/203 KB   112/181 KB   120/221 KB   100/203 KB   112/181 KB   124/221 KB   100/203 KB   116/181 KB   128/221 KB   100/203 KB   116/181 KB   132/221 KB   104/203 KB   116/181 KB   136/221 KB   104/203 KB   116/181 KB   140/221 KB   104/203 KB   116/181 KB   144/221 KB   104/203 KB   116/181 KB   148/221 KB   100/203 KB   116/181 KB   124/221 KB   104/203 KB   120/181 KB   148/221 KB   104/203 KB   116/181 KB   132/221 KB   108/203 KB   124/181 KB   148/221 KB   112/203 KB   124/181 KB   148/221 KB   104/203 KB   124/181 KB   148/221 KB   112/203 KB   128/181 KB   148/221 KB   116/203 KB   132/181 KB   148/221 KB   116/203 KB   136/181 KB   148/221 KB   116/203 KB   140/181 KB   152/221 KB   116/203 KB   144/181 KB   152/221 KB   116/203 KB   148/181 KB   152/221 KB   116/203 KB   128/181 KB   148/221 KB   120/203 KB   148/181 KB   152/221 KB   124/203 KB   148/181 KB   152/221 KB   128/203 KB   148/181 KB   152/221 KB   132/203 KB   148/181 KB   152/221 KB   136/203 KB   152/181 KB   152/221 KB   140/203 KB   152/181 KB   152/221 KB   116/203 KB   136/181 KB   152/221 KB   140/203 KB   152/181 KB   156/221 KB   140/203 KB   152/181 KB   160/221 KB   140/203 KB   152/181 KB   164/221 KB   140/203 KB   152/181 KB   168/221 KB   140/203 KB   152/181 KB   172/221 KB   144/203 KB   152/181 KB   176/221 KB   144/203 KB   152/181 KB   180/221 KB   144/203 KB   152/181 KB   184/221 KB   132/203 KB   152/181 KB   152/221 KB   144/203 KB   156/181 KB   184/221 KB   144/203 KB   160/181 KB   184/221 KB   144/203 KB   152/181 KB   172/221 KB   148/203 KB   160/181 KB   184/221 KB   152/203 KB   164/181 KB   184/221 KB   156/203 KB   164/181 KB   184/221 KB   160/203 KB   164/181 KB   188/221 KB   164/203 KB   164/181 KB   188/221 KB   148/203 KB   164/181 KB   184/221 KB   164/203 KB   168/181 KB   188/221 KB   164/203 KB   172/181 KB   188/221 KB   164/203 KB   176/181 KB   188/221 KB   164/203 KB   180/181 KB   188/221 KB   164/203 KB   181/181 KB   188/221 KB   156/203 KB   164/181 KB   188/221 KB   164/203 KB   181/181 KB   192/221 KB   164/203 KB   181/181 KB   196/221 KB   168/203 KB   181/181 KB   200/221 KB   168/203 KB   181/181 KB   204/221 KB   168/203 KB   181/181 KB   208/221 KB   168/203 KB   181/181 KB   212/221 KB   168/203 KB   181/181 KB   196/221 KB   172/203 KB   181/181 KB   212/221 KB   176/203 KB   181/181 KB   212/221 KB   180/203 KB   181/181 KB   212/221 KB   184/203 KB   181/181 KB   212/221 KB   188/203 KB   181/181 KB   212/221 KB   192/203 KB   181/181 KB   212/221 KB   196/203 KB   181/181 KB   212/221 KB   200/203 KB   181/181 KB   216/221 KB   203/203 KB   181/181 KB   216/221 KB   196/203 KB   181/181 KB   216/221 KB   203/203 KB   181/181 KB   220/221 KB   203/203 KB   181/181 KB   221/221 KB                                          Downloaded: https://repo.maven.apache.org/maven2/org/codehaus/plexus/plexus-archiver/2.1/plexus-archiver-2.1.jar (181 KB at 833.9 KB/sec)
                                       Downloaded: https://repo.maven.apache.org/maven2/org/codehaus/plexus/plexus-utils/3.0/plexus-utils-3.0.jar (221 KB at 981.2 KB/sec)
                                       Downloaded: https://repo.maven.apache.org/maven2/commons-lang/commons-lang/2.1/commons-lang-2.1.jar (203 KB at 885.8 KB/sec)
[INFO] Building jar: /var/lib/jenkins/workspace/searchengine/target/SearchEngine-1.0.jar
[INFO] 
[8mha:AAAAYB+LCAAAAAAAAP9b85aBtbiIQSmjNKU4P0+vJLE4u1gvPjexLDVPzxdEGvvmZ+X75ZekLlOVfvTjc8FPJgaGiiIGKaiG5Py84vycVD1nCA1SyAABjCCFBQCV27OjYAAAAA==[0m[INFO] --- maven-dependency-plugin:2.5.1:copy-dependencies (copy-dependencies) @ SearchEngine ---
Downloading: https://repo.maven.apache.org/maven2/org/apache/maven/doxia/doxia-sink-api/1.0-alpha-10/doxia-sink-api-1.0-alpha-10.pom
2/2 KB                                          Downloaded: https://repo.maven.apache.org/maven2/org/apache/maven/doxia/doxia-sink-api/1.0-alpha-10/doxia-sink-api-1.0-alpha-10.pom (2 KB at 23.9 KB/sec)
Downloading: https://repo.maven.apache.org/maven2/org/apache/maven/doxia/doxia/1.0-alpha-10/doxia-1.0-alpha-10.pom
3/9 KB   5/9 KB   8/9 KB   9/9 KB            Downloaded: https://repo.maven.apache.org/maven2/org/apache/maven/doxia/doxia/1.0-alpha-10/doxia-1.0-alpha-10.pom (9 KB at 208.0 KB/sec)
Downloading: https://repo.maven.apache.org/maven2/org/apache/maven/maven-parent/6/maven-parent-6.pom
3/20 KB   5/20 KB   8/20 KB   11/20 KB   13/20 KB   16/20 KB   19/20 KB   20/20 KB              Downloaded: https://repo.maven.apache.org/maven2/org/apache/maven/maven-parent/6/maven-parent-6.pom (20 KB at 337.5 KB/sec)
Downloading: https://repo.maven.apache.org/maven2/org/apache/maven/reporting/maven-reporting-api/3.0/maven-reporting-api-3.0.pom
3/3 KB     3/3 KB            Downloaded: https://repo.maven.apache.org/maven2/org/apache/maven/reporting/maven-reporting-api/3.0/maven-reporting-api-3.0.pom (3 KB at 51.5 KB/sec)
Downloading: https://repo.maven.apache.org/maven2/org/apache/maven/shared/maven-shared-components/15/maven-shared-components-15.pom
3/10 KB   5/10 KB   8/10 KB   10/10 KB              Downloaded: https://repo.maven.apache.org/maven2/org/apache/maven/shared/maven-shared-components/15/maven-shared-components-15.pom (10 KB at 178.8 KB/sec)
Downloading: https://repo.maven.apache.org/maven2/org/apache/maven/maven-parent/16/maven-parent-16.pom
3/23 KB    5/23 KB   8/23 KB   11/23 KB   13/23 KB   16/23 KB   19/23 KB   21/23 KB   23/23 KB              Downloaded: https://repo.maven.apache.org/maven2/org/apache/maven/maven-parent/16/maven-parent-16.pom (23 KB at 463.8 KB/sec)
Downloading: https://repo.maven.apache.org/maven2/org/apache/apache/7/apache-7.pom
3/15 KB    5/15 KB   8/15 KB   11/15 KB   13/15 KB   15/15 KB              Downloaded: https://repo.maven.apache.org/maven2/org/apache/apache/7/apache-7.pom (15 KB at 276.3 KB/sec)
Downloading: https://repo.maven.apache.org/maven2/org/apache/maven/doxia/doxia-sink-api/1.0/doxia-sink-api-1.0.pom
2/2 KB              Downloaded: https://repo.maven.apache.org/maven2/org/apache/maven/doxia/doxia-sink-api/1.0/doxia-sink-api-1.0.pom (2 KB at 34.7 KB/sec)
Downloading: https://repo.maven.apache.org/maven2/org/apache/maven/doxia/doxia/1.0/doxia-1.0.pom
3/10 KB   5/10 KB   8/10 KB   10/10 KB              Downloaded: https://repo.maven.apache.org/maven2/org/apache/maven/doxia/doxia/1.0/doxia-1.0.pom (10 KB at 209.3 KB/sec)
Downloading: https://repo.maven.apache.org/maven2/org/apache/maven/maven-parent/10/maven-parent-10.pom
3/31 KB    5/31 KB   8/31 KB   11/31 KB   13/31 KB   16/31 KB   19/31 KB   21/31 KB   24/31 KB   27/31 KB   29/31 KB   31/31 KB              Downloaded: https://repo.maven.apache.org/maven2/org/apache/maven/maven-parent/10/maven-parent-10.pom (31 KB at 514.9 KB/sec)
Downloading: https://repo.maven.apache.org/maven2/org/apache/maven/reporting/maven-reporting-impl/2.0.5/maven-reporting-impl-2.0.5.pom
1/5 KB     4/5 KB   5/5 KB            Downloaded: https://repo.maven.apache.org/maven2/org/apache/maven/reporting/maven-reporting-impl/2.0.5/maven-reporting-impl-2.0.5.pom (5 KB at 93.7 KB/sec)
Downloading: https://repo.maven.apache.org/maven2/org/apache/maven/doxia/doxia-core/1.0/doxia-core-1.0.pom
3/3 KB   3/3 KB            Downloaded: https://repo.maven.apache.org/maven2/org/apache/maven/doxia/doxia-core/1.0/doxia-core-1.0.pom (3 KB at 58.5 KB/sec)
Downloading: https://repo.maven.apache.org/maven2/org/codehaus/plexus/plexus-utils/1.5.7/plexus-utils-1.5.7.pom
3/8 KB   5/8 KB   8/8 KB   8/8 KB            Downloaded: https://repo.maven.apache.org/maven2/org/codehaus/plexus/plexus-utils/1.5.7/plexus-utils-1.5.7.pom (8 KB at 179.0 KB/sec)
Downloading: https://repo.maven.apache.org/maven2/org/codehaus/plexus/plexus-container-default/1.0-alpha-30/plexus-container-default-1.0-alpha-30.pom
3/4 KB   4/4 KB            Downloaded: https://repo.maven.apache.org/maven2/org/codehaus/plexus/plexus-container-default/1.0-alpha-30/plexus-container-default-1.0-alpha-30.pom (4 KB at 89.4 KB/sec)
Downloading: https://repo.maven.apache.org/maven2/org/codehaus/plexus/plexus-containers/1.0-alpha-30/plexus-containers-1.0-alpha-30.pom
2/2 KB            Downloaded: https://repo.maven.apache.org/maven2/org/codehaus/plexus/plexus-containers/1.0-alpha-30/plexus-containers-1.0-alpha-30.pom (2 KB at 41.1 KB/sec)
Downloading: https://repo.maven.apache.org/maven2/org/codehaus/plexus/plexus-utils/1.4.5/plexus-utils-1.4.5.pom
3/3 KB   3/3 KB            Downloaded: https://repo.maven.apache.org/maven2/org/codehaus/plexus/plexus-utils/1.4.5/plexus-utils-1.4.5.pom (3 KB at 53.9 KB/sec)
Downloading: https://repo.maven.apache.org/maven2/org/codehaus/plexus/plexus-classworlds/1.2-alpha-9/plexus-classworlds-1.2-alpha-9.pom
3/4 KB   4/4 KB            Downloaded: https://repo.maven.apache.org/maven2/org/codehaus/plexus/plexus-classworlds/1.2-alpha-9/plexus-classworlds-1.2-alpha-9.pom (4 KB at 80.7 KB/sec)
Downloading: https://repo.maven.apache.org/maven2/org/codehaus/plexus/plexus/1.0.10/plexus-1.0.10.pom
3/9 KB   5/9 KB   8/9 KB   9/9 KB            Downloaded: https://repo.maven.apache.org/maven2/org/codehaus/plexus/plexus/1.0.10/plexus-1.0.10.pom (9 KB at 217.7 KB/sec)
Downloading: https://repo.maven.apache.org/maven2/org/apache/maven/doxia/doxia-site-renderer/1.0/doxia-site-renderer-1.0.pom
3/5 KB   5/5 KB            Downloaded: https://repo.maven.apache.org/maven2/org/apache/maven/doxia/doxia-site-renderer/1.0/doxia-site-renderer-1.0.pom (5 KB at 100.5 KB/sec)
Downloading: https://repo.maven.apache.org/maven2/org/apache/maven/doxia/doxia-sitetools/1.0/doxia-sitetools-1.0.pom
3/10 KB   5/10 KB   8/10 KB   10/10 KB              Downloaded: https://repo.maven.apache.org/maven2/org/apache/maven/doxia/doxia-sitetools/1.0/doxia-sitetools-1.0.pom (10 KB at 208.0 KB/sec)
Downloading: https://repo.maven.apache.org/maven2/org/apache/maven/maven-parent/11/maven-parent-11.pom
3/32 KB    5/32 KB   8/32 KB   11/32 KB   13/32 KB   16/32 KB   19/32 KB   21/32 KB   24/32 KB   27/32 KB   29/32 KB   32/32 KB   32/32 KB              Downloaded: https://repo.maven.apache.org/maven2/org/apache/maven/maven-parent/11/maven-parent-11.pom (32 KB at 645.9 KB/sec)
Downloading: https://repo.maven.apache.org/maven2/org/apache/apache/5/apache-5.pom
3/5 KB     5/5 KB            Downloaded: https://repo.maven.apache.org/maven2/org/apache/apache/5/apache-5.pom (5 KB at 88.9 KB/sec)
Downloading: https://repo.maven.apache.org/maven2/org/codehaus/plexus/plexus-i18n/1.0-beta-7/plexus-i18n-1.0-beta-7.pom
2/2 KB            Downloaded: https://repo.maven.apache.org/maven2/org/codehaus/plexus/plexus-i18n/1.0-beta-7/plexus-i18n-1.0-beta-7.pom (2 KB at 23.5 KB/sec)
Downloading: https://repo.maven.apache.org/maven2/org/codehaus/plexus/plexus-components/1.1.12/plexus-components-1.1.12.pom
3/3 KB   3/3 KB            Downloaded: https://repo.maven.apache.org/maven2/org/codehaus/plexus/plexus-components/1.1.12/plexus-components-1.1.12.pom (3 KB at 77.2 KB/sec)
Downloading: https://repo.maven.apache.org/maven2/org/codehaus/plexus/plexus-velocity/1.1.7/plexus-velocity-1.1.7.pom
2/2 KB            Downloaded: https://repo.maven.apache.org/maven2/org/codehaus/plexus/plexus-velocity/1.1.7/plexus-velocity-1.1.7.pom (2 KB at 49.0 KB/sec)
Downloading: https://repo.maven.apache.org/maven2/org/codehaus/plexus/plexus-container-default/1.0-alpha-20/plexus-container-default-1.0-alpha-20.pom
3/3 KB   3/3 KB            Downloaded: https://repo.maven.apache.org/maven2/org/codehaus/plexus/plexus-container-default/1.0-alpha-20/plexus-container-default-1.0-alpha-20.pom (3 KB at 48.7 KB/sec)
Downloading: https://repo.maven.apache.org/maven2/org/codehaus/plexus/plexus-containers/1.0-alpha-20/plexus-containers-1.0-alpha-20.pom
2/2 KB            Downloaded: https://repo.maven.apache.org/maven2/org/codehaus/plexus/plexus-containers/1.0-alpha-20/plexus-containers-1.0-alpha-20.pom (2 KB at 40.9 KB/sec)
Downloading: https://repo.maven.apache.org/maven2/org/codehaus/plexus/plexus-utils/1.3/plexus-utils-1.3.pom
2/2 KB            Downloaded: https://repo.maven.apache.org/maven2/org/codehaus/plexus/plexus-utils/1.3/plexus-utils-1.3.pom (2 KB at 23.5 KB/sec)
Downloading: https://repo.maven.apache.org/maven2/org/codehaus/plexus/plexus/1.0.8/plexus-1.0.8.pom
3/8 KB   5/8 KB   8/8 KB            Downloaded: https://repo.maven.apache.org/maven2/org/codehaus/plexus/plexus/1.0.8/plexus-1.0.8.pom (8 KB at 190.8 KB/sec)
Downloading: https://repo.maven.apache.org/maven2/org/codehaus/plexus/plexus-classworlds/1.2-alpha-7/plexus-classworlds-1.2-alpha-7.pom
3/3 KB   3/3 KB            Downloaded: https://repo.maven.apache.org/maven2/org/codehaus/plexus/plexus-classworlds/1.2-alpha-7/plexus-classworlds-1.2-alpha-7.pom (3 KB at 59.4 KB/sec)
Downloading: https://repo.maven.apache.org/maven2/org/codehaus/plexus/plexus/1.0.9/plexus-1.0.9.pom
3/8 KB   5/8 KB   8/8 KB   8/8 KB            Downloaded: https://repo.maven.apache.org/maven2/org/codehaus/plexus/plexus/1.0.9/plexus-1.0.9.pom (8 KB at 178.6 KB/sec)
Downloading: https://repo.maven.apache.org/maven2/org/apache/velocity/velocity/1.5/velocity-1.5.pom
3/8 KB   5/8 KB   8/8 KB   8/8 KB            Downloaded: https://repo.maven.apache.org/maven2/org/apache/velocity/velocity/1.5/velocity-1.5.pom (8 KB at 199.6 KB/sec)
Downloading: https://repo.maven.apache.org/maven2/commons-collections/commons-collections/3.1/commons-collections-3.1.pom
3/6 KB   5/6 KB   6/6 KB            Downloaded: https://repo.maven.apache.org/maven2/commons-collections/commons-collections/3.1/commons-collections-3.1.pom (6 KB at 116.5 KB/sec)
Downloading: https://repo.maven.apache.org/maven2/oro/oro/2.0.8/oro-2.0.8.pom
140/140 B               Downloaded: https://repo.maven.apache.org/maven2/oro/oro/2.0.8/oro-2.0.8.pom (140 B at 3.3 KB/sec)
Downloading: https://repo.maven.apache.org/maven2/org/apache/maven/doxia/doxia-decoration-model/1.0/doxia-decoration-model-1.0.pom
3/4 KB      4/4 KB            Downloaded: https://repo.maven.apache.org/maven2/org/apache/maven/doxia/doxia-decoration-model/1.0/doxia-decoration-model-1.0.pom (4 KB at 61.6 KB/sec)
Downloading: https://repo.maven.apache.org/maven2/commons-collections/commons-collections/3.2/commons-collections-3.2.pom
3/11 KB   5/11 KB   8/11 KB   11/11 KB   11/11 KB              Downloaded: https://repo.maven.apache.org/maven2/commons-collections/commons-collections/3.2/commons-collections-3.2.pom (11 KB at 256.6 KB/sec)
Downloading: https://repo.maven.apache.org/maven2/org/apache/maven/doxia/doxia-module-apt/1.0/doxia-module-apt-1.0.pom
3/3 KB     3/3 KB            Downloaded: https://repo.maven.apache.org/maven2/org/apache/maven/doxia/doxia-module-apt/1.0/doxia-module-apt-1.0.pom (3 KB at 44.9 KB/sec)
Downloading: https://repo.maven.apache.org/maven2/org/apache/maven/doxia/doxia-modules/1.0/doxia-modules-1.0.pom
3/3 KB   3/3 KB            Downloaded: https://repo.maven.apache.org/maven2/org/apache/maven/doxia/doxia-modules/1.0/doxia-modules-1.0.pom (3 KB at 53.1 KB/sec)
Downloading: https://repo.maven.apache.org/maven2/org/apache/maven/doxia/doxia-module-fml/1.0/doxia-module-fml-1.0.pom
3/3 KB   3/3 KB            Downloaded: https://repo.maven.apache.org/maven2/org/apache/maven/doxia/doxia-module-fml/1.0/doxia-module-fml-1.0.pom (3 KB at 61.1 KB/sec)
Downloading: https://repo.maven.apache.org/maven2/org/apache/maven/doxia/doxia-module-xdoc/1.0/doxia-module-xdoc-1.0.pom
3/3 KB   3/3 KB            Downloaded: https://repo.maven.apache.org/maven2/org/apache/maven/doxia/doxia-module-xdoc/1.0/doxia-module-xdoc-1.0.pom (3 KB at 50.9 KB/sec)
Downloading: https://repo.maven.apache.org/maven2/org/apache/maven/doxia/doxia-module-xhtml/1.0/doxia-module-xhtml-1.0.pom
2/2 KB            Downloaded: https://repo.maven.apache.org/maven2/org/apache/maven/doxia/doxia-module-xhtml/1.0/doxia-module-xhtml-1.0.pom (2 KB at 33.9 KB/sec)
Downloading: https://repo.maven.apache.org/maven2/org/apache/maven/shared/maven-doxia-tools/1.0.2/maven-doxia-tools-1.0.2.pom
3/6 KB   5/6 KB   6/6 KB            Downloaded: https://repo.maven.apache.org/maven2/org/apache/maven/shared/maven-doxia-tools/1.0.2/maven-doxia-tools-1.0.2.pom (6 KB at 146.9 KB/sec)
Downloading: https://repo.maven.apache.org/maven2/org/apache/maven/shared/maven-shared-components/11/maven-shared-components-11.pom
1/9 KB   4/9 KB   6/9 KB   9/9 KB            Downloaded: https://repo.maven.apache.org/maven2/org/apache/maven/shared/maven-shared-components/11/maven-shared-components-11.pom (9 KB at 173.3 KB/sec)
Downloading: https://repo.maven.apache.org/maven2/commons-io/commons-io/1.4/commons-io-1.4.pom
3/13 KB   5/13 KB   8/13 KB   11/13 KB   13/13 KB   13/13 KB              Downloaded: https://repo.maven.apache.org/maven2/commons-io/commons-io/1.4/commons-io-1.4.pom (13 KB at 329.7 KB/sec)
Downloading: https://repo.maven.apache.org/maven2/org/apache/commons/commons-parent/7/commons-parent-7.pom
3/18 KB    5/18 KB   8/18 KB   11/18 KB   13/18 KB   16/18 KB   18/18 KB              Downloaded: https://repo.maven.apache.org/maven2/org/apache/commons/commons-parent/7/commons-parent-7.pom (18 KB at 427.1 KB/sec)
Downloading: https://repo.maven.apache.org/maven2/commons-validator/commons-validator/1.2.0/commons-validator-1.2.0.pom
3/9 KB     5/9 KB   8/9 KB   9/9 KB            Downloaded: https://repo.maven.apache.org/maven2/commons-validator/commons-validator/1.2.0/commons-validator-1.2.0.pom (9 KB at 197.1 KB/sec)
Downloading: https://repo.maven.apache.org/maven2/commons-beanutils/commons-beanutils/1.7.0/commons-beanutils-1.7.0.pom
357/357 B               Downloaded: https://repo.maven.apache.org/maven2/commons-beanutils/commons-beanutils/1.7.0/commons-beanutils-1.7.0.pom (357 B at 9.4 KB/sec)
Downloading: https://repo.maven.apache.org/maven2/commons-logging/commons-logging/1.0.3/commons-logging-1.0.3.pom
866/866 B               Downloaded: https://repo.maven.apache.org/maven2/commons-logging/commons-logging/1.0.3/commons-logging-1.0.3.pom (866 B at 22.3 KB/sec)
Downloading: https://repo.maven.apache.org/maven2/commons-digester/commons-digester/1.6/commons-digester-1.6.pom
974/974 B               Downloaded: https://repo.maven.apache.org/maven2/commons-digester/commons-digester/1.6/commons-digester-1.6.pom (974 B at 22.6 KB/sec)
Downloading: https://repo.maven.apache.org/maven2/commons-beanutils/commons-beanutils/1.6/commons-beanutils-1.6.pom
3/3 KB      3/3 KB            Downloaded: https://repo.maven.apache.org/maven2/commons-beanutils/commons-beanutils/1.6/commons-beanutils-1.6.pom (3 KB at 61.0 KB/sec)
Downloading: https://repo.maven.apache.org/maven2/commons-logging/commons-logging/1.0/commons-logging-1.0.pom
163/163 B               Downloaded: https://repo.maven.apache.org/maven2/commons-logging/commons-logging/1.0/commons-logging-1.0.pom (163 B at 4.0 KB/sec)
Downloading: https://repo.maven.apache.org/maven2/commons-collections/commons-collections/2.0/commons-collections-2.0.pom
171/171 B               Downloaded: https://repo.maven.apache.org/maven2/commons-collections/commons-collections/2.0/commons-collections-2.0.pom (171 B at 4.3 KB/sec)
Downloading: https://repo.maven.apache.org/maven2/commons-collections/commons-collections/2.1/commons-collections-2.1.pom
3/4 KB      4/4 KB            Downloaded: https://repo.maven.apache.org/maven2/commons-collections/commons-collections/2.1/commons-collections-2.1.pom (4 KB at 90.5 KB/sec)
Downloading: https://repo.maven.apache.org/maven2/commons-logging/commons-logging/1.0.4/commons-logging-1.0.4.pom
3/6 KB   5/6 KB   6/6 KB            Downloaded: https://repo.maven.apache.org/maven2/commons-logging/commons-logging/1.0.4/commons-logging-1.0.4.pom (6 KB at 135.3 KB/sec)
Downloading: https://repo.maven.apache.org/maven2/xml-apis/xml-apis/2.0.2/xml-apis-2.0.2.pom
346/346 B               Downloaded: https://repo.maven.apache.org/maven2/xml-apis/xml-apis/2.0.2/xml-apis-2.0.2.pom (346 B at 8.7 KB/sec)
Downloading: https://repo.maven.apache.org/maven2/org/codehaus/plexus/plexus-archiver/2.1.1/plexus-archiver-2.1.1.pom
3/3 KB      3/3 KB            Downloaded: https://repo.maven.apache.org/maven2/org/codehaus/plexus/plexus-archiver/2.1.1/plexus-archiver-2.1.1.pom (3 KB at 70.4 KB/sec)
Downloading: https://repo.maven.apache.org/maven2/org/codehaus/plexus/plexus-io/2.0.3/plexus-io-2.0.3.pom
2/2 KB            Downloaded: https://repo.maven.apache.org/maven2/org/codehaus/plexus/plexus-io/2.0.3/plexus-io-2.0.3.pom (2 KB at 40.3 KB/sec)
Downloading: https://repo.maven.apache.org/maven2/org/apache/maven/shared/file-management/1.2.1/file-management-1.2.1.pom
3/4 KB   4/4 KB            Downloaded: https://repo.maven.apache.org/maven2/org/apache/maven/shared/file-management/1.2.1/file-management-1.2.1.pom (4 KB at 108.3 KB/sec)
Downloading: https://repo.maven.apache.org/maven2/org/apache/maven/shared/maven-shared-components/10/maven-shared-components-10.pom
3/9 KB   5/9 KB   8/9 KB   9/9 KB            Downloaded: https://repo.maven.apache.org/maven2/org/apache/maven/shared/maven-shared-components/10/maven-shared-components-10.pom (9 KB at 235.3 KB/sec)
Downloading: https://repo.maven.apache.org/maven2/org/apache/maven/maven-parent/9/maven-parent-9.pom
3/33 KB   5/33 KB   8/33 KB   11/33 KB   13/33 KB   16/33 KB   19/33 KB   21/33 KB   24/33 KB   27/33 KB   29/33 KB   32/33 KB   33/33 KB              Downloaded: https://repo.maven.apache.org/maven2/org/apache/maven/maven-parent/9/maven-parent-9.pom (33 KB at 745.8 KB/sec)
Downloading: https://repo.maven.apache.org/maven2/org/apache/maven/shared/maven-shared-io/1.1/maven-shared-io-1.1.pom
3/4 KB     4/4 KB            Downloaded: https://repo.maven.apache.org/maven2/org/apache/maven/shared/maven-shared-io/1.1/maven-shared-io-1.1.pom (4 KB at 90.1 KB/sec)
Downloading: https://repo.maven.apache.org/maven2/org/apache/maven/shared/maven-shared-components/8/maven-shared-components-8.pom
3/3 KB   3/3 KB            Downloaded: https://repo.maven.apache.org/maven2/org/apache/maven/shared/maven-shared-components/8/maven-shared-components-8.pom (3 KB at 65.3 KB/sec)
Downloading: https://repo.maven.apache.org/maven2/org/apache/maven/maven-parent/7/maven-parent-7.pom
3/21 KB   5/21 KB   8/21 KB   11/21 KB   13/21 KB   16/21 KB   19/21 KB   21/21 KB              Downloaded: https://repo.maven.apache.org/maven2/org/apache/maven/maven-parent/7/maven-parent-7.pom (21 KB at 545.9 KB/sec)
Downloading: https://repo.maven.apache.org/maven2/org/apache/maven/maven-artifact/2.0.2/maven-artifact-2.0.2.pom
765/765 B               Downloaded: https://repo.maven.apache.org/maven2/org/apache/maven/maven-artifact/2.0.2/maven-artifact-2.0.2.pom (765 B at 21.3 KB/sec)
Downloading: https://repo.maven.apache.org/maven2/org/apache/maven/maven/2.0.2/maven-2.0.2.pom
3/13 KB     5/13 KB   8/13 KB   11/13 KB   13/13 KB   13/13 KB              Downloaded: https://repo.maven.apache.org/maven2/org/apache/maven/maven/2.0.2/maven-2.0.2.pom (13 KB at 292.3 KB/sec)
Downloading: https://repo.maven.apache.org/maven2/org/codehaus/plexus/plexus-utils/1.1/plexus-utils-1.1.pom
767/767 B               Downloaded: https://repo.maven.apache.org/maven2/org/codehaus/plexus/plexus-utils/1.1/plexus-utils-1.1.pom (767 B at 19.2 KB/sec)
Downloading: https://repo.maven.apache.org/maven2/org/apache/maven/maven-artifact-manager/2.0.2/maven-artifact-manager-2.0.2.pom
2/2 KB               Downloaded: https://repo.maven.apache.org/maven2/org/apache/maven/maven-artifact-manager/2.0.2/maven-artifact-manager-2.0.2.pom (2 KB at 37.8 KB/sec)
Downloading: https://repo.maven.apache.org/maven2/org/apache/maven/maven-repository-metadata/2.0.2/maven-repository-metadata-2.0.2.pom
2/2 KB            Downloaded: https://repo.maven.apache.org/maven2/org/apache/maven/maven-repository-metadata/2.0.2/maven-repository-metadata-2.0.2.pom (2 KB at 33.6 KB/sec)
Downloading: https://repo.maven.apache.org/maven2/org/apache/maven/wagon/wagon-provider-api/1.0-alpha-6/wagon-provider-api-1.0-alpha-6.pom
588/588 B               Downloaded: https://repo.maven.apache.org/maven2/org/apache/maven/wagon/wagon-provider-api/1.0-alpha-6/wagon-provider-api-1.0-alpha-6.pom (588 B at 17.4 KB/sec)
Downloading: https://repo.maven.apache.org/maven2/org/apache/maven/wagon/wagon/1.0-alpha-6/wagon-1.0-alpha-6.pom
3/7 KB      5/7 KB   7/7 KB            Downloaded: https://repo.maven.apache.org/maven2/org/apache/maven/wagon/wagon/1.0-alpha-6/wagon-1.0-alpha-6.pom (7 KB at 173.7 KB/sec)
Downloading: https://repo.maven.apache.org/maven2/org/codehaus/plexus/plexus-utils/1.4.6/plexus-utils-1.4.6.pom
3/3 KB   3/3 KB            Downloaded: https://repo.maven.apache.org/maven2/org/codehaus/plexus/plexus-utils/1.4.6/plexus-utils-1.4.6.pom (3 KB at 61.4 KB/sec)
Downloading: https://repo.maven.apache.org/maven2/org/codehaus/plexus/plexus-utils/1.5.6/plexus-utils-1.5.6.pom
3/6 KB   5/6 KB   6/6 KB            Downloaded: https://repo.maven.apache.org/maven2/org/codehaus/plexus/plexus-utils/1.5.6/plexus-utils-1.5.6.pom (6 KB at 156.9 KB/sec)
Downloading: https://repo.maven.apache.org/maven2/org/codehaus/plexus/plexus/1.0.12/plexus-1.0.12.pom
3/10 KB   5/10 KB   8/10 KB   10/10 KB              Downloaded: https://repo.maven.apache.org/maven2/org/codehaus/plexus/plexus/1.0.12/plexus-1.0.12.pom (10 KB at 245.4 KB/sec)
Downloading: https://repo.maven.apache.org/maven2/org/apache/maven/shared/maven-dependency-analyzer/1.2/maven-dependency-analyzer-1.2.pom
3/5 KB     5/5 KB   5/5 KB            Downloaded: https://repo.maven.apache.org/maven2/org/apache/maven/shared/maven-dependency-analyzer/1.2/maven-dependency-analyzer-1.2.pom (5 KB at 134.4 KB/sec)
Downloading: https://repo.maven.apache.org/maven2/org/apache/maven/shared/maven-shared-components/16/maven-shared-components-16.pom
3/9 KB   5/9 KB   8/9 KB   9/9 KB            Downloaded: https://repo.maven.apache.org/maven2/org/apache/maven/shared/maven-shared-components/16/maven-shared-components-16.pom (9 KB at 223.4 KB/sec)
Downloading: https://repo.maven.apache.org/maven2/asm/asm/3.0/asm-3.0.pom
360/360 B               Downloaded: https://repo.maven.apache.org/maven2/asm/asm/3.0/asm-3.0.pom (360 B at 9.0 KB/sec)
Downloading: https://repo.maven.apache.org/maven2/asm/asm-parent/3.0/asm-parent-3.0.pom
3/3 KB      3/3 KB            Downloaded: https://repo.maven.apache.org/maven2/asm/asm-parent/3.0/asm-parent-3.0.pom (3 KB at 67.8 KB/sec)
Downloading: https://repo.maven.apache.org/maven2/org/apache/maven/maven-project/2.0.5/maven-project-2.0.5.pom
2/2 KB            Downloaded: https://repo.maven.apache.org/maven2/org/apache/maven/maven-project/2.0.5/maven-project-2.0.5.pom (2 KB at 46.1 KB/sec)
Downloading: https://repo.maven.apache.org/maven2/org/apache/maven/maven/2.0.5/maven-2.0.5.pom
3/6 KB   5/6 KB   6/6 KB            Downloaded: https://repo.maven.apache.org/maven2/org/apache/maven/maven/2.0.5/maven-2.0.5.pom (6 KB at 99.5 KB/sec)
Downloading: https://repo.maven.apache.org/maven2/org/apache/maven/maven-settings/2.0.5/maven-settings-2.0.5.pom
2/2 KB            Downloaded: https://repo.maven.apache.org/maven2/org/apache/maven/maven-settings/2.0.5/maven-settings-2.0.5.pom (2 KB at 49.6 KB/sec)
Downloading: https://repo.maven.apache.org/maven2/org/apache/maven/maven-model/2.0.5/maven-model-2.0.5.pom
3/3 KB   3/3 KB            Downloaded: https://repo.maven.apache.org/maven2/org/apache/maven/maven-model/2.0.5/maven-model-2.0.5.pom (3 KB at 46.6 KB/sec)
Downloading: https://repo.maven.apache.org/maven2/org/apache/maven/maven-profile/2.0.5/maven-profile-2.0.5.pom
2/2 KB            Downloaded: https://repo.maven.apache.org/maven2/org/apache/maven/maven-profile/2.0.5/maven-profile-2.0.5.pom (2 KB at 44.9 KB/sec)
Downloading: https://repo.maven.apache.org/maven2/org/apache/maven/maven-artifact-manager/2.0.5/maven-artifact-manager-2.0.5.pom
2/2 KB            Downloaded: https://repo.maven.apache.org/maven2/org/apache/maven/maven-artifact-manager/2.0.5/maven-artifact-manager-2.0.5.pom (2 KB at 38.9 KB/sec)
Downloading: https://repo.maven.apache.org/maven2/org/apache/maven/maven-repository-metadata/2.0.5/maven-repository-metadata-2.0.5.pom
2/2 KB            Downloaded: https://repo.maven.apache.org/maven2/org/apache/maven/maven-repository-metadata/2.0.5/maven-repository-metadata-2.0.5.pom (2 KB at 42.7 KB/sec)
Downloading: https://repo.maven.apache.org/maven2/org/apache/maven/maven-artifact/2.0.5/maven-artifact-2.0.5.pom
727/727 B               Downloaded: https://repo.maven.apache.org/maven2/org/apache/maven/maven-artifact/2.0.5/maven-artifact-2.0.5.pom (727 B at 20.3 KB/sec)
Downloading: https://repo.maven.apache.org/maven2/org/apache/maven/shared/maven-dependency-tree/2.0/maven-dependency-tree-2.0.pom
3/5 KB      5/5 KB            Downloaded: https://repo.maven.apache.org/maven2/org/apache/maven/shared/maven-dependency-tree/2.0/maven-dependency-tree-2.0.pom (5 KB at 106.1 KB/sec)
Downloading: https://repo.maven.apache.org/maven2/org/apache/maven/maven-project/2.2.0/maven-project-2.2.0.pom
3/3 KB   3/3 KB            Downloaded: https://repo.maven.apache.org/maven2/org/apache/maven/maven-project/2.2.0/maven-project-2.2.0.pom (3 KB at 60.2 KB/sec)
Downloading: https://repo.maven.apache.org/maven2/org/apache/maven/maven/2.2.0/maven-2.2.0.pom
3/22 KB   5/22 KB   7/22 KB   10/22 KB   12/22 KB   15/22 KB   18/22 KB   20/22 KB   22/22 KB              Downloaded: https://repo.maven.apache.org/maven2/org/apache/maven/maven/2.2.0/maven-2.2.0.pom (22 KB at 548.2 KB/sec)
Downloading: https://repo.maven.apache.org/maven2/org/apache/maven/maven-settings/2.2.0/maven-settings-2.2.0.pom
3/3 KB     3/3 KB            Downloaded: https://repo.maven.apache.org/maven2/org/apache/maven/maven-settings/2.2.0/maven-settings-2.2.0.pom (3 KB at 56.0 KB/sec)
Downloading: https://repo.maven.apache.org/maven2/org/apache/maven/maven-model/2.2.0/maven-model-2.2.0.pom
3/4 KB   4/4 KB            Downloaded: https://repo.maven.apache.org/maven2/org/apache/maven/maven-model/2.2.0/maven-model-2.2.0.pom (4 KB at 83.3 KB/sec)
Downloading: https://repo.maven.apache.org/maven2/org/codehaus/plexus/plexus-interpolation/1.11/plexus-interpolation-1.11.pom
889/889 B               Downloaded: https://repo.maven.apache.org/maven2/org/codehaus/plexus/plexus-interpolation/1.11/plexus-interpolation-1.11.pom (889 B at 24.8 KB/sec)
Downloading: https://repo.maven.apache.org/maven2/org/apache/maven/maven-profile/2.2.0/maven-profile-2.2.0.pom
3/3 KB      3/3 KB            Downloaded: https://repo.maven.apache.org/maven2/org/apache/maven/maven-profile/2.2.0/maven-profile-2.2.0.pom (3 KB at 54.4 KB/sec)
Downloading: https://repo.maven.apache.org/maven2/org/apache/maven/maven-artifact-manager/2.2.0/maven-artifact-manager-2.2.0.pom
3/4 KB   4/4 KB            Downloaded: https://repo.maven.apache.org/maven2/org/apache/maven/maven-artifact-manager/2.2.0/maven-artifact-manager-2.2.0.pom (4 KB at 73.9 KB/sec)
Downloading: https://repo.maven.apache.org/maven2/org/apache/maven/maven-repository-metadata/2.2.0/maven-repository-metadata-2.2.0.pom
2/2 KB            Downloaded: https://repo.maven.apache.org/maven2/org/apache/maven/maven-repository-metadata/2.2.0/maven-repository-metadata-2.2.0.pom (2 KB at 52.2 KB/sec)
Downloading: https://repo.maven.apache.org/maven2/org/apache/maven/maven-artifact/2.2.0/maven-artifact-2.2.0.pom
2/2 KB            Downloaded: https://repo.maven.apache.org/maven2/org/apache/maven/maven-artifact/2.2.0/maven-artifact-2.2.0.pom (2 KB at 35.9 KB/sec)
Downloading: https://repo.maven.apache.org/maven2/backport-util-concurrent/backport-util-concurrent/3.1/backport-util-concurrent-3.1.pom
880/880 B               Downloaded: https://repo.maven.apache.org/maven2/backport-util-concurrent/backport-util-concurrent/3.1/backport-util-concurrent-3.1.pom (880 B at 23.9 KB/sec)
Downloading: https://repo.maven.apache.org/maven2/org/apache/maven/maven-plugin-registry/2.2.0/maven-plugin-registry-2.2.0.pom
2/2 KB               Downloaded: https://repo.maven.apache.org/maven2/org/apache/maven/maven-plugin-registry/2.2.0/maven-plugin-registry-2.2.0.pom (2 KB at 49.6 KB/sec)
Downloading: https://repo.maven.apache.org/maven2/org/codehaus/plexus/plexus-component-annotations/1.5.5/plexus-component-annotations-1.5.5.pom
815/815 B               Downloaded: https://repo.maven.apache.org/maven2/org/codehaus/plexus/plexus-component-annotations/1.5.5/plexus-component-annotations-1.5.5.pom (815 B at 19.9 KB/sec)
Downloading: https://repo.maven.apache.org/maven2/org/codehaus/plexus/plexus-containers/1.5.5/plexus-containers-1.5.5.pom
3/5 KB      5/5 KB            Downloaded: https://repo.maven.apache.org/maven2/org/codehaus/plexus/plexus-containers/1.5.5/plexus-containers-1.5.5.pom (5 KB at 111.9 KB/sec)
Downloading: https://repo.maven.apache.org/maven2/org/codehaus/plexus/plexus/2.0.7/plexus-2.0.7.pom
3/17 KB   5/17 KB   8/17 KB   11/17 KB   13/17 KB   16/17 KB   17/17 KB              Downloaded: https://repo.maven.apache.org/maven2/org/codehaus/plexus/plexus/2.0.7/plexus-2.0.7.pom (17 KB at 351.9 KB/sec)
Downloading: https://repo.maven.apache.org/maven2/org/apache/maven/shared/maven-common-artifact-filters/1.2/maven-common-artifact-filters-1.2.pom
3/5 KB     5/5 KB            Downloaded: https://repo.maven.apache.org/maven2/org/apache/maven/shared/maven-common-artifact-filters/1.2/maven-common-artifact-filters-1.2.pom (5 KB at 100.3 KB/sec)
Downloading: https://repo.maven.apache.org/maven2/org/apache/maven/maven-artifact/2.0.8/maven-artifact-2.0.8.pom
2/2 KB            Downloaded: https://repo.maven.apache.org/maven2/org/apache/maven/maven-artifact/2.0.8/maven-artifact-2.0.8.pom (2 KB at 47.9 KB/sec)
Downloading: https://repo.maven.apache.org/maven2/org/apache/maven/maven/2.0.8/maven-2.0.8.pom
3/12 KB   5/12 KB   8/12 KB   11/12 KB   12/12 KB              Downloaded: https://repo.maven.apache.org/maven2/org/apache/maven/maven/2.0.8/maven-2.0.8.pom (12 KB at 337.5 KB/sec)
Downloading: https://repo.maven.apache.org/maven2/org/apache/maven/maven-model/2.0.8/maven-model-2.0.8.pom
3/4 KB     4/4 KB            Downloaded: https://repo.maven.apache.org/maven2/org/apache/maven/maven-model/2.0.8/maven-model-2.0.8.pom (4 KB at 92.9 KB/sec)
Downloading: https://repo.maven.apache.org/maven2/org/apache/maven/maven-project/2.0.8/maven-project-2.0.8.pom
3/3 KB   3/3 KB            Downloaded: https://repo.maven.apache.org/maven2/org/apache/maven/maven-project/2.0.8/maven-project-2.0.8.pom (3 KB at 75.6 KB/sec)
Downloading: https://repo.maven.apache.org/maven2/org/apache/maven/maven-settings/2.0.8/maven-settings-2.0.8.pom
3/3 KB            Downloaded: https://repo.maven.apache.org/maven2/org/apache/maven/maven-settings/2.0.8/maven-settings-2.0.8.pom (3 KB at 57.4 KB/sec)
Downloading: https://repo.maven.apache.org/maven2/org/apache/maven/maven-profile/2.0.8/maven-profile-2.0.8.pom
2/2 KB            Downloaded: https://repo.maven.apache.org/maven2/org/apache/maven/maven-profile/2.0.8/maven-profile-2.0.8.pom (2 KB at 51.0 KB/sec)
Downloading: https://repo.maven.apache.org/maven2/org/apache/maven/maven-artifact-manager/2.0.8/maven-artifact-manager-2.0.8.pom
3/3 KB   3/3 KB            Downloaded: https://repo.maven.apache.org/maven2/org/apache/maven/maven-artifact-manager/2.0.8/maven-artifact-manager-2.0.8.pom (3 KB at 65.9 KB/sec)
Downloading: https://repo.maven.apache.org/maven2/org/apache/maven/maven-repository-metadata/2.0.8/maven-repository-metadata-2.0.8.pom
2/2 KB            Downloaded: https://repo.maven.apache.org/maven2/org/apache/maven/maven-repository-metadata/2.0.8/maven-repository-metadata-2.0.8.pom (2 KB at 54.6 KB/sec)
Downloading: https://repo.maven.apache.org/maven2/org/apache/maven/maven-plugin-registry/2.0.8/maven-plugin-registry-2.0.8.pom
2/2 KB            Downloaded: https://repo.maven.apache.org/maven2/org/apache/maven/maven-plugin-registry/2.0.8/maven-plugin-registry-2.0.8.pom (2 KB at 47.6 KB/sec)
Downloading: https://repo.maven.apache.org/maven2/org/apache/maven/maven-plugin-api/2.0.8/maven-plugin-api-2.0.8.pom
2/2 KB            Downloaded: https://repo.maven.apache.org/maven2/org/apache/maven/maven-plugin-api/2.0.8/maven-plugin-api-2.0.8.pom (2 KB at 44.2 KB/sec)
Downloading: https://repo.maven.apache.org/maven2/org/codehaus/plexus/plexus-utils/1.4.9/plexus-utils-1.4.9.pom
3/3 KB   3/3 KB            Downloaded: https://repo.maven.apache.org/maven2/org/codehaus/plexus/plexus-utils/1.4.9/plexus-utils-1.4.9.pom (3 KB at 54.7 KB/sec)
Downloading: https://repo.maven.apache.org/maven2/org/apache/maven/shared/maven-plugin-testing-harness/1.1/maven-plugin-testing-harness-1.1.pom
3/7 KB   5/7 KB   7/7 KB            Downloaded: https://repo.maven.apache.org/maven2/org/apache/maven/shared/maven-plugin-testing-harness/1.1/maven-plugin-testing-harness-1.1.pom (7 KB at 154.7 KB/sec)
Downloading: https://repo.maven.apache.org/maven2/org/apache/maven/shared/maven-shared-components/7/maven-shared-components-7.pom
3/3 KB   3/3 KB            Downloaded: https://repo.maven.apache.org/maven2/org/apache/maven/shared/maven-shared-components/7/maven-shared-components-7.pom (3 KB at 66.8 KB/sec)
Downloading: https://repo.maven.apache.org/maven2/org/apache/maven/maven-project/2.0/maven-project-2.0.pom
2/2 KB            Downloaded: https://repo.maven.apache.org/maven2/org/apache/maven/maven-project/2.0/maven-project-2.0.pom (2 KB at 44.4 KB/sec)
Downloading: https://repo.maven.apache.org/maven2/org/apache/maven/maven-profile/2.0/maven-profile-2.0.pom
2/2 KB            Downloaded: https://repo.maven.apache.org/maven2/org/apache/maven/maven-profile/2.0/maven-profile-2.0.pom (2 KB at 31.2 KB/sec)
Downloading: https://repo.maven.apache.org/maven2/org/apache/maven/maven-model/2.0/maven-model-2.0.pom
3/3 KB   3/3 KB            Downloaded: https://repo.maven.apache.org/maven2/org/apache/maven/maven-model/2.0/maven-model-2.0.pom (3 KB at 67.2 KB/sec)
Downloading: https://repo.maven.apache.org/maven2/org/codehaus/plexus/plexus-container-default/1.0-alpha-8/plexus-container-default-1.0-alpha-8.pom
3/8 KB   5/8 KB   8/8 KB            Downloaded: https://repo.maven.apache.org/maven2/org/codehaus/plexus/plexus-container-default/1.0-alpha-8/plexus-container-default-1.0-alpha-8.pom (8 KB at 154.2 KB/sec)
Downloading: https://repo.maven.apache.org/maven2/org/apache/maven/maven-artifact-manager/2.0/maven-artifact-manager-2.0.pom
2/2 KB            Downloaded: https://repo.maven.apache.org/maven2/org/apache/maven/maven-artifact-manager/2.0/maven-artifact-manager-2.0.pom (2 KB at 35.6 KB/sec)
Downloading: https://repo.maven.apache.org/maven2/org/apache/maven/maven-repository-metadata/2.0/maven-repository-metadata-2.0.pom
2/2 KB            Downloaded: https://repo.maven.apache.org/maven2/org/apache/maven/maven-repository-metadata/2.0/maven-repository-metadata-2.0.pom (2 KB at 31.5 KB/sec)
Downloading: https://repo.maven.apache.org/maven2/org/apache/maven/maven-core/2.0/maven-core-2.0.pom
3/6 KB   5/6 KB   6/6 KB            Downloaded: https://repo.maven.apache.org/maven2/org/apache/maven/maven-core/2.0/maven-core-2.0.pom (6 KB at 136.6 KB/sec)
Downloading: https://repo.maven.apache.org/maven2/org/apache/maven/maven-settings/2.0/maven-settings-2.0.pom
2/2 KB            Downloaded: https://repo.maven.apache.org/maven2/org/apache/maven/maven-settings/2.0/maven-settings-2.0.pom (2 KB at 29.3 KB/sec)
Downloading: https://repo.maven.apache.org/maven2/org/apache/maven/maven-plugin-parameter-documenter/2.0/maven-plugin-parameter-documenter-2.0.pom
2/2 KB            Downloaded: https://repo.maven.apache.org/maven2/org/apache/maven/maven-plugin-parameter-documenter/2.0/maven-plugin-parameter-documenter-2.0.pom (2 KB at 31.7 KB/sec)
Downloading: https://repo.maven.apache.org/maven2/org/apache/maven/reporting/maven-reporting-api/2.0/maven-reporting-api-2.0.pom
2/2 KB            Downloaded: https://repo.maven.apache.org/maven2/org/apache/maven/reporting/maven-reporting-api/2.0/maven-reporting-api-2.0.pom (2 KB at 30.9 KB/sec)
Downloading: https://repo.maven.apache.org/maven2/org/apache/maven/reporting/maven-reporting/2.0/maven-reporting-2.0.pom
504/504 B               Downloaded: https://repo.maven.apache.org/maven2/org/apache/maven/reporting/maven-reporting/2.0/maven-reporting-2.0.pom (504 B at 14.1 KB/sec)
Downloading: https://repo.maven.apache.org/maven2/doxia/doxia-sink-api/1.0-alpha-4/doxia-sink-api-1.0-alpha-4.pom
2/2 KB               Downloaded: https://repo.maven.apache.org/maven2/doxia/doxia-sink-api/1.0-alpha-4/doxia-sink-api-1.0-alpha-4.pom (2 KB at 25.4 KB/sec)
Downloading: https://repo.maven.apache.org/maven2/org/apache/maven/maven-error-diagnostics/2.0/maven-error-diagnostics-2.0.pom
812/812 B               Downloaded: https://repo.maven.apache.org/maven2/org/apache/maven/maven-error-diagnostics/2.0/maven-error-diagnostics-2.0.pom (812 B at 19.3 KB/sec)
Downloading: https://repo.maven.apache.org/maven2/org/apache/maven/maven-plugin-registry/2.0/maven-plugin-registry-2.0.pom
2/2 KB               Downloaded: https://repo.maven.apache.org/maven2/org/apache/maven/maven-plugin-registry/2.0/maven-plugin-registry-2.0.pom (2 KB at 28.5 KB/sec)
Downloading: https://repo.maven.apache.org/maven2/org/apache/maven/maven-plugin-descriptor/2.0/maven-plugin-descriptor-2.0.pom
2/2 KB            Downloaded: https://repo.maven.apache.org/maven2/org/apache/maven/maven-plugin-descriptor/2.0/maven-plugin-descriptor-2.0.pom (2 KB at 32.4 KB/sec)
Downloading: https://repo.maven.apache.org/maven2/org/apache/maven/maven-monitor/2.0/maven-monitor-2.0.pom
400/400 B               Downloaded: https://repo.maven.apache.org/maven2/org/apache/maven/maven-monitor/2.0/maven-monitor-2.0.pom (400 B at 9.3 KB/sec)
Downloading: https://repo.maven.apache.org/maven2/org/codehaus/plexus/plexus-utils/1.4.2/plexus-utils-1.4.2.pom
2/2 KB               Downloaded: https://repo.maven.apache.org/maven2/org/codehaus/plexus/plexus-utils/1.4.2/plexus-utils-1.4.2.pom (2 KB at 46.7 KB/sec)
Downloading: https://repo.maven.apache.org/maven2/org/codehaus/plexus/plexus-archiver/1.0-alpha-7/plexus-archiver-1.0-alpha-7.pom
2/2 KB            Downloaded: https://repo.maven.apache.org/maven2/org/codehaus/plexus/plexus-archiver/1.0-alpha-7/plexus-archiver-1.0-alpha-7.pom (2 KB at 27.5 KB/sec)
Downloading: https://repo.maven.apache.org/maven2/org/codehaus/plexus/plexus-components/1.1.6/plexus-components-1.1.6.pom
2/2 KB            Downloaded: https://repo.maven.apache.org/maven2/org/codehaus/plexus/plexus-components/1.1.6/plexus-components-1.1.6.pom (2 KB at 49.8 KB/sec)
Downloading: https://repo.maven.apache.org/maven2/org/codehaus/plexus/plexus-utils/1.2/plexus-utils-1.2.pom
767/767 B               Downloaded: https://repo.maven.apache.org/maven2/org/codehaus/plexus/plexus-utils/1.2/plexus-utils-1.2.pom (767 B at 20.2 KB/sec)
Downloading: https://repo.maven.apache.org/maven2/org/codehaus/plexus/plexus/1.0.5/plexus-1.0.5.pom
3/6 KB      5/6 KB   6/6 KB            Downloaded: https://repo.maven.apache.org/maven2/org/codehaus/plexus/plexus/1.0.5/plexus-1.0.5.pom (6 KB at 156.8 KB/sec)
Downloading: https://repo.maven.apache.org/maven2/org/apache/maven/shared/maven-invoker/2.0.11/maven-invoker-2.0.11.pom
3/5 KB   5/5 KB   5/5 KB            Downloaded: https://repo.maven.apache.org/maven2/org/apache/maven/shared/maven-invoker/2.0.11/maven-invoker-2.0.11.pom (5 KB at 127.1 KB/sec)
Downloading: https://repo.maven.apache.org/maven2/commons-lang/commons-lang/2.6/commons-lang-2.6.pom
3/18 KB   5/18 KB   8/18 KB   11/18 KB   13/18 KB   16/18 KB   18/18 KB              Downloaded: https://repo.maven.apache.org/maven2/commons-lang/commons-lang/2.6/commons-lang-2.6.pom (18 KB at 502.5 KB/sec)
Downloading: https://repo.maven.apache.org/maven2/org/apache/commons/commons-parent/17/commons-parent-17.pom
3/31 KB    5/31 KB   8/31 KB   11/31 KB   13/31 KB   16/31 KB   19/31 KB   21/31 KB   24/31 KB   27/31 KB   29/31 KB   31/31 KB              Downloaded: https://repo.maven.apache.org/maven2/org/apache/commons/commons-parent/17/commons-parent-17.pom (31 KB at 870.1 KB/sec)
Downloading: https://repo.maven.apache.org/maven2/commons-collections/commons-collections/3.2.1/commons-collections-3.2.1.pom
3/13 KB    5/13 KB   8/13 KB   11/13 KB   13/13 KB              Downloaded: https://repo.maven.apache.org/maven2/commons-collections/commons-collections/3.2.1/commons-collections-3.2.1.pom (13 KB at 359.2 KB/sec)
Downloading: https://repo.maven.apache.org/maven2/org/apache/commons/commons-parent/9/commons-parent-9.pom
3/22 KB    5/22 KB   8/22 KB   11/22 KB   13/22 KB   16/22 KB   19/22 KB   21/22 KB   22/22 KB              Downloaded: https://repo.maven.apache.org/maven2/org/apache/commons/commons-parent/9/commons-parent-9.pom (22 KB at 535.4 KB/sec)
Downloading: https://repo.maven.apache.org/maven2/org/apache/maven/reporting/maven-reporting-api/3.0/maven-reporting-api-3.0.jar
Downloading: https://repo.maven.apache.org/maven2/org/apache/maven/reporting/maven-reporting-impl/2.0.5/maven-reporting-impl-2.0.5.jar
Downloading: https://repo.maven.apache.org/maven2/org/apache/maven/doxia/doxia-core/1.0/doxia-core-1.0.jar
Downloading: https://repo.maven.apache.org/maven2/org/apache/maven/shared/maven-doxia-tools/1.0.2/maven-doxia-tools-1.0.2.jar
Downloading: https://repo.maven.apache.org/maven2/commons-io/commons-io/1.4/commons-io-1.4.jar
3/11 KB    4/11 KB   7/11 KB   8/11 KB   11/11 KB   11/11 KB   3/21 KB   11/11 KB   5/21 KB   11/11 KB   8/21 KB   11/11 KB   11/21 KB   11/11 KB   13/21 KB   11/11 KB   16/21 KB   11/11 KB   19/21 KB   11/11 KB   21/21 KB   11/11 KB   21/21 KB   3/54 KB   11/11 KB   21/21 KB   5/54 KB   11/11 KB   21/21 KB   8/54 KB   11/11 KB   3/41 KB   21/21 KB   11/54 KB   11/11 KB   3/41 KB   21/21 KB   13/54 KB   11/11 KB   3/41 KB   21/21 KB   16/54 KB   11/11 KB   3/41 KB   21/21 KB   19/54 KB   11/11 KB   3/41 KB   21/21 KB   21/54 KB   11/11 KB   3/41 KB   21/21 KB   5/54 KB   11/11 KB   3/41 KB   21/21 KB   21/54 KB   11/11 KB   5/41 KB   21/21 KB   21/54 KB   11/11 KB   8/41 KB   21/21 KB   21/54 KB   11/11 KB   11/41 KB   21/21 KB   21/54 KB   11/11 KB   13/41 KB   21/21 KB   3/107 KB   24/54 KB   11/11 KB   16/41 KB   21/21 KB   3/107 KB   24/54 KB   11/11 KB   13/41 KB   21/21 KB   6/107 KB   24/54 KB   11/11 KB   16/41 KB   21/21 KB   9/107 KB   24/54 KB   11/11 KB   16/41 KB   21/21 KB   11/107 KB   24/54 KB   11/11 KB   16/41 KB   21/21 KB   14/107 KB   24/54 KB   11/11 KB   16/41 KB   21/21 KB   24/54 KB   11/11 KB   13/41 KB   21/21 KB   14/107 KB   27/54 KB   11/11 KB   16/41 KB   21/21 KB   14/107 KB   29/54 KB   11/11 KB   16/41 KB   21/21 KB   14/107 KB   32/54 KB   11/11 KB   16/41 KB   21/21 KB   14/107 KB   36/54 KB   11/11 KB   16/41 KB   21/21 KB   16/107 KB   40/54 KB   11/11 KB   16/41 KB   21/21 KB   16/107 KB   44/54 KB   11/11 KB   16/41 KB   21/21 KB   16/107 KB   48/54 KB   11/11 KB   16/41 KB   21/21 KB   16/107 KB   52/54 KB   11/11 KB   19/41 KB   21/21 KB   16/107 KB   54/54 KB   11/11 KB   19/41 KB   21/21 KB   16/107 KB   36/54 KB   11/11 KB   16/41 KB   21/21 KB   19/107 KB   54/54 KB   11/11 KB   19/41 KB   21/21 KB   22/107 KB   54/54 KB   11/11 KB   19/41 KB   21/21 KB   25/107 KB   54/54 KB   11/11 KB   19/41 KB   21/21 KB   27/107 KB   54/54 KB   11/11 KB   19/41 KB   21/21 KB   30/107 KB   54/54 KB   11/11 KB   19/41 KB   21/21 KB   32/107 KB   54/54 KB   11/11 KB   19/41 KB   21/21 KB   16/107 KB   48/54 KB   11/11 KB   19/41 KB   21/21 KB   32/107 KB   54/54 KB   11/11 KB   21/41 KB   21/21 KB   32/107 KB   54/54 KB   11/11 KB   24/41 KB   21/21 KB   32/107 KB   54/54 KB   11/11 KB   27/41 KB   21/21 KB   32/107 KB   54/54 KB   11/11 KB   29/41 KB   21/21 KB   32/107 KB   54/54 KB   11/11 KB   32/41 KB   21/21 KB   32/107 KB   54/54 KB   11/11 KB   36/41 KB   21/21 KB   32/107 KB   54/54 KB   11/11 KB   40/41 KB   21/21 KB   36/107 KB   54/54 KB   11/11 KB   41/41 KB   21/21 KB   36/107 KB   54/54 KB   11/11 KB   40/41 KB   21/21 KB   40/107 KB   54/54 KB   11/11 KB   41/41 KB   21/21 KB   44/107 KB   54/54 KB   11/11 KB   41/41 KB                                                           Downloaded: https://repo.maven.apache.org/maven2/org/apache/maven/reporting/maven-reporting-api/3.0/maven-reporting-api-3.0.jar (11 KB at 222.6 KB/sec)
Downloading: https://repo.maven.apache.org/maven2/commons-validator/commons-validator/1.2.0/commons-validator-1.2.0.jar
21/21 KB   48/107 KB   54/54 KB   41/41 KB              21/21 KB   52/107 KB   54/54 KB   41/41 KB   21/21 KB   56/107 KB   54/54 KB   41/41 KB   21/21 KB   60/107 KB   54/54 KB   41/41 KB   21/21 KB   64/107 KB   54/54 KB   41/41 KB   21/21 KB   68/107 KB   54/54 KB   41/41 KB   21/21 KB   72/107 KB   54/54 KB   41/41 KB   21/21 KB   76/107 KB   54/54 KB   41/41 KB   21/21 KB   80/107 KB   54/54 KB   41/41 KB                                                Downloaded: https://repo.maven.apache.org/maven2/org/apache/maven/reporting/maven-reporting-impl/2.0.5/maven-reporting-impl-2.0.5.jar (21 KB at 372.8 KB/sec)
Downloading: https://repo.maven.apache.org/maven2/commons-beanutils/commons-beanutils/1.7.0/commons-beanutils-1.7.0.jar
84/107 KB   54/54 KB   41/41 KB              88/107 KB   54/54 KB   41/41 KB   92/107 KB   54/54 KB   41/41 KB   96/107 KB   54/54 KB   41/41 KB   100/107 KB   54/54 KB   41/41 KB   104/107 KB   54/54 KB   41/41 KB   107/107 KB   54/54 KB   41/41 KB                                      Downloaded: https://repo.maven.apache.org/maven2/org/apache/maven/doxia/doxia-core/1.0/doxia-core-1.0.jar (54 KB at 894.4 KB/sec)
Downloading: https://repo.maven.apache.org/maven2/commons-digester/commons-digester/1.6/commons-digester-1.6.jar
                                   Downloaded: https://repo.maven.apache.org/maven2/org/apache/maven/shared/maven-doxia-tools/1.0.2/maven-doxia-tools-1.0.2.jar (41 KB at 636.8 KB/sec)
Downloading: https://repo.maven.apache.org/maven2/commons-logging/commons-logging/1.0.4/commons-logging-1.0.4.jar
2/89 KB   107/107 KB               5/89 KB   107/107 KB   8/89 KB   107/107 KB   10/89 KB   107/107 KB   13/89 KB   107/107 KB   16/89 KB   107/107 KB   18/89 KB   107/107 KB   21/89 KB   107/107 KB   24/89 KB   107/107 KB   26/89 KB   107/107 KB   29/89 KB   107/107 KB   29/89 KB   107/107 KB   3/185 KB   29/89 KB   107/107 KB   5/185 KB   29/89 KB   107/107 KB   8/185 KB   29/89 KB   107/107 KB   11/185 KB   29/89 KB   107/107 KB   13/185 KB   29/89 KB   107/107 KB   16/185 KB   29/89 KB   107/107 KB   19/185 KB   29/89 KB   107/107 KB   21/185 KB   32/89 KB   107/107 KB   21/185 KB   34/89 KB   107/107 KB   21/185 KB   34/89 KB   107/107 KB   24/185 KB   4/165 KB   34/89 KB   24/185 KB   8/165 KB                34/89 KB   24/185 KB   12/165 KB   34/89 KB   24/185 KB   16/165 KB   34/89 KB   24/185 KB   20/165 KB   34/89 KB   24/185 KB   24/165 KB   34/89 KB   4/38 KB   24/185 KB   24/165 KB   34/89 KB   8/38 KB   24/185 KB   24/165 KB   34/89 KB   12/38 KB   24/185 KB   24/165 KB   34/89 KB   16/38 KB   24/185 KB   24/165 KB   34/89 KB   20/38 KB   24/185 KB   24/165 KB   34/89 KB   24/38 KB   24/185 KB   28/165 KB   34/89 KB   28/38 KB   24/185 KB   28/165 KB   34/89 KB   32/38 KB   24/185 KB   28/165 KB   34/89 KB   36/38 KB   24/185 KB   28/165 KB   38/89 KB   38/38 KB   24/185 KB   28/165 KB   34/89 KB   107/107 KB   24/185 KB   38/89 KB   38/38 KB   27/185 KB   28/165 KB   38/89 KB   38/38 KB   29/185 KB   28/165 KB   38/89 KB   38/38 KB   32/185 KB   28/165 KB   38/89 KB   36/38 KB   24/185 KB   28/165 KB   34/89 KB   20/38 KB   24/185 KB   28/165 KB   38/89 KB   38/38 KB   36/185 KB   32/165 KB   38/89 KB   38/38 KB   36/185 KB   36/165 KB                                                  Downloaded: https://repo.maven.apache.org/maven2/commons-io/commons-io/1.4/commons-io-1.4.jar (107 KB at 1210.1 KB/sec)
Downloading: https://repo.maven.apache.org/maven2/oro/oro/2.0.8/oro-2.0.8.jar
38/89 KB   38/38 KB   36/185 KB   40/165 KB   38/89 KB   38/38 KB   36/185 KB   44/165 KB   38/89 KB   38/38 KB   36/185 KB   48/165 KB   38/89 KB   38/38 KB   36/185 KB   52/165 KB   42/89 KB   38/38 KB   36/185 KB   56/165 KB   42/89 KB   38/38 KB   36/185 KB   60/165 KB   42/89 KB   38/38 KB   36/185 KB   64/165 KB   38/89 KB   38/38 KB   36/185 KB   28/165 KB   42/89 KB   38/38 KB   40/185 KB   64/165 KB   42/89 KB   38/38 KB   44/185 KB   64/165 KB   42/89 KB   38/38 KB   48/185 KB   64/165 KB   42/89 KB   38/38 KB   52/185 KB   64/165 KB   42/89 KB   38/38 KB   36/185 KB   52/165 KB   46/89 KB   38/38 KB   52/185 KB   68/165 KB   50/89 KB   38/38 KB   52/185 KB   68/165 KB   54/89 KB   38/38 KB   52/185 KB   68/165 KB   58/89 KB   38/38 KB   52/185 KB   68/165 KB   62/89 KB   38/38 KB   52/185 KB   68/165 KB   66/89 KB   38/38 KB   52/185 KB   68/165 KB   70/89 KB   38/38 KB   52/185 KB   68/165 KB   74/89 KB   38/38 KB   56/185 KB   68/165 KB   78/89 KB   38/38 KB   56/185 KB   68/165 KB   82/89 KB   38/38 KB   56/185 KB   68/165 KB   86/89 KB   38/38 KB   56/185 KB   68/165 KB   42/89 KB   38/38 KB   52/185 KB   68/165 KB   86/89 KB   38/38 KB   56/185 KB   72/165 KB   86/89 KB   38/38 KB   56/185 KB   76/165 KB   86/89 KB   38/38 KB   56/185 KB   80/165 KB   70/89 KB   38/38 KB   56/185 KB   68/165 KB   86/89 KB   38/38 KB   60/185 KB   80/165 KB   86/89 KB   38/38 KB   64/185 KB   80/165 KB   86/89 KB   38/38 KB   68/185 KB   80/165 KB   86/89 KB   38/38 KB   72/185 KB   84/165 KB   86/89 KB   38/38 KB   76/185 KB   84/165 KB   89/89 KB   38/38 KB   80/185 KB   84/165 KB   86/89 KB   38/38 KB   68/185 KB   84/165 KB   89/89 KB   38/38 KB   80/185 KB   88/165 KB   89/89 KB   38/38 KB   80/185 KB   92/165 KB   89/89 KB   38/38 KB   80/185 KB   96/165 KB   89/89 KB   38/38 KB   84/185 KB   100/165 KB   89/89 KB   38/38 KB   84/185 KB   104/165 KB   89/89 KB   38/38 KB   84/185 KB   108/165 KB   89/89 KB   38/38 KB   84/185 KB   112/165 KB   89/89 KB   38/38 KB   84/185 KB   116/165 KB   89/89 KB   38/38 KB   84/185 KB   120/165 KB   89/89 KB   38/38 KB   84/185 KB   124/165 KB   89/89 KB   38/38 KB   84/185 KB   128/165 KB   89/89 KB   38/38 KB   84/185 KB   132/165 KB   89/89 KB   38/38 KB   84/185 KB   136/165 KB   89/89 KB   38/38 KB   84/185 KB   140/165 KB   89/89 KB   38/38 KB   84/185 KB   144/165 KB   89/89 KB   38/38 KB   84/185 KB   148/165 KB   89/89 KB   38/38 KB   84/185 KB   152/165 KB   89/89 KB   38/38 KB   84/185 KB   156/165 KB   89/89 KB   4/64 KB   38/38 KB   84/185 KB   156/165 KB   89/89 KB   8/64 KB   38/38 KB   84/185 KB   156/165 KB   89/89 KB   12/64 KB   38/38 KB   84/185 KB   156/165 KB   89/89 KB   16/64 KB   38/38 KB   84/185 KB   156/165 KB   89/89 KB   20/64 KB   38/38 KB   84/185 KB   156/165 KB   89/89 KB   24/64 KB   38/38 KB   84/185 KB   156/165 KB   89/89 KB   28/64 KB   38/38 KB   84/185 KB   156/165 KB   89/89 KB   32/64 KB   38/38 KB   84/185 KB   156/165 KB   89/89 KB   38/38 KB   76/185 KB   84/165 KB                                                             Downloaded: https://repo.maven.apache.org/maven2/commons-logging/commons-logging/1.0.4/commons-logging-1.0.4.jar (38 KB at 331.5 KB/sec)
Downloading: https://repo.maven.apache.org/maven2/org/apache/maven/doxia/doxia-sink-api/1.0/doxia-sink-api-1.0.jar
89/89 KB   38/38 KB   84/185 KB   96/165 KB   89/89 KB   32/64 KB   88/185 KB   156/165 KB              89/89 KB   32/64 KB   92/185 KB   156/165 KB   89/89 KB   32/64 KB   96/185 KB   156/165 KB   89/89 KB   32/64 KB   100/185 KB   156/165 KB   89/89 KB   32/64 KB   104/185 KB   156/165 KB   89/89 KB   32/64 KB   108/185 KB   156/165 KB   89/89 KB   32/64 KB   112/185 KB   156/165 KB   89/89 KB   32/64 KB   116/185 KB   156/165 KB   89/89 KB   36/64 KB   120/185 KB   156/165 KB   89/89 KB   36/64 KB   124/185 KB   156/165 KB   89/89 KB   36/64 KB   128/185 KB   156/165 KB   89/89 KB   36/64 KB   132/185 KB   156/165 KB   89/89 KB   36/64 KB   136/185 KB   156/165 KB   89/89 KB   36/64 KB   140/185 KB   156/165 KB   89/89 KB   36/64 KB   144/185 KB   156/165 KB   89/89 KB   36/64 KB   116/185 KB   156/165 KB   89/89 KB   40/64 KB   144/185 KB   160/165 KB   89/89 KB   44/64 KB   144/185 KB   160/165 KB   89/89 KB   48/64 KB   144/185 KB   160/165 KB   89/89 KB   52/64 KB   144/185 KB   160/165 KB   89/89 KB   56/64 KB   144/185 KB   160/165 KB   89/89 KB   60/64 KB   148/185 KB   160/165 KB   89/89 KB   64/64 KB   148/185 KB   160/165 KB   89/89 KB   64/64 KB   148/185 KB   160/165 KB   89/89 KB   36/64 KB   144/185 KB   160/165 KB   89/89 KB   64/64 KB   148/185 KB   164/165 KB   89/89 KB   64/64 KB   148/185 KB   165/165 KB   89/89 KB   56/64 KB   148/185 KB   160/165 KB   89/89 KB   64/64 KB   152/185 KB   165/165 KB   89/89 KB   64/64 KB   156/185 KB   165/165 KB   89/89 KB   64/64 KB   160/185 KB   165/165 KB   89/89 KB   64/64 KB   164/185 KB   165/165 KB   89/89 KB   64/64 KB   168/185 KB   165/165 KB   89/89 KB   64/64 KB   172/185 KB   165/165 KB   89/89 KB   64/64 KB   176/185 KB   165/165 KB                                                   Downloaded: https://repo.maven.apache.org/maven2/commons-validator/commons-validator/1.2.0/commons-validator-1.2.0.jar (89 KB at 684.4 KB/sec)
Downloading: https://repo.maven.apache.org/maven2/org/apache/maven/doxia/doxia-site-renderer/1.0/doxia-site-renderer-1.0.jar
64/64 KB   4/10 KB   176/185 KB   165/165 KB    64/64 KB   8/10 KB   176/185 KB   165/165 KB   64/64 KB   10/10 KB   176/185 KB   165/165 KB   64/64 KB   10/10 KB   180/185 KB   165/165 KB   64/64 KB   10/10 KB   184/185 KB   165/165 KB   64/64 KB   10/10 KB   185/185 KB   165/165 KB                                                   Downloaded: https://repo.maven.apache.org/maven2/oro/oro/2.0.8/oro-2.0.8.jar (64 KB at 452.0 KB/sec)
Downloading: https://repo.maven.apache.org/maven2/org/codehaus/plexus/plexus-i18n/1.0-beta-7/plexus-i18n-1.0-beta-7.jar
                                                Downloaded: https://repo.maven.apache.org/maven2/commons-digester/commons-digester/1.6/commons-digester-1.6.jar (165 KB at 1158.4 KB/sec)
Downloading: https://repo.maven.apache.org/maven2/org/codehaus/plexus/plexus-velocity/1.1.7/plexus-velocity-1.1.7.jar
                                                Downloaded: https://repo.maven.apache.org/maven2/commons-beanutils/commons-beanutils/1.7.0/commons-beanutils-1.7.0.jar (185 KB at 1236.6 KB/sec)
Downloading: https://repo.maven.apache.org/maven2/org/apache/velocity/velocity/1.5/velocity-1.5.jar
                                                Downloaded: https://repo.maven.apache.org/maven2/org/apache/maven/doxia/doxia-sink-api/1.0/doxia-sink-api-1.0.jar (10 KB at 65.1 KB/sec)
Downloading: https://repo.maven.apache.org/maven2/org/apache/maven/doxia/doxia-decoration-model/1.0/doxia-decoration-model-1.0.jar
4/46 KB                                         8/46 KB   12/46 KB   16/46 KB   20/46 KB   24/46 KB   28/46 KB   32/46 KB   36/46 KB   40/46 KB   44/46 KB   46/46 KB   4/11 KB   46/46 KB   8/11 KB   46/46 KB   11/11 KB   46/46 KB   11/11 KB   4/8 KB   46/46 KB   11/11 KB   8/8 KB   46/46 KB   11/11 KB   8/8 KB   46/46 KB   11/11 KB   8/8 KB   46/46 KB   3/48 KB   11/11 KB   8/8 KB   46/46 KB   5/48 KB   11/11 KB   8/8 KB   46/46 KB   8/48 KB   11/11 KB   8/8 KB   46/46 KB   11/48 KB   11/11 KB   8/8 KB   46/46 KB   13/48 KB   11/11 KB   8/8 KB   46/46 KB   16/48 KB   11/11 KB   8/8 KB   46/46 KB   4/383 KB   16/48 KB   8/8 KB   8/383 KB   19/48 KB   12/383 KB   19/48 KB           16/383 KB   19/48 KB   20/383 KB   19/48 KB   8/8 KB   4/383 KB   19/48 KB                         20/383 KB   21/48 KB   20/383 KB   24/48 KB   20/383 KB   27/48 KB   20/383 KB   29/48 KB   20/383 KB   32/48 KB                                                        Downloaded: https://repo.maven.apache.org/maven2/org/apache/maven/doxia/doxia-site-renderer/1.0/doxia-site-renderer-1.0.jar (46 KB at 237.8 KB/sec)
                                                     Downloaded: https://repo.maven.apache.org/maven2/org/codehaus/plexus/plexus-i18n/1.0-beta-7/plexus-i18n-1.0-beta-7.jar (11 KB at 53.7 KB/sec)
                               Downloaded: https://repo.maven.apache.org/maven2/org/codehaus/plexus/plexus-velocity/1.1.7/plexus-velocity-1.1.7.jar (8 KB at 39.2 KB/sec)
Downloading: https://repo.maven.apache.org/maven2/org/apache/maven/doxia/doxia-module-apt/1.0/doxia-module-apt-1.0.jar
Downloading: https://repo.maven.apache.org/maven2/org/apache/maven/doxia/doxia-module-fml/1.0/doxia-module-fml-1.0.jar
Downloading: https://repo.maven.apache.org/maven2/org/apache/maven/doxia/doxia-module-xdoc/1.0/doxia-module-xdoc-1.0.jar
20/383 KB   36/48 KB   20/383 KB   40/48 KB   20/383 KB   44/48 KB   24/383 KB   48/48 KB   24/383 KB   48/48 KB   24/383 KB   44/48 KB   28/383 KB   48/48 KB   32/383 KB   48/48 KB   36/383 KB   48/48 KB   40/383 KB   48/48 KB   44/383 KB   48/48 KB   48/383 KB   48/48 KB   52/383 KB   48/48 KB   56/383 KB   48/48 KB   60/383 KB   48/48 KB   64/383 KB   48/48 KB   64/383 KB   4/19 KB   48/48 KB   4/28 KB   64/383 KB   8/19 KB   4/46 KB   48/48 KB   4/28 KB   64/383 KB   12/19 KB   4/46 KB   48/48 KB   4/28 KB   64/383 KB   16/19 KB   4/46 KB   48/48 KB   4/28 KB   64/383 KB   19/19 KB   4/46 KB   48/48 KB   4/28 KB   64/383 KB   4/19 KB   4/46 KB   48/48 KB   8/28 KB   64/383 KB   19/19 KB   4/46 KB   48/48 KB   12/28 KB   64/383 KB   19/19 KB   4/46 KB   48/48 KB   16/28 KB   64/383 KB   19/19 KB   4/46 KB   48/48 KB   20/28 KB   64/383 KB   19/19 KB   4/46 KB   48/48 KB   24/28 KB   64/383 KB   19/19 KB   4/46 KB   48/48 KB   28/28 KB   64/383 KB   19/19 KB   4/46 KB   48/48 KB   64/383 KB   4/19 KB   4/46 KB   48/48 KB   28/28 KB   64/383 KB   19/19 KB   8/46 KB   48/48 KB   28/28 KB   64/383 KB   19/19 KB   12/46 KB   48/48 KB   28/28 KB   64/383 KB   19/19 KB   16/46 KB   48/48 KB   28/28 KB   64/383 KB   19/19 KB   20/46 KB   48/48 KB   28/28 KB   64/383 KB   19/19 KB   24/46 KB   48/48 KB   28/28 KB   64/383 KB   19/19 KB   28/46 KB   48/48 KB   28/28 KB   64/383 KB   19/19 KB   32/46 KB   48/48 KB                                                           Downloaded: https://repo.maven.apache.org/maven2/org/apache/maven/doxia/doxia-decoration-model/1.0/doxia-decoration-model-1.0.jar (48 KB at 222.5 KB/sec)
Downloading: https://repo.maven.apache.org/maven2/org/apache/maven/doxia/doxia-module-xhtml/1.0/doxia-module-xhtml-1.0.jar
28/28 KB   64/383 KB   19/19 KB   36/46 KB              28/28 KB   64/383 KB   19/19 KB   40/46 KB   28/28 KB   64/383 KB   19/19 KB   44/46 KB   28/28 KB   64/383 KB   19/19 KB   46/46 KB   28/28 KB   68/383 KB   19/19 KB   46/46 KB   28/28 KB   72/383 KB   19/19 KB   46/46 KB   28/28 KB   76/383 KB   19/19 KB   46/46 KB   28/28 KB   80/383 KB   19/19 KB   46/46 KB   28/28 KB   84/383 KB   19/19 KB   46/46 KB   28/28 KB   88/383 KB   19/19 KB   46/46 KB   28/28 KB   92/383 KB   19/19 KB   46/46 KB   28/28 KB   96/383 KB   19/19 KB   46/46 KB   28/28 KB   100/383 KB   19/19 KB   46/46 KB                                                 Downloaded: https://repo.maven.apache.org/maven2/org/apache/maven/doxia/doxia-module-fml/1.0/doxia-module-fml-1.0.jar (19 KB at 79.4 KB/sec)
Downloading: https://repo.maven.apache.org/maven2/org/codehaus/plexus/plexus-archiver/2.1.1/plexus-archiver-2.1.1.jar
28/28 KB   104/383 KB   46/46 KB                                                 Downloaded: https://repo.maven.apache.org/maven2/org/apache/maven/doxia/doxia-module-xdoc/1.0/doxia-module-xdoc-1.0.jar (28 KB at 117.5 KB/sec)
Downloading: https://repo.maven.apache.org/maven2/org/apache/maven/shared/file-management/1.2.1/file-management-1.2.1.jar
108/383 KB   46/46 KB              112/383 KB   46/46 KB   112/383 KB   46/46 KB   4/22 KB   112/383 KB   46/46 KB   8/22 KB   112/383 KB   46/46 KB   12/22 KB   112/383 KB   46/46 KB   16/22 KB   112/383 KB   46/46 KB   20/22 KB   112/383 KB   46/46 KB   22/22 KB   112/383 KB   4/37 KB   46/46 KB   22/22 KB   112/383 KB   8/37 KB   46/46 KB   22/22 KB   112/383 KB   12/37 KB   46/46 KB   22/22 KB   112/383 KB   16/37 KB   46/46 KB   22/22 KB   112/383 KB   20/37 KB   46/46 KB   22/22 KB                                                 Downloaded: https://repo.maven.apache.org/maven2/org/apache/maven/doxia/doxia-module-apt/1.0/doxia-module-apt-1.0.jar (46 KB at 182.4 KB/sec)
Downloading: https://repo.maven.apache.org/maven2/org/apache/maven/shared/maven-shared-io/1.1/maven-shared-io-1.1.jar
                                              Downloaded: https://repo.maven.apache.org/maven2/org/apache/maven/doxia/doxia-module-xhtml/1.0/doxia-module-xhtml-1.0.jar (22 KB at 83.5 KB/sec)
Downloading: https://repo.maven.apache.org/maven2/org/apache/maven/wagon/wagon-provider-api/1.0-alpha-6/wagon-provider-api-1.0-alpha-6.jar
112/383 KB   24/37 KB                         112/383 KB   28/37 KB   112/383 KB   32/37 KB   112/383 KB   36/37 KB   112/383 KB   37/37 KB   4/181 KB   112/383 KB   37/37 KB   4/181 KB   116/383 KB   37/37 KB   4/181 KB   120/383 KB   37/37 KB   4/181 KB   124/383 KB   37/37 KB   4/181 KB   128/383 KB   37/37 KB   4/181 KB   132/383 KB   37/37 KB   4/181 KB   136/383 KB   37/37 KB   4/181 KB   140/383 KB   37/37 KB   4/181 KB   144/383 KB   37/37 KB   4/181 KB   148/383 KB   37/37 KB   4/181 KB   152/383 KB   37/37 KB   4/181 KB   156/383 KB   37/37 KB   4/181 KB   160/383 KB   37/37 KB   4/181 KB   164/383 KB   37/37 KB   4/181 KB   168/383 KB   37/37 KB   4/181 KB   172/383 KB   37/37 KB   4/181 KB   176/383 KB   37/37 KB   4/181 KB   180/383 KB   37/37 KB   4/181 KB   184/383 KB   37/37 KB   4/181 KB   188/383 KB   37/37 KB   4/181 KB   192/383 KB   37/37 KB   8/181 KB   192/383 KB   37/37 KB   12/181 KB   192/383 KB   37/37 KB   16/181 KB   192/383 KB   37/37 KB   16/181 KB   192/383 KB   37/37 KB   4/39 KB   16/181 KB   192/383 KB   37/37 KB   8/39 KB   16/181 KB   192/383 KB   37/37 KB   12/39 KB   16/181 KB   192/383 KB   37/37 KB   16/39 KB   16/181 KB   192/383 KB   37/37 KB   20/39 KB   16/181 KB   192/383 KB   37/37 KB   24/39 KB   16/181 KB   192/383 KB   37/37 KB   28/39 KB   16/181 KB   192/383 KB   37/37 KB   32/39 KB   16/181 KB   192/383 KB   37/37 KB   36/39 KB   16/181 KB   192/383 KB   37/37 KB   39/39 KB   16/181 KB   4/42 KB   192/383 KB   37/37 KB   39/39 KB   16/181 KB   8/42 KB   192/383 KB   37/37 KB   39/39 KB   16/181 KB   12/42 KB   192/383 KB   37/37 KB   39/39 KB   16/181 KB   16/42 KB   192/383 KB   37/37 KB   39/39 KB   16/181 KB   20/42 KB   192/383 KB   37/37 KB   39/39 KB   16/181 KB   24/42 KB   192/383 KB   37/37 KB   39/39 KB   16/181 KB   28/42 KB   192/383 KB   37/37 KB   39/39 KB   16/181 KB   32/42 KB   192/383 KB   37/37 KB   39/39 KB   16/181 KB   36/42 KB   192/383 KB   37/37 KB   39/39 KB   16/181 KB   40/42 KB   192/383 KB   37/37 KB   39/39 KB   16/181 KB   42/42 KB   192/383 KB   37/37 KB   39/39 KB   20/181 KB   42/42 KB   192/383 KB   37/37 KB   39/39 KB   24/181 KB   42/42 KB   192/383 KB   37/37 KB   39/39 KB   28/181 KB   42/42 KB   192/383 KB   37/37 KB   39/39 KB   32/181 KB   42/42 KB   196/383 KB   37/37 KB   39/39 KB   36/181 KB   42/42 KB   196/383 KB   37/37 KB   39/39 KB   40/181 KB   42/42 KB   196/383 KB   37/37 KB   39/39 KB   44/181 KB   42/42 KB   196/383 KB   37/37 KB   39/39 KB   48/181 KB   42/42 KB   196/383 KB   37/37 KB   39/39 KB   52/181 KB   42/42 KB   196/383 KB   37/37 KB   39/39 KB   56/181 KB   42/42 KB   196/383 KB   39/39 KB              60/181 KB   42/42 KB   196/383 KB   39/39 KB   28/181 KB   42/42 KB   196/383 KB   37/37 KB   39/39 KB                                                             Downloaded: https://repo.maven.apache.org/maven2/org/apache/maven/shared/file-management/1.2.1/file-management-1.2.1.jar (37 KB at 127.9 KB/sec)
Downloading: https://repo.maven.apache.org/maven2/org/codehaus/plexus/plexus-io/2.0.3/plexus-io-2.0.3.jar
60/181 KB   42/42 KB   200/383 KB   39/39 KB   60/181 KB   42/42 KB   204/383 KB   39/39 KB   60/181 KB   42/42 KB   208/383 KB   39/39 KB   60/181 KB   42/42 KB   212/383 KB   39/39 KB   64/181 KB   42/42 KB   216/383 KB   39/39 KB   64/181 KB   42/42 KB   220/383 KB   39/39 KB   64/181 KB   42/42 KB   224/383 KB   39/39 KB   64/181 KB   42/42 KB   228/383 KB   39/39 KB   64/181 KB   42/42 KB   232/383 KB              64/181 KB   42/42 KB   212/383 KB   39/39 KB                                                  Downloaded: https://repo.maven.apache.org/maven2/org/apache/maven/shared/maven-shared-io/1.1/maven-shared-io-1.1.jar (39 KB at 132.0 KB/sec)
Downloading: https://repo.maven.apache.org/maven2/org/apache/maven/shared/maven-dependency-analyzer/1.2/maven-dependency-analyzer-1.2.jar
68/181 KB   42/42 KB   232/383 KB   72/181 KB   42/42 KB   232/383 KB   76/181 KB   42/42 KB   232/383 KB   80/181 KB   42/42 KB   232/383 KB   80/181 KB   42/42 KB   236/383 KB                                       Downloaded: https://repo.maven.apache.org/maven2/org/apache/maven/wagon/wagon-provider-api/1.0-alpha-6/wagon-provider-api-1.0-alpha-6.jar (42 KB at 141.4 KB/sec)
Downloading: https://repo.maven.apache.org/maven2/asm/asm/3.0/asm-3.0.jar
84/181 KB   240/383 KB              84/181 KB   244/383 KB   84/181 KB   248/383 KB   84/181 KB   252/383 KB   84/181 KB   256/383 KB   84/181 KB   260/383 KB   84/181 KB   42/42 KB   236/383 KB   84/181 KB   260/383 KB   4/57 KB   84/181 KB   260/383 KB   8/57 KB   84/181 KB   260/383 KB   12/57 KB   84/181 KB   260/383 KB   16/57 KB   84/181 KB   260/383 KB   20/57 KB   84/181 KB   260/383 KB   24/57 KB   84/181 KB   260/383 KB   28/57 KB   84/181 KB   260/383 KB   32/57 KB   84/181 KB   260/383 KB   36/57 KB   84/181 KB   260/383 KB   40/57 KB   84/181 KB   260/383 KB   44/57 KB   84/181 KB   260/383 KB   48/57 KB   84/181 KB   260/383 KB   4/28 KB   48/57 KB   84/181 KB   260/383 KB   8/28 KB   48/57 KB   84/181 KB   260/383 KB   12/28 KB   48/57 KB   84/181 KB   260/383 KB   16/28 KB   48/57 KB   84/181 KB   260/383 KB   20/28 KB   48/57 KB   84/181 KB   260/383 KB   24/28 KB   48/57 KB   84/181 KB   260/383 KB   28/28 KB   48/57 KB   88/181 KB   260/383 KB   28/28 KB   48/57 KB   92/181 KB   260/383 KB   28/28 KB   48/57 KB   96/181 KB   260/383 KB   28/28 KB   48/57 KB   96/181 KB   260/383 KB   28/28 KB   48/57 KB   4/42 KB   96/181 KB   260/383 KB   28/28 KB   48/57 KB   8/42 KB   96/181 KB   260/383 KB   28/28 KB   48/57 KB   12/42 KB   96/181 KB   260/383 KB   28/28 KB   48/57 KB   16/42 KB   96/181 KB   260/383 KB   28/28 KB   48/57 KB   20/42 KB   96/181 KB   260/383 KB   28/28 KB   48/57 KB   24/42 KB   96/181 KB   260/383 KB   28/28 KB   48/57 KB   26/42 KB   96/181 KB   260/383 KB   28/28 KB   48/57 KB   30/42 KB   96/181 KB   260/383 KB   28/28 KB   48/57 KB   34/42 KB   96/181 KB   260/383 KB   28/28 KB   48/57 KB   37/42 KB   96/181 KB   260/383 KB   28/28 KB   48/57 KB   40/42 KB   96/181 KB   260/383 KB   28/28 KB   48/57 KB   42/42 KB   96/181 KB   260/383 KB   28/28 KB   48/57 KB   42/42 KB   100/181 KB   260/383 KB   28/28 KB   48/57 KB   42/42 KB   104/181 KB   264/383 KB   28/28 KB   52/57 KB   42/42 KB   108/181 KB   264/383 KB   28/28 KB   52/57 KB   42/42 KB   112/181 KB   264/383 KB   28/28 KB   52/57 KB   42/42 KB   116/181 KB   264/383 KB   28/28 KB   52/57 KB   42/42 KB   120/181 KB   264/383 KB   28/28 KB   52/57 KB   42/42 KB   100/181 KB   264/383 KB   28/28 KB   52/57 KB   42/42 KB   120/181 KB   268/383 KB   28/28 KB   52/57 KB   42/42 KB   120/181 KB   272/383 KB   28/28 KB   52/57 KB   42/42 KB   120/181 KB   276/383 KB   28/28 KB   52/57 KB   42/42 KB   120/181 KB   280/383 KB   28/28 KB   52/57 KB   42/42 KB   120/181 KB   284/383 KB   28/28 KB   52/57 KB   42/42 KB   100/181 KB   260/383 KB   28/28 KB   52/57 KB   42/42 KB   120/181 KB   284/383 KB   28/28 KB   56/57 KB   42/42 KB   120/181 KB   284/383 KB   28/28 KB   57/57 KB   42/42 KB   120/181 KB   288/383 KB   28/28 KB   57/57 KB   42/42 KB   124/181 KB   292/383 KB   28/28 KB   57/57 KB   42/42 KB   124/181 KB   296/383 KB   28/28 KB   57/57 KB   42/42 KB                                                              Downloaded: https://repo.maven.apache.org/maven2/org/apache/maven/shared/maven-dependency-analyzer/1.2/maven-dependency-analyzer-1.2.jar (28 KB at 83.1 KB/sec)
Downloading: https://repo.maven.apache.org/maven2/org/apache/maven/shared/maven-dependency-tree/2.0/maven-dependency-tree-2.0.jar
124/181 KB   288/383 KB   28/28 KB   57/57 KB   42/42 KB   128/181 KB   296/383 KB   57/57 KB   42/42 KB              132/181 KB   296/383 KB   57/57 KB   42/42 KB   136/181 KB   296/383 KB   57/57 KB   42/42 KB   140/181 KB   300/383 KB   57/57 KB   42/42 KB   144/181 KB   300/383 KB   57/57 KB   42/42 KB   148/181 KB   300/383 KB   57/57 KB   42/42 KB   152/181 KB   300/383 KB   57/57 KB   42/42 KB   156/181 KB   300/383 KB   57/57 KB   42/42 KB   160/181 KB   300/383 KB   57/57 KB              136/181 KB   300/383 KB   57/57 KB   42/42 KB                                                   Downloaded: https://repo.maven.apache.org/maven2/asm/asm/3.0/asm-3.0.jar (42 KB at 125.6 KB/sec)
Downloading: https://repo.maven.apache.org/maven2/org/codehaus/plexus/plexus-component-annotations/1.5.5/plexus-component-annotations-1.5.5.jar
160/181 KB   304/383 KB   57/57 KB   160/181 KB   308/383 KB   57/57 KB   160/181 KB   312/383 KB   57/57 KB   160/181 KB   316/383 KB   57/57 KB   160/181 KB   320/383 KB   57/57 KB   164/181 KB   320/383 KB   57/57 KB   168/181 KB   324/383 KB   172/181 KB   324/383 KB   176/181 KB   324/383 KB   180/181 KB   324/383 KB                                        Downloaded: https://repo.maven.apache.org/maven2/org/codehaus/plexus/plexus-io/2.0.3/plexus-io-2.0.3.jar (57 KB at 167.9 KB/sec)
Downloading: https://repo.maven.apache.org/maven2/org/apache/maven/shared/maven-common-artifact-filters/1.2/maven-common-artifact-filters-1.2.jar
164/181 KB   324/383 KB              180/181 KB   328/383 KB   180/181 KB   332/383 KB   180/181 KB   336/383 KB   180/181 KB   340/383 KB   181/181 KB   344/383 KB   181/181 KB   348/383 KB   181/181 KB   352/383 KB   181/181 KB   356/383 KB   181/181 KB   340/383 KB   181/181 KB   360/383 KB   181/181 KB   360/383 KB   4/55 KB   181/181 KB   360/383 KB   8/55 KB   181/181 KB   360/383 KB   12/55 KB   181/181 KB   360/383 KB   16/55 KB   181/181 KB   360/383 KB   20/55 KB   181/181 KB   360/383 KB   24/55 KB   181/181 KB   360/383 KB   28/55 KB   181/181 KB   360/383 KB   32/55 KB   181/181 KB   360/383 KB   36/55 KB   181/181 KB   360/383 KB   40/55 KB   181/181 KB   360/383 KB   44/55 KB   181/181 KB   360/383 KB   48/55 KB   181/181 KB   360/383 KB   52/55 KB   181/181 KB   364/383 KB   55/55 KB   181/181 KB   364/383 KB   52/55 KB   181/181 KB   368/383 KB   55/55 KB   181/181 KB   372/383 KB   55/55 KB   181/181 KB   4/31 KB   372/383 KB   3/5 KB   55/55 KB   181/181 KB   372/383 KB   3/5 KB   55/55 KB   181/181 KB   4/31 KB   372/383 KB   5/5 KB   55/55 KB   181/181 KB   8/31 KB   372/383 KB   5/5 KB   55/55 KB   181/181 KB   12/31 KB   372/383 KB   5/5 KB   55/55 KB   181/181 KB   16/31 KB   372/383 KB   5/5 KB   55/55 KB   181/181 KB   20/31 KB   372/383 KB   5/5 KB   55/55 KB   181/181 KB   24/31 KB   372/383 KB   5/5 KB   55/55 KB   181/181 KB   28/31 KB   372/383 KB   5/5 KB   55/55 KB   181/181 KB   31/31 KB   372/383 KB   5/5 KB   55/55 KB                                                            Downloaded: https://repo.maven.apache.org/maven2/org/codehaus/plexus/plexus-archiver/2.1.1/plexus-archiver-2.1.1.jar (181 KB at 500.8 KB/sec)
Downloading: https://repo.maven.apache.org/maven2/org/apache/maven/shared/maven-plugin-testing-harness/1.1/maven-plugin-testing-harness-1.1.jar
31/31 KB   376/383 KB   5/5 KB   55/55 KB                31/31 KB   380/383 KB   5/5 KB   55/55 KB   31/31 KB   383/383 KB   5/5 KB   55/55 KB                                               Downloaded: https://repo.maven.apache.org/maven2/org/apache/maven/shared/maven-dependency-tree/2.0/maven-dependency-tree-2.0.jar (55 KB at 148.3 KB/sec)
Downloading: https://repo.maven.apache.org/maven2/org/apache/maven/shared/maven-invoker/2.0.11/maven-invoker-2.0.11.jar
                                            Downloaded: https://repo.maven.apache.org/maven2/org/codehaus/plexus/plexus-component-annotations/1.5.5/plexus-component-annotations-1.5.5.jar (5 KB at 11.0 KB/sec)
Downloading: https://repo.maven.apache.org/maven2/commons-lang/commons-lang/2.6/commons-lang-2.6.jar
31/31 KB   383/383 KB   1/32 KB                                               Downloaded: https://repo.maven.apache.org/maven2/org/apache/maven/shared/maven-common-artifact-filters/1.2/maven-common-artifact-filters-1.2.jar (31 KB at 81.6 KB/sec)
Downloading: https://repo.maven.apache.org/maven2/commons-collections/commons-collections/3.2.1/commons-collections-3.2.1.jar
383/383 KB   4/32 KB              383/383 KB   5/32 KB   383/383 KB   8/32 KB   383/383 KB   9/32 KB   383/383 KB   12/32 KB   383/383 KB   13/32 KB   383/383 KB   16/32 KB   383/383 KB   17/32 KB   383/383 KB   20/32 KB   383/383 KB   21/32 KB   383/383 KB   24/32 KB   383/383 KB   25/32 KB   383/383 KB   28/32 KB   383/383 KB   30/32 KB   383/383 KB   32/32 KB                           Downloaded: https://repo.maven.apache.org/maven2/org/apache/velocity/velocity/1.5/velocity-1.5.jar (383 KB at 997.2 KB/sec)
4/29 KB   32/32 KB      8/29 KB   32/32 KB   12/29 KB   32/32 KB   16/29 KB   32/32 KB   20/29 KB   32/32 KB   24/29 KB   32/32 KB   28/29 KB   32/32 KB   29/29 KB   32/32 KB   29/29 KB   3/278 KB   32/32 KB   29/29 KB   5/278 KB   32/32 KB   29/29 KB   8/278 KB   32/32 KB   29/29 KB   11/278 KB   32/32 KB   29/29 KB   13/278 KB   32/32 KB   29/29 KB   16/278 KB   32/32 KB   29/29 KB   19/278 KB   32/32 KB   29/29 KB   21/278 KB   32/32 KB   29/29 KB   24/278 KB   32/32 KB   29/29 KB   27/278 KB   32/32 KB   29/29 KB   29/278 KB   32/32 KB   29/29 KB   29/278 KB   32/32 KB   4/562 KB   29/29 KB   29/278 KB   32/32 KB   8/562 KB   29/29 KB   29/278 KB   32/32 KB   12/562 KB   29/29 KB   29/278 KB   32/32 KB   16/562 KB                                                 Downloaded: https://repo.maven.apache.org/maven2/org/apache/maven/shared/maven-plugin-testing-harness/1.1/maven-plugin-testing-harness-1.1.jar (32 KB at 79.7 KB/sec)
29/29 KB   29/278 KB   20/562 KB              29/29 KB   29/278 KB   24/562 KB   29/29 KB   29/278 KB   28/562 KB   29/29 KB   29/278 KB   32/562 KB   29/29 KB   29/278 KB   36/562 KB   29/29 KB   32/278 KB   40/562 KB   29/29 KB   32/278 KB   44/562 KB   29/29 KB   32/278 KB   48/562 KB   32/278 KB   52/562 KB              29/29 KB   32/278 KB   36/562 KB                                      Downloaded: https://repo.maven.apache.org/maven2/org/apache/maven/shared/maven-invoker/2.0.11/maven-invoker-2.0.11.jar (29 KB at 69.7 KB/sec)
36/278 KB   52/562 KB   40/278 KB   52/562 KB   44/278 KB   52/562 KB   48/278 KB   52/562 KB   52/278 KB   52/562 KB   56/278 KB   56/562 KB   60/278 KB   56/562 KB   64/278 KB   56/562 KB   68/278 KB   56/562 KB   52/278 KB   56/562 KB   68/278 KB   60/562 KB   68/278 KB   64/562 KB   68/278 KB   68/562 KB   68/278 KB   72/562 KB   68/278 KB   76/562 KB   68/278 KB   80/562 KB   68/278 KB   84/562 KB   72/278 KB   88/562 KB   72/278 KB   92/562 KB   72/278 KB   96/562 KB   72/278 KB   100/562 KB   72/278 KB   84/562 KB   76/278 KB   100/562 KB   80/278 KB   100/562 KB   84/278 KB   100/562 KB   88/278 KB   100/562 KB   92/278 KB   100/562 KB   96/278 KB   100/562 KB   100/278 KB   100/562 KB   104/278 KB   104/562 KB   108/278 KB   104/562 KB   112/278 KB   104/562 KB   116/278 KB   104/562 KB   100/278 KB   104/562 KB   116/278 KB   108/562 KB   116/278 KB   112/562 KB   116/278 KB   116/562 KB   116/278 KB   120/562 KB   116/278 KB   124/562 KB   116/278 KB   128/562 KB   116/278 KB   132/562 KB   120/278 KB   136/562 KB   120/278 KB   140/562 KB   120/278 KB   144/562 KB   120/278 KB   148/562 KB   120/278 KB   132/562 KB   124/278 KB   148/562 KB   128/278 KB   148/562 KB   132/278 KB   148/562 KB   136/278 KB   148/562 KB   140/278 KB   148/562 KB   144/278 KB   148/562 KB   148/278 KB   148/562 KB   152/278 KB   152/562 KB   156/278 KB   152/562 KB   160/278 KB   152/562 KB   164/278 KB   152/562 KB   148/278 KB   152/562 KB   164/278 KB   156/562 KB   164/278 KB   160/562 KB   164/278 KB   164/562 KB   164/278 KB   168/562 KB   164/278 KB   172/562 KB   164/278 KB   176/562 KB   164/278 KB   180/562 KB   168/278 KB   184/562 KB   168/278 KB   188/562 KB   168/278 KB   192/562 KB   168/278 KB   196/562 KB   168/278 KB   180/562 KB   172/278 KB   196/562 KB   176/278 KB   196/562 KB   180/278 KB   196/562 KB   184/278 KB   196/562 KB   188/278 KB   196/562 KB   192/278 KB   196/562 KB   196/278 KB   196/562 KB   200/278 KB   200/562 KB   204/278 KB   200/562 KB   208/278 KB   200/562 KB   212/278 KB   200/562 KB   196/278 KB   200/562 KB   212/278 KB   204/562 KB   212/278 KB   208/562 KB   212/278 KB   212/562 KB   212/278 KB   216/562 KB   212/278 KB   220/562 KB   212/278 KB   224/562 KB   214/278 KB   228/562 KB   214/278 KB   232/562 KB   214/278 KB   224/562 KB   218/278 KB   232/562 KB   222/278 KB   232/562 KB   226/278 KB   232/562 KB   230/278 KB   232/562 KB   234/278 KB   232/562 KB   238/278 KB   236/562 KB   234/278 KB   236/562 KB   238/278 KB   240/562 KB   238/278 KB   244/562 KB   238/278 KB   248/562 KB   238/278 KB   252/562 KB   238/278 KB   256/562 KB   238/278 KB   260/562 KB   238/278 KB   264/562 KB   238/278 KB   268/562 KB   238/278 KB   272/562 KB   238/278 KB   276/562 KB   242/278 KB   276/562 KB   246/278 KB   276/562 KB   250/278 KB   276/562 KB   254/278 KB   276/562 KB   258/278 KB   276/562 KB   262/278 KB   276/562 KB   266/278 KB   276/562 KB   270/278 KB   276/562 KB   274/278 KB   276/562 KB   278/278 KB   276/562 KB   278/278 KB   280/562 KB   278/278 KB   280/562 KB   278/278 KB   284/562 KB   278/278 KB   288/562 KB   278/278 KB   292/562 KB   278/278 KB   296/562 KB   278/278 KB   300/562 KB   278/278 KB   304/562 KB   278/278 KB   308/562 KB   278/278 KB   312/562 KB   278/278 KB   316/562 KB   278/278 KB   320/562 KB   278/278 KB   324/562 KB   278/278 KB   328/562 KB   278/278 KB   332/562 KB   278/278 KB   336/562 KB   278/278 KB   340/562 KB   278/278 KB   344/562 KB   278/278 KB   348/562 KB   278/278 KB   352/562 KB   278/278 KB   356/562 KB   278/278 KB   360/562 KB   278/278 KB   364/562 KB   278/278 KB   368/562 KB   278/278 KB   372/562 KB   278/278 KB   376/562 KB   278/278 KB   380/562 KB   278/278 KB   384/562 KB   278/278 KB   388/562 KB                             Downloaded: https://repo.maven.apache.org/maven2/commons-lang/commons-lang/2.6/commons-lang-2.6.jar (278 KB at 588.0 KB/sec)
392/562 KB                396/562 KB   400/562 KB   404/562 KB   408/562 KB   412/562 KB   416/562 KB   420/562 KB   424/562 KB   428/562 KB   432/562 KB   436/562 KB   440/562 KB   444/562 KB   448/562 KB   452/562 KB   456/562 KB   460/562 KB   464/562 KB   468/562 KB   472/562 KB   476/562 KB   480/562 KB   484/562 KB   488/562 KB   492/562 KB   496/562 KB   500/562 KB   504/562 KB   508/562 KB   512/562 KB   516/562 KB   520/562 KB   524/562 KB   528/562 KB   532/562 KB   536/562 KB   540/562 KB   544/562 KB   548/562 KB   552/562 KB   556/562 KB   560/562 KB   562/562 KB                Downloaded: https://repo.maven.apache.org/maven2/commons-collections/commons-collections/3.2.1/commons-collections-3.2.1.jar (562 KB at 1117.1 KB/sec)
[INFO] Copying collections-generic-4.01.jar to /var/lib/jenkins/workspace/searchengine/target/lib/collections-generic-4.01.jar
[INFO] Copying spring-web-4.3.2.RELEASE.jar to /var/lib/jenkins/workspace/searchengine/target/lib/spring-web-4.3.2.RELEASE.jar
[INFO] Copying mchange-commons-java-0.2.3.4.jar to /var/lib/jenkins/workspace/searchengine/target/lib/mchange-commons-java-0.2.3.4.jar
[INFO] Copying aopalliance-1.0.jar to /var/lib/jenkins/workspace/searchengine/target/lib/aopalliance-1.0.jar
[INFO] Copying mockito-all-1.9.5.jar to /var/lib/jenkins/workspace/searchengine/target/lib/mockito-all-1.9.5.jar
[INFO] Copying hibernate-jpa-2.1-api-1.0.0.Final.jar to /var/lib/jenkins/workspace/searchengine/target/lib/hibernate-jpa-2.1-api-1.0.0.Final.jar
[INFO] Copying jandex-1.1.0.Final.jar to /var/lib/jenkins/workspace/searchengine/target/lib/jandex-1.1.0.Final.jar
[INFO] Copying mysql-connector-java-5.1.6.jar to /var/lib/jenkins/workspace/searchengine/target/lib/mysql-connector-java-5.1.6.jar
[INFO] Copying xml-apis-1.0.b2.jar to /var/lib/jenkins/workspace/searchengine/target/lib/xml-apis-1.0.b2.jar
[INFO] Copying spring-context-4.3.2.RELEASE.jar to /var/lib/jenkins/workspace/searchengine/target/lib/spring-context-4.3.2.RELEASE.jar
[INFO] Copying jboss-logging-3.1.3.GA.jar to /var/lib/jenkins/workspace/searchengine/target/lib/jboss-logging-3.1.3.GA.jar
[INFO] Copying quick-json-1.0.4.jar to /var/lib/jenkins/workspace/searchengine/target/lib/quick-json-1.0.4.jar
[INFO] Copying antlr-2.7.7.jar to /var/lib/jenkins/workspace/searchengine/target/lib/antlr-2.7.7.jar
[INFO] Copying jung-algorithms-2.0.1.jar to /var/lib/jenkins/workspace/searchengine/target/lib/jung-algorithms-2.0.1.jar
[INFO] Copying javassist-3.18.1-GA.jar to /var/lib/jenkins/workspace/searchengine/target/lib/javassist-3.18.1-GA.jar
[INFO] Copying spring-webmvc-4.3.2.RELEASE.jar to /var/lib/jenkins/workspace/searchengine/target/lib/spring-webmvc-4.3.2.RELEASE.jar
[INFO] Copying hibernate-commons-annotations-4.0.5.Final.jar to /var/lib/jenkins/workspace/searchengine/target/lib/hibernate-commons-annotations-4.0.5.Final.jar
[INFO] Copying jsoup-1.8.1.jar to /var/lib/jenkins/workspace/searchengine/target/lib/jsoup-1.8.1.jar
[INFO] Copying spring-beans-4.3.2.RELEASE.jar to /var/lib/jenkins/workspace/searchengine/target/lib/spring-beans-4.3.2.RELEASE.jar
[INFO] Copying colt-1.2.0.jar to /var/lib/jenkins/workspace/searchengine/target/lib/colt-1.2.0.jar
[INFO] Copying log4j-1.2.14.jar to /var/lib/jenkins/workspace/searchengine/target/lib/log4j-1.2.14.jar
[INFO] Copying stax2-api-3.1.4.jar to /var/lib/jenkins/workspace/searchengine/target/lib/stax2-api-3.1.4.jar
[INFO] Copying jboss-logging-annotations-1.2.0.Beta1.jar to /var/lib/jenkins/workspace/searchengine/target/lib/jboss-logging-annotations-1.2.0.Beta1.jar
[INFO] Copying woodstox-core-asl-4.4.1.jar to /var/lib/jenkins/workspace/searchengine/target/lib/woodstox-core-asl-4.4.1.jar
[INFO] Copying jung-graph-impl-2.0.1.jar to /var/lib/jenkins/workspace/searchengine/target/lib/jung-graph-impl-2.0.1.jar
[INFO] Copying stax-api-1.0-2.jar to /var/lib/jenkins/workspace/searchengine/target/lib/stax-api-1.0-2.jar
[INFO] Copying commons-logging-1.1.3.jar to /var/lib/jenkins/workspace/searchengine/target/lib/commons-logging-1.1.3.jar
[INFO] Copying servlet-api-2.5.jar to /var/lib/jenkins/workspace/searchengine/target/lib/servlet-api-2.5.jar
[INFO] Copying jboss-transaction-api_1.2_spec-1.0.0.Final.jar to /var/lib/jenkins/workspace/searchengine/target/lib/jboss-transaction-api_1.2_spec-1.0.0.Final.jar
[INFO] Copying jung-api-2.0.1.jar to /var/lib/jenkins/workspace/searchengine/target/lib/jung-api-2.0.1.jar
[INFO] Copying concurrent-1.3.4.jar to /var/lib/jenkins/workspace/searchengine/target/lib/concurrent-1.3.4.jar
[INFO] Copying spring-expression-4.3.2.RELEASE.jar to /var/lib/jenkins/workspace/searchengine/target/lib/spring-expression-4.3.2.RELEASE.jar
[INFO] Copying c3p0-0.9.2.1.jar to /var/lib/jenkins/workspace/searchengine/target/lib/c3p0-0.9.2.1.jar
[INFO] Copying spring-core-4.3.2.RELEASE.jar to /var/lib/jenkins/workspace/searchengine/target/lib/spring-core-4.3.2.RELEASE.jar
[INFO] Copying c3p0-0.9.1.2.jar to /var/lib/jenkins/workspace/searchengine/target/lib/c3p0-0.9.1.2.jar
[INFO] Copying dom4j-1.6.1.jar to /var/lib/jenkins/workspace/searchengine/target/lib/dom4j-1.6.1.jar
[INFO] Copying spring-aop-4.3.2.RELEASE.jar to /var/lib/jenkins/workspace/searchengine/target/lib/spring-aop-4.3.2.RELEASE.jar
[INFO] Copying hibernate-core-4.3.10.Final.jar to /var/lib/jenkins/workspace/searchengine/target/lib/hibernate-core-4.3.10.Final.jar
[INFO] Copying hibernate-c3p0-4.3.10.Final.jar to /var/lib/jenkins/workspace/searchengine/target/lib/hibernate-c3p0-4.3.10.Final.jar
[INFO] 
[8mha:AAAAYB+LCAAAAAAAAP9b85aBtbiIQSmjNKU4P0+vJLE4u1gvPjexLDVPzxdEGvvmZ+X75ZekLlOVfvTjc8FPJgaGiiIGKaiG5Py84vycVD1nCA1SyAABjCCFBQCV27OjYAAAAA==[0m[INFO] --- maven-surefire-plugin:2.9:test (run-integration-test) @ SearchEngine ---
[INFO] Surefire report directory: /var/lib/jenkins/workspace/searchengine/target/surefire-reports

-------------------------------------------------------
 T E S T S
-------------------------------------------------------

-------------------------------------------------------
 T E S T S
-------------------------------------------------------
Running integration.ServiceImpl_get_unverified_pages_IntegrationTest
2016-08-28 03:37:58,399 WARN [com.mchange.v2.resourcepool.BasicResourcePool] - (C3P0PooledConnectionPoolManager[identityToken->z8kfsx9i1lhwaj4fm0byr|41fbdac4]-HelperThread-#0) com.mchange.v2.resourcepool.BasicResourcePool$ScatteredAcquireTask@9f977cf -- Acquisition Attempt Failed!!! Clearing pending acquires. While trying to acquire a needed new resource, we failed to succeed more than the maximum number of allowed acquisition attempts (30). Last acquisition attempt exception: 
java.sql.SQLException: Access denied for user 'se_test_user'@'localhost' (using password: YES)
	at com.mysql.jdbc.SQLError.createSQLException(SQLError.java:1055)
	at com.mysql.jdbc.SQLError.createSQLException(SQLError.java:956)
	at com.mysql.jdbc.MysqlIO.checkErrorPacket(MysqlIO.java:3491)
	at com.mysql.jdbc.MysqlIO.checkErrorPacket(MysqlIO.java:3423)
	at com.mysql.jdbc.MysqlIO.checkErrorPacket(MysqlIO.java:910)
	at com.mysql.jdbc.MysqlIO.secureAuth411(MysqlIO.java:3923)
	at com.mysql.jdbc.MysqlIO.doHandshake(MysqlIO.java:1273)
	at com.mysql.jdbc.ConnectionImpl.createNewIO(ConnectionImpl.java:2031)
	at com.mysql.jdbc.ConnectionImpl.<init>(ConnectionImpl.java:718)
	at com.mysql.jdbc.JDBC4Connection.<init>(JDBC4Connection.java:46)
	at sun.reflect.GeneratedConstructorAccessor4.newInstance(Unknown Source)
	at sun.reflect.DelegatingConstructorAccessorImpl.newInstance(DelegatingConstructorAccessorImpl.java:45)
	at java.lang.reflect.Constructor.newInstance(Constructor.java:423)
	at com.mysql.jdbc.Util.handleNewInstance(Util.java:406)
	at com.mysql.jdbc.ConnectionImpl.getInstance(ConnectionImpl.java:302)
	at com.mysql.jdbc.NonRegisteringDriver.connect(NonRegisteringDriver.java:282)
	at com.mchange.v2.c3p0.DriverManagerDataSource.getConnection(DriverManagerDataSource.java:146)
	at com.mchange.v2.c3p0.WrapperConnectionPoolDataSource.getPooledConnection(WrapperConnectionPoolDataSource.java:195)
	at com.mchange.v2.c3p0.WrapperConnectionPoolDataSource.getPooledConnection(WrapperConnectionPoolDataSource.java:184)
	at com.mchange.v2.c3p0.impl.C3P0PooledConnectionPool$1PooledConnectionResourcePoolManager.acquireResource(C3P0PooledConnectionPool.java:200)
	at com.mchange.v2.resourcepool.BasicResourcePool.doAcquire(BasicResourcePool.java:1086)
	at com.mchange.v2.resourcepool.BasicResourcePool.doAcquireAndDecrementPendingAcquiresWithinLockOnSuccess(BasicResourcePool.java:1073)
	at com.mchange.v2.resourcepool.BasicResourcePool.access$800(BasicResourcePool.java:44)
	at com.mchange.v2.resourcepool.BasicResourcePool$ScatteredAcquireTask.run(BasicResourcePool.java:1810)
	at com.mchange.v2.async.ThreadPoolAsynchronousRunner$PoolThread.run(ThreadPoolAsynchronousRunner.java:648)
2016-08-28 03:37:58,411 WARN [com.mchange.v2.resourcepool.BasicResourcePool] - (C3P0PooledConnectionPoolManager[identityToken->z8kfsx9i1lhwaj4fm0byr|41fbdac4]-HelperThread-#1) com.mchange.v2.resourcepool.BasicResourcePool$ScatteredAcquireTask@2d30cca -- Acquisition Attempt Failed!!! Clearing pending acquires. While trying to acquire a needed new resource, we failed to succeed more than the maximum number of allowed acquisition attempts (30). Last acquisition attempt exception: 
java.sql.SQLException: Access denied for user 'se_test_user'@'localhost' (using password: YES)
	at com.mysql.jdbc.SQLError.createSQLException(SQLError.java:1055)
	at com.mysql.jdbc.SQLError.createSQLException(SQLError.java:956)
	at com.mysql.jdbc.MysqlIO.checkErrorPacket(MysqlIO.java:3491)
	at com.mysql.jdbc.MysqlIO.checkErrorPacket(MysqlIO.java:3423)
	at com.mysql.jdbc.MysqlIO.checkErrorPacket(MysqlIO.java:910)
	at com.mysql.jdbc.MysqlIO.secureAuth411(MysqlIO.java:3923)
	at com.mysql.jdbc.MysqlIO.doHandshake(MysqlIO.java:1273)
	at com.mysql.jdbc.ConnectionImpl.createNewIO(ConnectionImpl.java:2031)
	at com.mysql.jdbc.ConnectionImpl.<init>(ConnectionImpl.java:718)
	at com.mysql.jdbc.JDBC4Connection.<init>(JDBC4Connection.java:46)
	at sun.reflect.GeneratedConstructorAccessor4.newInstance(Unknown Source)
	at sun.reflect.DelegatingConstructorAccessorImpl.newInstance(DelegatingConstructorAccessorImpl.java:45)
	at java.lang.reflect.Constructor.newInstance(Constructor.java:423)
	at com.mysql.jdbc.Util.handleNewInstance(Util.java:406)
	at com.mysql.jdbc.ConnectionImpl.getInstance(ConnectionImpl.java:302)
	at com.mysql.jdbc.NonRegisteringDriver.connect(NonRegisteringDriver.java:282)
	at com.mchange.v2.c3p0.DriverManagerDataSource.getConnection(DriverManagerDataSource.java:146)
	at com.mchange.v2.c3p0.WrapperConnectionPoolDataSource.getPooledConnection(WrapperConnectionPoolDataSource.java:195)
	at com.mchange.v2.c3p0.WrapperConnectionPoolDataSource.getPooledConnection(WrapperConnectionPoolDataSource.java:184)
	at com.mchange.v2.c3p0.impl.C3P0PooledConnectionPool$1PooledConnectionResourcePoolManager.acquireResource(C3P0PooledConnectionPool.java:200)
	at com.mchange.v2.resourcepool.BasicResourcePool.doAcquire(BasicResourcePool.java:1086)
	at com.mchange.v2.resourcepool.BasicResourcePool.doAcquireAndDecrementPendingAcquiresWithinLockOnSuccess(BasicResourcePool.java:1073)
	at com.mchange.v2.resourcepool.BasicResourcePool.access$800(BasicResourcePool.java:44)
	at com.mchange.v2.resourcepool.BasicResourcePool$ScatteredAcquireTask.run(BasicResourcePool.java:1810)
	at com.mchange.v2.async.ThreadPoolAsynchronousRunner$PoolThread.run(ThreadPoolAsynchronousRunner.java:648)
2016-08-28 03:37:58,414 WARN [com.mchange.v2.resourcepool.BasicResourcePool] - (C3P0PooledConnectionPoolManager[identityToken->z8kfsx9i1lhwaj4fm0byr|41fbdac4]-HelperThread-#1) Having failed to acquire a resource, com.mchange.v2.resourcepool.BasicResourcePool@8f4ea7c is interrupting all Threads waiting on a resource to check out. Will try again in response to new client requests.
2016-08-28 03:37:58,424 WARN [com.mchange.v2.resourcepool.BasicResourcePool] - (C3P0PooledConnectionPoolManager[identityToken->z8kfsx9i1lhwaj4fm0byr|41fbdac4]-HelperThread-#0) Having failed to acquire a resource, com.mchange.v2.resourcepool.BasicResourcePool@8f4ea7c is interrupting all Threads waiting on a resource to check out. Will try again in response to new client requests.
2016-08-28 03:37:58,428 WARN [com.mchange.v2.resourcepool.BasicResourcePool] - (C3P0PooledConnectionPoolManager[identityToken->z8kfsx9i1lhwaj4fm0byr|41fbdac4]-HelperThread-#1) com.mchange.v2.resourcepool.BasicResourcePool$ScatteredAcquireTask@c284870 -- Acquisition Attempt Failed!!! Clearing pending acquires. While trying to acquire a needed new resource, we failed to succeed more than the maximum number of allowed acquisition attempts (30). Last acquisition attempt exception: 
java.sql.SQLException: Access denied for user 'se_test_user'@'localhost' (using password: YES)
	at com.mysql.jdbc.SQLError.createSQLException(SQLError.java:1055)
	at com.mysql.jdbc.SQLError.createSQLException(SQLError.java:956)
	at com.mysql.jdbc.MysqlIO.checkErrorPacket(MysqlIO.java:3491)
	at com.mysql.jdbc.MysqlIO.checkErrorPacket(MysqlIO.java:3423)
	at com.mysql.jdbc.MysqlIO.checkErrorPacket(MysqlIO.java:910)
	at com.mysql.jdbc.MysqlIO.secureAuth411(MysqlIO.java:3923)
	at com.mysql.jdbc.MysqlIO.doHandshake(MysqlIO.java:1273)
	at com.mysql.jdbc.ConnectionImpl.createNewIO(ConnectionImpl.java:2031)
	at com.mysql.jdbc.ConnectionImpl.<init>(ConnectionImpl.java:718)
	at com.mysql.jdbc.JDBC4Connection.<init>(JDBC4Connection.java:46)
	at sun.reflect.GeneratedConstructorAccessor4.newInstance(Unknown Source)
	at sun.reflect.DelegatingConstructorAccessorImpl.newInstance(DelegatingConstructorAccessorImpl.java:45)
	at java.lang.reflect.Constructor.newInstance(Constructor.java:423)
	at com.mysql.jdbc.Util.handleNewInstance(Util.java:406)
	at com.mysql.jdbc.ConnectionImpl.getInstance(ConnectionImpl.java:302)
	at com.mysql.jdbc.NonRegisteringDriver.connect(NonRegisteringDriver.java:282)
	at com.mchange.v2.c3p0.DriverManagerDataSource.getConnection(DriverManagerDataSource.java:146)
	at com.mchange.v2.c3p0.WrapperConnectionPoolDataSource.getPooledConnection(WrapperConnectionPoolDataSource.java:195)
	at com.mchange.v2.c3p0.WrapperConnectionPoolDataSource.getPooledConnection(WrapperConnectionPoolDataSource.java:184)
	at com.mchange.v2.c3p0.impl.C3P0PooledConnectionPool$1PooledConnectionResourcePoolManager.acquireResource(C3P0PooledConnectionPool.java:200)
	at com.mchange.v2.resourcepool.BasicResourcePool.doAcquire(BasicResourcePool.java:1086)
	at com.mchange.v2.resourcepool.BasicResourcePool.doAcquireAndDecrementPendingAcquiresWithinLockOnSuccess(BasicResourcePool.java:1073)
	at com.mchange.v2.resourcepool.BasicResourcePool.access$800(BasicResourcePool.java:44)
	at com.mchange.v2.resourcepool.BasicResourcePool$ScatteredAcquireTask.run(BasicResourcePool.java:1810)
	at com.mchange.v2.async.ThreadPoolAsynchronousRunner$PoolThread.run(ThreadPoolAsynchronousRunner.java:648)
2016-08-28 03:37:58,435 WARN [com.mchange.v2.resourcepool.BasicResourcePool] - (C3P0PooledConnectionPoolManager[identityToken->z8kfsx9i1lhwaj4fm0byr|41fbdac4]-HelperThread-#1) Having failed to acquire a resource, com.mchange.v2.resourcepool.BasicResourcePool@8f4ea7c is interrupting all Threads waiting on a resource to check out. Will try again in response to new client requests.
2016-08-28 03:37:58,431 WARN [com.mchange.v2.resourcepool.BasicResourcePool] - (C3P0PooledConnectionPoolManager[identityToken->z8kfsx9i1lhwaj4fm0byr|41fbdac4]-HelperThread-#0) com.mchange.v2.resourcepool.BasicResourcePool$ScatteredAcquireTask@53743603 -- Acquisition Attempt Failed!!! Clearing pending acquires. While trying to acquire a needed new resource, we failed to succeed more than the maximum number of allowed acquisition attempts (30). Last acquisition attempt exception: 
java.sql.SQLException: Access denied for user 'se_test_user'@'localhost' (using password: YES)
	at com.mysql.jdbc.SQLError.createSQLException(SQLError.java:1055)
	at com.mysql.jdbc.SQLError.createSQLException(SQLError.java:956)
	at com.mysql.jdbc.MysqlIO.checkErrorPacket(MysqlIO.java:3491)
	at com.mysql.jdbc.MysqlIO.checkErrorPacket(MysqlIO.java:3423)
	at com.mysql.jdbc.MysqlIO.checkErrorPacket(MysqlIO.java:910)
	at com.mysql.jdbc.MysqlIO.secureAuth411(MysqlIO.java:3923)
	at com.mysql.jdbc.MysqlIO.doHandshake(MysqlIO.java:1273)
	at com.mysql.jdbc.ConnectionImpl.createNewIO(ConnectionImpl.java:2031)
	at com.mysql.jdbc.ConnectionImpl.<init>(ConnectionImpl.java:718)
	at com.mysql.jdbc.JDBC4Connection.<init>(JDBC4Connection.java:46)
	at sun.reflect.GeneratedConstructorAccessor4.newInstance(Unknown Source)
	at sun.reflect.DelegatingConstructorAccessorImpl.newInstance(DelegatingConstructorAccessorImpl.java:45)
	at java.lang.reflect.Constructor.newInstance(Constructor.java:423)
	at com.mysql.jdbc.Util.handleNewInstance(Util.java:406)
	at com.mysql.jdbc.ConnectionImpl.getInstance(ConnectionImpl.java:302)
	at com.mysql.jdbc.NonRegisteringDriver.connect(NonRegisteringDriver.java:282)
	at com.mchange.v2.c3p0.DriverManagerDataSource.getConnection(DriverManagerDataSource.java:146)
	at com.mchange.v2.c3p0.WrapperConnectionPoolDataSource.getPooledConnection(WrapperConnectionPoolDataSource.java:195)
	at com.mchange.v2.c3p0.WrapperConnectionPoolDataSource.getPooledConnection(WrapperConnectionPoolDataSource.java:184)
	at com.mchange.v2.c3p0.impl.C3P0PooledConnectionPool$1PooledConnectionResourcePoolManager.acquireResource(C3P0PooledConnectionPool.java:200)
	at com.mchange.v2.resourcepool.BasicResourcePool.doAcquire(BasicResourcePool.java:1086)
	at com.mchange.v2.resourcepool.BasicResourcePool.doAcquireAndDecrementPendingAcquiresWithinLockOnSuccess(BasicResourcePool.java:1073)
	at com.mchange.v2.resourcepool.BasicResourcePool.access$800(BasicResourcePool.java:44)
	at com.mchange.v2.resourcepool.BasicResourcePool$ScatteredAcquireTask.run(BasicResourcePool.java:1810)
	at com.mchange.v2.async.ThreadPoolAsynchronousRunner$PoolThread.run(ThreadPoolAsynchronousRunner.java:648)
2016-08-28 03:37:58,441 WARN [com.mchange.v2.resourcepool.BasicResourcePool] - (C3P0PooledConnectionPoolManager[identityToken->z8kfsx9i1lhwaj4fm0byr|41fbdac4]-HelperThread-#0) Having failed to acquire a resource, com.mchange.v2.resourcepool.BasicResourcePool@8f4ea7c is interrupting all Threads waiting on a resource to check out. Will try again in response to new client requests.
2016-08-28 03:37:58,453 WARN [org.hibernate.engine.jdbc.internal.JdbcServicesImpl] - (main) HHH000342: Could not obtain connection to query metadata : Connections could not be acquired from the underlying database!
2016-08-28 03:38:28,676 WARN [com.mchange.v2.resourcepool.BasicResourcePool] - (C3P0PooledConnectionPoolManager[identityToken->z8kfsx9i1lhwaj4fm0byr|41fbdac4]-HelperThread-#0) com.mchange.v2.resourcepool.BasicResourcePool$ScatteredAcquireTask@480654ef -- Acquisition Attempt Failed!!! Clearing pending acquires. While trying to acquire a needed new resource, we failed to succeed more than the maximum number of allowed acquisition attempts (30). Last acquisition attempt exception: 
java.sql.SQLException: Access denied for user 'se_test_user'@'localhost' (using password: YES)
	at com.mysql.jdbc.SQLError.createSQLException(SQLError.java:1055)
	at com.mysql.jdbc.SQLError.createSQLException(SQLError.java:956)
	at com.mysql.jdbc.MysqlIO.checkErrorPacket(MysqlIO.java:3491)
	at com.mysql.jdbc.MysqlIO.checkErrorPacket(MysqlIO.java:3423)
	at com.mysql.jdbc.MysqlIO.checkErrorPacket(MysqlIO.java:910)
	at com.mysql.jdbc.MysqlIO.secureAuth411(MysqlIO.java:3923)
	at com.mysql.jdbc.MysqlIO.doHandshake(MysqlIO.java:1273)
	at com.mysql.jdbc.ConnectionImpl.createNewIO(ConnectionImpl.java:2031)
	at com.mysql.jdbc.ConnectionImpl.<init>(ConnectionImpl.java:718)
	at com.mysql.jdbc.JDBC4Connection.<init>(JDBC4Connection.java:46)
	at sun.reflect.GeneratedConstructorAccessor4.newInstance(Unknown Source)
	at sun.reflect.DelegatingConstructorAccessorImpl.newInstance(DelegatingConstructorAccessorImpl.java:45)
	at java.lang.reflect.Constructor.newInstance(Constructor.java:423)
	at com.mysql.jdbc.Util.handleNewInstance(Util.java:406)
	at com.mysql.jdbc.ConnectionImpl.getInstance(ConnectionImpl.java:302)
	at com.mysql.jdbc.NonRegisteringDriver.connect(NonRegisteringDriver.java:282)
	at com.mchange.v2.c3p0.DriverManagerDataSource.getConnection(DriverManagerDataSource.java:146)
	at com.mchange.v2.c3p0.WrapperConnectionPoolDataSource.getPooledConnection(WrapperConnectionPoolDataSource.java:195)
	at com.mchange.v2.c3p0.WrapperConnectionPoolDataSource.getPooledConnection(WrapperConnectionPoolDataSource.java:184)
	at com.mchange.v2.c3p0.impl.C3P0PooledConnectionPool$1PooledConnectionResourcePoolManager.acquireResource(C3P0PooledConnectionPool.java:200)
	at com.mchange.v2.resourcepool.BasicResourcePool.doAcquire(BasicResourcePool.java:1086)
	at com.mchange.v2.resourcepool.BasicResourcePool.doAcquireAndDecrementPendingAcquiresWithinLockOnSuccess(BasicResourcePool.java:1073)
	at com.mchange.v2.resourcepool.BasicResourcePool.access$800(BasicResourcePool.java:44)
	at com.mchange.v2.resourcepool.BasicResourcePool$ScatteredAcquireTask.run(BasicResourcePool.java:1810)
	at com.mchange.v2.async.ThreadPoolAsynchronousRunner$PoolThread.run(ThreadPoolAsynchronousRunner.java:648)
2016-08-28 03:38:28,683 WARN [com.mchange.v2.resourcepool.BasicResourcePool] - (C3P0PooledConnectionPoolManager[identityToken->z8kfsx9i1lhwaj4fm0byr|41fbdac4]-HelperThread-#0) Having failed to acquire a resource, com.mchange.v2.resourcepool.BasicResourcePool@8f4ea7c is interrupting all Threads waiting on a resource to check out. Will try again in response to new client requests.
2016-08-28 03:38:28,678 WARN [com.mchange.v2.resourcepool.BasicResourcePool] - (C3P0PooledConnectionPoolManager[identityToken->z8kfsx9i1lhwaj4fm0byr|41fbdac4]-HelperThread-#1) com.mchange.v2.resourcepool.BasicResourcePool$ScatteredAcquireTask@733490b5 -- Acquisition Attempt Failed!!! Clearing pending acquires. While trying to acquire a needed new resource, we failed to succeed more than the maximum number of allowed acquisition attempts (30). Last acquisition attempt exception: 
java.sql.SQLException: Access denied for user 'se_test_user'@'localhost' (using password: YES)
	at com.mysql.jdbc.SQLError.createSQLException(SQLError.java:1055)
	at com.mysql.jdbc.SQLError.createSQLException(SQLError.java:956)
	at com.mysql.jdbc.MysqlIO.checkErrorPacket(MysqlIO.java:3491)
	at com.mysql.jdbc.MysqlIO.checkErrorPacket(MysqlIO.java:3423)
	at com.mysql.jdbc.MysqlIO.checkErrorPacket(MysqlIO.java:910)
	at com.mysql.jdbc.MysqlIO.secureAuth411(MysqlIO.java:3923)
	at com.mysql.jdbc.MysqlIO.doHandshake(MysqlIO.java:1273)
	at com.mysql.jdbc.ConnectionImpl.createNewIO(ConnectionImpl.java:2031)
	at com.mysql.jdbc.ConnectionImpl.<init>(ConnectionImpl.java:718)
	at com.mysql.jdbc.JDBC4Connection.<init>(JDBC4Connection.java:46)
	at sun.reflect.GeneratedConstructorAccessor4.newInstance(Unknown Source)
	at sun.reflect.DelegatingConstructorAccessorImpl.newInstance(DelegatingConstructorAccessorImpl.java:45)
	at java.lang.reflect.Constructor.newInstance(Constructor.java:423)
	at com.mysql.jdbc.Util.handleNewInstance(Util.java:406)
	at com.mysql.jdbc.ConnectionImpl.getInstance(ConnectionImpl.java:302)
	at com.mysql.jdbc.NonRegisteringDriver.connect(NonRegisteringDriver.java:282)
	at com.mchange.v2.c3p0.DriverManagerDataSource.getConnection(DriverManagerDataSource.java:146)
	at com.mchange.v2.c3p0.WrapperConnectionPoolDataSource.getPooledConnection(WrapperConnectionPoolDataSource.java:195)
	at com.mchange.v2.c3p0.WrapperConnectionPoolDataSource.getPooledConnection(WrapperConnectionPoolDataSource.java:184)
	at com.mchange.v2.c3p0.impl.C3P0PooledConnectionPool$1PooledConnectionResourcePoolManager.acquireResource(C3P0PooledConnectionPool.java:200)
	at com.mchange.v2.resourcepool.BasicResourcePool.doAcquire(BasicResourcePool.java:1086)
	at com.mchange.v2.resourcepool.BasicResourcePool.doAcquireAndDecrementPendingAcquiresWithinLockOnSuccess(BasicResourcePool.java:1073)
	at com.mchange.v2.resourcepool.BasicResourcePool.access$800(BasicResourcePool.java:44)
	at com.mchange.v2.resourcepool.BasicResourcePool$ScatteredAcquireTask.run(BasicResourcePool.java:1810)
	at com.mchange.v2.async.ThreadPoolAsynchronousRunner$PoolThread.run(ThreadPoolAsynchronousRunner.java:648)
2016-08-28 03:38:28,676 WARN [com.mchange.v2.resourcepool.BasicResourcePool] - (C3P0PooledConnectionPoolManager[identityToken->z8kfsx9i1lhwaj4fm0byr|41fbdac4]-HelperThread-#2) com.mchange.v2.resourcepool.BasicResourcePool$ScatteredAcquireTask@5664dd5d -- Acquisition Attempt Failed!!! Clearing pending acquires. While trying to acquire a needed new resource, we failed to succeed more than the maximum number of allowed acquisition attempts (30). Last acquisition attempt exception: 
java.sql.SQLException: Access denied for user 'se_test_user'@'localhost' (using password: YES)
	at com.mysql.jdbc.SQLError.createSQLException(SQLError.java:1055)
	at com.mysql.jdbc.SQLError.createSQLException(SQLError.java:956)
	at com.mysql.jdbc.MysqlIO.checkErrorPacket(MysqlIO.java:3491)
	at com.mysql.jdbc.MysqlIO.checkErrorPacket(MysqlIO.java:3423)
	at com.mysql.jdbc.MysqlIO.checkErrorPacket(MysqlIO.java:910)
	at com.mysql.jdbc.MysqlIO.secureAuth411(MysqlIO.java:3923)
	at com.mysql.jdbc.MysqlIO.doHandshake(MysqlIO.java:1273)
	at com.mysql.jdbc.ConnectionImpl.createNewIO(ConnectionImpl.java:2031)
	at com.mysql.jdbc.ConnectionImpl.<init>(ConnectionImpl.java:718)
	at com.mysql.jdbc.JDBC4Connection.<init>(JDBC4Connection.java:46)
	at sun.reflect.GeneratedConstructorAccessor4.newInstance(Unknown Source)
	at sun.reflect.DelegatingConstructorAccessorImpl.newInstance(DelegatingConstructorAccessorImpl.java:45)
	at java.lang.reflect.Constructor.newInstance(Constructor.java:423)
	at com.mysql.jdbc.Util.handleNewInstance(Util.java:406)
	at com.mysql.jdbc.ConnectionImpl.getInstance(ConnectionImpl.java:302)
	at com.mysql.jdbc.NonRegisteringDriver.connect(NonRegisteringDriver.java:282)
	at com.mchange.v2.c3p0.DriverManagerDataSource.getConnection(DriverManagerDataSource.java:146)
	at com.mchange.v2.c3p0.WrapperConnectionPoolDataSource.getPooledConnection(WrapperConnectionPoolDataSource.java:195)
	at com.mchange.v2.c3p0.WrapperConnectionPoolDataSource.getPooledConnection(WrapperConnectionPoolDataSource.java:184)
	at com.mchange.v2.c3p0.impl.C3P0PooledConnectionPool$1PooledConnectionResourcePoolManager.acquireResource(C3P0PooledConnectionPool.java:200)
	at com.mchange.v2.resourcepool.BasicResourcePool.doAcquire(BasicResourcePool.java:1086)
	at com.mchange.v2.resourcepool.BasicResourcePool.doAcquireAndDecrementPendingAcquiresWithinLockOnSuccess(BasicResourcePool.java:1073)
	at com.mchange.v2.resourcepool.BasicResourcePool.access$800(BasicResourcePool.java:44)
	at com.mchange.v2.resourcepool.BasicResourcePool$ScatteredAcquireTask.run(BasicResourcePool.java:1810)
	at com.mchange.v2.async.ThreadPoolAsynchronousRunner$PoolThread.run(ThreadPoolAsynchronousRunner.java:648)
2016-08-28 03:38:28,686 WARN [com.mchange.v2.resourcepool.BasicResourcePool] - (C3P0PooledConnectionPoolManager[identityToken->z8kfsx9i1lhwaj4fm0byr|41fbdac4]-HelperThread-#2) Having failed to acquire a resource, com.mchange.v2.resourcepool.BasicResourcePool@8f4ea7c is interrupting all Threads waiting on a resource to check out. Will try again in response to new client requests.
2016-08-28 03:38:28,686 WARN [com.mchange.v2.resourcepool.BasicResourcePool] - (C3P0PooledConnectionPoolManager[identityToken->z8kfsx9i1lhwaj4fm0byr|41fbdac4]-HelperThread-#1) Having failed to acquire a resource, com.mchange.v2.resourcepool.BasicResourcePool@8f4ea7c is interrupting all Threads waiting on a resource to check out. Will try again in response to new client requests.
2016-08-28 03:38:28,687 ERROR [org.hibernate.tool.hbm2ddl.SchemaExport] - (main) HHH000231: Schema export unsuccessful
java.sql.SQLException: Connections could not be acquired from the underlying database!
	at com.mchange.v2.sql.SqlUtils.toSQLException(SqlUtils.java:118)
	at com.mchange.v2.c3p0.impl.C3P0PooledConnectionPool.checkoutPooledConnection(C3P0PooledConnectionPool.java:689)
	at com.mchange.v2.c3p0.impl.AbstractPoolBackedDataSource.getConnection(AbstractPoolBackedDataSource.java:140)
	at org.hibernate.c3p0.internal.C3P0ConnectionProvider.getConnection(C3P0ConnectionProvider.java:90)
	at org.hibernate.tool.hbm2ddl.SuppliedConnectionProviderConnectionHelper.prepare(SuppliedConnectionProviderConnectionHelper.java:51)
	at org.hibernate.tool.hbm2ddl.DatabaseExporter.<init>(DatabaseExporter.java:52)
	at org.hibernate.tool.hbm2ddl.SchemaExport.execute(SchemaExport.java:368)
	at org.hibernate.tool.hbm2ddl.SchemaExport.create(SchemaExport.java:305)
	at org.hibernate.tool.hbm2ddl.SchemaExport.create(SchemaExport.java:294)
	at org.hibernate.internal.SessionFactoryImpl.<init>(SessionFactoryImpl.java:517)
	at org.hibernate.cfg.Configuration.buildSessionFactory(Configuration.java:1859)
	at com.jwm.ir.persistence.HibernateUtil.buildSessionFactory(HibernateUtil.java:34)
	at com.jwm.ir.persistence.HibernateUtil.<clinit>(HibernateUtil.java:17)
	at integration.DbTestBase.setup(DbTestBase.java:64)
	at sun.reflect.NativeMethodAccessorImpl.invoke0(Native Method)
	at sun.reflect.NativeMethodAccessorImpl.invoke(NativeMethodAccessorImpl.java:62)
	at sun.reflect.DelegatingMethodAccessorImpl.invoke(DelegatingMethodAccessorImpl.java:43)
	at java.lang.reflect.Method.invoke(Method.java:498)
	at org.junit.runners.model.FrameworkMethod$1.runReflectiveCall(FrameworkMethod.java:47)
	at org.junit.internal.runners.model.ReflectiveCallable.run(ReflectiveCallable.java:12)
	at org.junit.runners.model.FrameworkMethod.invokeExplosively(FrameworkMethod.java:44)
	at org.junit.internal.runners.statements.RunBefores.evaluate(RunBefores.java:24)
	at org.junit.runners.ParentRunner.runLeaf(ParentRunner.java:271)
	at org.junit.runners.BlockJUnit4ClassRunner.runChild(BlockJUnit4ClassRunner.java:70)
	at org.junit.runners.BlockJUnit4ClassRunner.runChild(BlockJUnit4ClassRunner.java:50)
	at org.junit.runners.ParentRunner$3.run(ParentRunner.java:238)
	at org.junit.runners.ParentRunner$1.schedule(ParentRunner.java:63)
	at org.junit.runners.ParentRunner.runChildren(ParentRunner.java:236)
	at org.junit.runners.ParentRunner.access$000(ParentRunner.java:53)
	at org.junit.runners.ParentRunner$2.evaluate(ParentRunner.java:229)
	at org.junit.runners.ParentRunner.run(ParentRunner.java:309)
	at org.apache.maven.surefire.junit4.JUnit4TestSet.execute(JUnit4TestSet.java:53)
	at org.apache.maven.surefire.junit4.JUnit4Provider.executeTestSet(JUnit4Provider.java:123)
	at org.apache.maven.surefire.junit4.JUnit4Provider.invoke(JUnit4Provider.java:104)
	at sun.reflect.NativeMethodAccessorImpl.invoke0(Native Method)
	at sun.reflect.NativeMethodAccessorImpl.invoke(NativeMethodAccessorImpl.java:62)
	at sun.reflect.DelegatingMethodAccessorImpl.invoke(DelegatingMethodAccessorImpl.java:43)
	at java.lang.reflect.Method.invoke(Method.java:498)
	at org.apache.maven.surefire.util.ReflectionUtils.invokeMethodWithArray(ReflectionUtils.java:164)
	at org.apache.maven.surefire.booter.ProviderFactory$ProviderProxy.invoke(ProviderFactory.java:110)
	at org.apache.maven.surefire.booter.SurefireStarter.invokeProvider(SurefireStarter.java:172)
	at org.apache.maven.surefire.booter.SurefireStarter.runSuitesInProcessWhenForked(SurefireStarter.java:78)
	at org.apache.maven.surefire.booter.ForkedBooter.main(ForkedBooter.java:70)
Caused by: com.mchange.v2.resourcepool.CannotAcquireResourceException: A ResourcePool could not acquire a resource from its primary factory or source.
	at com.mchange.v2.resourcepool.BasicResourcePool.awaitAvailable(BasicResourcePool.java:1418)
	at com.mchange.v2.resourcepool.BasicResourcePool.prelimCheckoutResource(BasicResourcePool.java:606)
	at com.mchange.v2.resourcepool.BasicResourcePool.checkoutResource(BasicResourcePool.java:526)
	at com.mchange.v2.c3p0.impl.C3P0PooledConnectionPool.checkoutAndMarkConnectionInUse(C3P0PooledConnectionPool.java:755)
	at com.mchange.v2.c3p0.impl.C3P0PooledConnectionPool.checkoutPooledConnection(C3P0PooledConnectionPool.java:682)
	... 41 more
2016-08-28 03:38:58,981 WARN [com.mchange.v2.resourcepool.BasicResourcePool] - (C3P0PooledConnectionPoolManager[identityToken->z8kfsx9i1lhwaj4fm0byr|41fbdac4]-HelperThread-#0) com.mchange.v2.resourcepool.BasicResourcePool$ScatteredAcquireTask@3ec0b93b -- Acquisition Attempt Failed!!! Clearing pending acquires. While trying to acquire a needed new resource, we failed to succeed more than the maximum number of allowed acquisition attempts (30). Last acquisition attempt exception: 
java.sql.SQLException: Access denied for user 'se_test_user'@'localhost' (using password: YES)
	at com.mysql.jdbc.SQLError.createSQLException(SQLError.java:1055)
	at com.mysql.jdbc.SQLError.createSQLException(SQLError.java:956)
	at com.mysql.jdbc.MysqlIO.checkErrorPacket(MysqlIO.java:3491)
	at com.mysql.jdbc.MysqlIO.checkErrorPacket(MysqlIO.java:3423)
	at com.mysql.jdbc.MysqlIO.checkErrorPacket(MysqlIO.java:910)
	at com.mysql.jdbc.MysqlIO.secureAuth411(MysqlIO.java:3923)
	at com.mysql.jdbc.MysqlIO.doHandshake(MysqlIO.java:1273)
	at com.mysql.jdbc.ConnectionImpl.createNewIO(ConnectionImpl.java:2031)
	at com.mysql.jdbc.ConnectionImpl.<init>(ConnectionImpl.java:718)
	at com.mysql.jdbc.JDBC4Connection.<init>(JDBC4Connection.java:46)
	at sun.reflect.GeneratedConstructorAccessor4.newInstance(Unknown Source)
	at sun.reflect.DelegatingConstructorAccessorImpl.newInstance(DelegatingConstructorAccessorImpl.java:45)
	at java.lang.reflect.Constructor.newInstance(Constructor.java:423)
	at com.mysql.jdbc.Util.handleNewInstance(Util.java:406)
	at com.mysql.jdbc.ConnectionImpl.getInstance(ConnectionImpl.java:302)
	at com.mysql.jdbc.NonRegisteringDriver.connect(NonRegisteringDriver.java:282)
	at com.mchange.v2.c3p0.DriverManagerDataSource.getConnection(DriverManagerDataSource.java:146)
	at com.mchange.v2.c3p0.WrapperConnectionPoolDataSource.getPooledConnection(WrapperConnectionPoolDataSource.java:195)
	at com.mchange.v2.c3p0.WrapperConnectionPoolDataSource.getPooledConnection(WrapperConnectionPoolDataSource.java:184)
	at com.mchange.v2.c3p0.impl.C3P0PooledConnectionPool$1PooledConnectionResourcePoolManager.acquireResource(C3P0PooledConnectionPool.java:200)
	at com.mchange.v2.resourcepool.BasicResourcePool.doAcquire(BasicResourcePool.java:1086)
	at com.mchange.v2.resourcepool.BasicResourcePool.doAcquireAndDecrementPendingAcquiresWithinLockOnSuccess(BasicResourcePool.java:1073)
	at com.mchange.v2.resourcepool.BasicResourcePool.access$800(BasicResourcePool.java:44)
	at com.mchange.v2.resourcepool.BasicResourcePool$ScatteredAcquireTask.run(BasicResourcePool.java:1810)
	at com.mchange.v2.async.ThreadPoolAsynchronousRunner$PoolThread.run(ThreadPoolAsynchronousRunner.java:648)
2016-08-28 03:38:58,989 WARN [com.mchange.v2.resourcepool.BasicResourcePool] - (C3P0PooledConnectionPoolManager[identityToken->z8kfsx9i1lhwaj4fm0byr|41fbdac4]-HelperThread-#0) Having failed to acquire a resource, com.mchange.v2.resourcepool.BasicResourcePool@8f4ea7c is interrupting all Threads waiting on a resource to check out. Will try again in response to new client requests.
2016-08-28 03:38:58,988 WARN [com.mchange.v2.resourcepool.BasicResourcePool] - (C3P0PooledConnectionPoolManager[identityToken->z8kfsx9i1lhwaj4fm0byr|41fbdac4]-HelperThread-#1) com.mchange.v2.resourcepool.BasicResourcePool$ScatteredAcquireTask@7c90d2ac -- Acquisition Attempt Failed!!! Clearing pending acquires. While trying to acquire a needed new resource, we failed to succeed more than the maximum number of allowed acquisition attempts (30). Last acquisition attempt exception: 
java.sql.SQLException: Access denied for user 'se_test_user'@'localhost' (using password: YES)
	at com.mysql.jdbc.SQLError.createSQLException(SQLError.java:1055)
	at com.mysql.jdbc.SQLError.createSQLException(SQLError.java:956)
	at com.mysql.jdbc.MysqlIO.checkErrorPacket(MysqlIO.java:3491)
	at com.mysql.jdbc.MysqlIO.checkErrorPacket(MysqlIO.java:3423)
	at com.mysql.jdbc.MysqlIO.checkErrorPacket(MysqlIO.java:910)
	at com.mysql.jdbc.MysqlIO.secureAuth411(MysqlIO.java:3923)
	at com.mysql.jdbc.MysqlIO.doHandshake(MysqlIO.java:1273)
	at com.mysql.jdbc.ConnectionImpl.createNewIO(ConnectionImpl.java:2031)
	at com.mysql.jdbc.ConnectionImpl.<init>(ConnectionImpl.java:718)
	at com.mysql.jdbc.JDBC4Connection.<init>(JDBC4Connection.java:46)
	at sun.reflect.GeneratedConstructorAccessor4.newInstance(Unknown Source)
	at sun.reflect.DelegatingConstructorAccessorImpl.newInstance(DelegatingConstructorAccessorImpl.java:45)
	at java.lang.reflect.Constructor.newInstance(Constructor.java:423)
	at com.mysql.jdbc.Util.handleNewInstance(Util.java:406)
	at com.mysql.jdbc.ConnectionImpl.getInstance(ConnectionImpl.java:302)
	at com.mysql.jdbc.NonRegisteringDriver.connect(NonRegisteringDriver.java:282)
	at com.mchange.v2.c3p0.DriverManagerDataSource.getConnection(DriverManagerDataSource.java:146)
	at com.mchange.v2.c3p0.WrapperConnectionPoolDataSource.getPooledConnection(WrapperConnectionPoolDataSource.java:195)
	at com.mchange.v2.c3p0.WrapperConnectionPoolDataSource.getPooledConnection(WrapperConnectionPoolDataSource.java:184)
	at com.mchange.v2.c3p0.impl.C3P0PooledConnectionPool$1PooledConnectionResourcePoolManager.acquireResource(C3P0PooledConnectionPool.java:200)
	at com.mchange.v2.resourcepool.BasicResourcePool.doAcquire(BasicResourcePool.java:1086)
	at com.mchange.v2.resourcepool.BasicResourcePool.doAcquireAndDecrementPendingAcquiresWithinLockOnSuccess(BasicResourcePool.java:1073)
	at com.mchange.v2.resourcepool.BasicResourcePool.access$800(BasicResourcePool.java:44)
	at com.mchange.v2.resourcepool.BasicResourcePool$ScatteredAcquireTask.run(BasicResourcePool.java:1810)
	at com.mchange.v2.async.ThreadPoolAsynchronousRunner$PoolThread.run(ThreadPoolAsynchronousRunner.java:648)
2016-08-28 03:38:58,997 WARN [com.mchange.v2.resourcepool.BasicResourcePool] - (C3P0PooledConnectionPoolManager[identityToken->z8kfsx9i1lhwaj4fm0byr|41fbdac4]-HelperThread-#1) Having failed to acquire a resource, com.mchange.v2.resourcepool.BasicResourcePool@8f4ea7c is interrupting all Threads waiting on a resource to check out. Will try again in response to new client requests.
2016-08-28 03:38:59,005 WARN [org.hibernate.engine.jdbc.spi.SqlExceptionHelper] - (main) SQL Error: 0, SQLState: null
2016-08-28 03:38:59,005 ERROR [org.hibernate.engine.jdbc.spi.SqlExceptionHelper] - (main) Connections could not be acquired from the underlying database!
Tests run: 1, Failures: 0, Errors: 1, Skipped: 0, Time elapsed: 92.92 sec <<< FAILURE!
Running integration.DomainRepositoryImpl_get_domain_exists_IntegrationTest
Build was aborted
Aborted by [8mha:AAAAlx+LCAAAAAAAAP9b85aBtbiIQTGjNKU4P08vOT+vOD8nVc83PyU1x6OyILUoJzMv2y+/JJUBAhiZGBgqihhk0NSjKDWzXb3RdlLBUSYGJk8GtpzUvPSSDB8G5tKinBIGIZ+sxLJE/ZzEvHT94JKizLx0a6BxUmjGOUNodHsLgAyWEgZu/dLi1CL9xJTczDwAZ3pnlMAAAAA=[0mjeff
Finished: ABORTED
